#
# A fatal error has been detected by the Java Runtime Environment:
#
#  SIGSEGV (0xb) at pc=0x000000011e93b511, pid=75818, tid=2571
#
# JRE version: Java(TM) SE Runtime Environment (8.0_45-b14) (build 1.8.0_45-b14)
# Java VM: Java HotSpot(TM) 64-Bit Server VM (25.45-b02 mixed mode bsd-amd64 compressed oops)
# Problematic frame:
# C  [libglass.dylib+0x15511]  GlassScreenDidChangeScreenParameters+0x21
#
# Failed to write core dump. Core dumps have been disabled. To enable core dumping, try "ulimit -c unlimited" before starting Java again
#
# If you would like to submit a bug report, please visit:
#   http://bugreport.java.com/bugreport/crash.jsp
#

---------------  T H R E A D  ---------------

Current thread is native thread

siginfo: si_signo: 11 (SIGSEGV), si_code: 1 (SEGV_MAPERR), si_addr: 0x0000000000000000

Registers:
RAX=0x000000011e96dac8, RBX=0x0000000000000000, RCX=0x0000000000000103, RDX=0x0000010000000100
RSP=0x00007fff59217a10, RBP=0x00007fff59217a20, RSI=0x00007fc0e2c07680, RDI=0x0000000000000000
R8 =0x0000000000000040, R9 =0x00007fff7616c1e0, R10=0xffffffffffffffff, R11=0x0000000000000246
R12=0x00007fc0e2ecd770, R13=0x00007fc0e2c74ee0, R14=0x00007fc0e2c74fa0, R15=0x0000000000000000
RIP=0x000000011e93b511, EFLAGS=0x0000000000010246, ERR=0x0000000000000004
  TRAPNO=0x000000000000000e

Top of Stack: (sp=0x00007fff59217a10)
0x00007fff59217a10:   00007fff59217a68 00007fc0e2c74fa0
0x00007fff59217a20:   00007fff59217a30 00007fff9181bbbc
0x00007fff59217a30:   00007fff59217a50 00007fff9181bb4f
0x00007fff59217a40:   0000000000000000 0000000000000000
0x00007fff59217a50:   00007fff59217ac0 00007fff9181bac7
0x00007fff59217a60:   00007fff91bdc6c0 00007fff761940a0
0x00007fff59217a70:   0000000042000000 00007fff9181bb10
0x00007fff59217a80:   00007fff769bc720 00007fc0e2c74ee0
0x00007fff59217a90:   00007fc0e2ecd770 00007fff59218268
0x00007fff59217aa0:   00007fff76ae9780 00007fff59218268
0x00007fff59217ab0:   00007fc0e2c74ee0 00007fff91bdb9e2
0x00007fff59217ac0:   00007fff59217b00 00007fff9181b832
0x00007fff59217ad0:   00007fff592180e0 0000000000000000
0x00007fff59217ae0:   00007fff76ae9780 00007fff59218268
0x00007fff59217af0:   00007fff86f8e4c0 00007fff91bdb9e2
0x00007fff59217b00:   00007fff59218210 00007fff917d85e2
0x00007fff59217b10:   00007fc0e2d0cc00 0000000000000002
0x00007fff59217b20:   0000000000000000 00007fc0e2c102e0
0x00007fff59217b30:   00007fc0e3805048 00007fc0e2e351b0
0x00007fff59217b40:   0000000000000000 00007fc0e2c75000
0x00007fff59217b50:   0000000000000000 0000000000000000
0x00007fff59217b60:   00007fff769f9bc0 00007fff592180e0
0x00007fff59217b70:   0000000000000001 0000000000000100
0x00007fff59217b80:   0000000107295000 00007fff59217fe0
0x00007fff59217b90:   0000000000000000 0000000000000100
0x00007fff59217ba0:   0000000000000400 00007fff76ae9780
0x00007fff59217bb0:   0000000000000000 00007fff769bd500
0x00007fff59217bc0:   00007fff76ae9780 0000000000000000
0x00007fff59217bd0:   00007fff769bd500 0000000000000410
0x00007fff59217be0:   00007fff59217c00 00007fff921cd1ab
0x00007fff59217bf0:   0000000000458801 00007fff74a462c0
0x00007fff59217c00:   0000000000458800 0000000086f94c91 

Instructions: (pc=0x000000011e93b511)
0x000000011e93b4f1:   48 89 e5 41 56 53 48 8d 05 c2 26 03 00 48 83 38
0x000000011e93b501:   00 48 89 fb 75 72 48 8d 05 ba 25 03 00 48 8b 30
0x000000011e93b511:   48 8b 03 48 8d 15 6c 9a 01 00 48 8d 0d 86 6f 01
0x000000011e93b521:   00 48 89 df ff 90 88 03 00 00 48 8d 0d 8e 26 03 

Register to memory mapping:

RAX=0x000000011e96dac8: jScreenClass+0 in /Library/Java/JavaVirtualMachines/jdk1.8.0_45.jdk/Contents/Home/jre/lib/libglass.dylib at 0x000000011e926000
RBX=0x0000000000000000 is an unknown value
RCX=0x0000000000000103 is an unknown value
RDX=0x0000010000000100 is an unknown value
RSP=0x00007fff59217a10 is an unknown value
RBP=0x00007fff59217a20 is an unknown value
RSI=0x00007fc0e2c07680 is a global jni handle
RDI=0x0000000000000000 is an unknown value
R8 =0x0000000000000040 is an unknown value
R9 =0x00007fff7616c1e0: __sFX+0x1c0 in /usr/lib/system/libsystem_c.dylib at 0x00007fff8d7fc000
R10=0xffffffffffffffff is an unknown value
R11=0x0000000000000246 is an unknown value
R12=0x00007fc0e2ecd770 is an unknown value
R13=0x00007fc0e2c74ee0 is an unknown value
R14=0x00007fc0e2c74fa0 is an unknown value
R15=0x0000000000000000 is an unknown value


Stack: [0x00007fff58a1b000,0x00007fff5921b000],  sp=0x00007fff59217a10,  free space=8178k
Native frames: (J=compiled Java code, j=interpreted, Vv=VM code, C=native code)
C  [libglass.dylib+0x15511]  GlassScreenDidChangeScreenParameters+0x21
C  [CoreFoundation+0xa0bbc]  __CFNOTIFICATIONCENTER_IS_CALLING_OUT_TO_AN_OBSERVER__+0xc
C  [CoreFoundation+0xa0b4f]  ___CFXRegistrationPost_block_invoke+0x3f
C  [CoreFoundation+0xa0ac7]  _CFXRegistrationPost+0x197
C  [CoreFoundation+0xa0832]  ___CFXNotificationPost_block_invoke+0x32
C  [CoreFoundation+0x5d5e2]  -[_CFXNotificationRegistrar find:object:observer:enumerator:]+0x782
C  [CoreFoundation+0x5c835]  _CFXNotificationPost+0x2b5
C  [Foundation+0x717a]  -[NSNotificationCenter postNotificationName:object:userInfo:]+0x42
C  [AppKit+0x41c08b]  -[NSApplication _reactToScreenInvalidationImmediately:]+0x17f
C  [AppKit+0x41bedc]  __44-[NSApplication _reactToScreenInvalidation:]_block_invoke+0x3b
C  [CoreFoundation+0xaa4ac]  __CFRUNLOOP_IS_CALLING_OUT_TO_A_BLOCK__+0xc
C  [CoreFoundation+0x89d05]  __CFRunLoopDoBlocks+0x155
C  [CoreFoundation+0x89a6b]  __CFRunLoopRun+0x92b
C  [CoreFoundation+0x88ed8]  CFRunLoopRunSpecific+0x128
C  [java+0x6490]  CreateExecutionEnvironment+0x367
C  [java+0x221c]  JLI_Launch+0x7a0
C  [java+0x84ed]  main+0x65
C  [java+0x1a74]  start+0x34


---------------  P R O C E S S  ---------------

VM state:not at safepoint (normal execution)

VM Mutex/Monitor currently owned by a thread: None

Heap:
 PSYoungGen      total 18944K, used 12840K [0x00000007aab00000, 0x00000007ac000000, 0x00000007c0000000)
  eden space 16384K, 62% used [0x00000007aab00000,0x00000007ab5101a8,0x00000007abb00000)
  from space 2560K, 99% used [0x00000007abd80000,0x00000007abffa130,0x00000007ac000000)
  to   space 2560K, 0% used [0x00000007abb00000,0x00000007abb00000,0x00000007abd80000)
 ParOldGen       total 44032K, used 2266K [0x0000000780000000, 0x0000000782b00000, 0x00000007aab00000)
  object space 44032K, 5% used [0x0000000780000000,0x00000007802368d0,0x0000000782b00000)
 Metaspace       used 19042K, capacity 20102K, committed 20224K, reserved 1067008K
  class space    used 2833K, capacity 3067K, committed 3072K, reserved 1048576K

Card table byte_map: [0x0000000118129000,0x000000011832a000] byte_map_base: 0x0000000114529000

Marking Bits: (ParMarkBitMap*) 0x00000001086c27a0
 Begin Bits: [0x0000000118480000, 0x0000000119480000)
 End Bits:   [0x0000000119480000, 0x000000011a480000)

Polling page: 0x0000000106e1b000

CodeCache: size=245760Kb used=4834Kb max_used=4845Kb free=240925Kb
 bounds [0x0000000108d69000, 0x0000000109229000, 0x0000000117d69000]
 total_blobs=2215 nmethods=1546 adapters=582
 compilation: enabled

Compilation events (10 events):
Event: 3.336 Thread 0x00007fc0e3089800 nmethod 1532 0x0000000109215550 code [0x0000000109215740, 0x00000001092161e8]
Event: 3.336 Thread 0x00007fc0e3089800 1534       3       java.nio.CharBuffer::arrayOffset (35 bytes)
Event: 3.336 Thread 0x00007fc0e3089800 nmethod 1534 0x0000000109216910 code [0x0000000109216aa0, 0x0000000109216db8]
Event: 3.336 Thread 0x00007fc0e3089800 1535       3       java.nio.charset.CoderResult::isUnderflow (13 bytes)
Event: 3.337 Thread 0x00007fc0e3089800 nmethod 1535 0x0000000109216f10 code [0x0000000109217080, 0x0000000109217230]
Event: 3.337 Thread 0x00007fc0e3089800 1533       3       java.lang.invoke.MemberName::isVarargs (23 bytes)
Event: 3.339 Thread 0x00007fc0e3089800 nmethod 1533 0x0000000109217290 code [0x0000000109217420, 0x0000000109217970]
Event: 3.339 Thread 0x00007fc0e3089800 1537       3       java.nio.Buffer::<init> (121 bytes)
Event: 3.340 Thread 0x00007fc0e3089800 nmethod 1537 0x0000000109217b10 code [0x0000000109217de0, 0x0000000109219268]
Event: 3.341 Thread 0x00007fc0e3089800 1538       3       sun.nio.cs.UTF_8$Encoder::encodeArrayLoop (489 bytes)

GC Heap History (4 events):
Event: 1.056 GC heap before
{Heap before GC invocations=1 (full 0):
 PSYoungGen      total 18944K, used 16384K [0x00000007aab00000, 0x00000007ac000000, 0x00000007c0000000)
  eden space 16384K, 100% used [0x00000007aab00000,0x00000007abb00000,0x00000007abb00000)
  from space 2560K, 0% used [0x00000007abd80000,0x00000007abd80000,0x00000007ac000000)
  to   space 2560K, 0% used [0x00000007abb00000,0x00000007abb00000,0x00000007abd80000)
 ParOldGen       total 44032K, used 0K [0x0000000780000000, 0x0000000782b00000, 0x00000007aab00000)
  object space 44032K, 0% used [0x0000000780000000,0x0000000780000000,0x0000000782b00000)
 Metaspace       used 8853K, capacity 9286K, committed 9600K, reserved 1056768K
  class space    used 1166K, capacity 1303K, committed 1408K, reserved 1048576K
Event: 1.061 GC heap after
Heap after GC invocations=1 (full 0):
 PSYoungGen      total 18944K, used 2528K [0x00000007aab00000, 0x00000007ac000000, 0x00000007c0000000)
  eden space 16384K, 0% used [0x00000007aab00000,0x00000007aab00000,0x00000007abb00000)
  from space 2560K, 98% used [0x00000007abb00000,0x00000007abd78040,0x00000007abd80000)
  to   space 2560K, 0% used [0x00000007abd80000,0x00000007abd80000,0x00000007ac000000)
 ParOldGen       total 44032K, used 56K [0x0000000780000000, 0x0000000782b00000, 0x00000007aab00000)
  object space 44032K, 0% used [0x0000000780000000,0x000000078000e000,0x0000000782b00000)
 Metaspace       used 8853K, capacity 9286K, committed 9600K, reserved 1056768K
  class space    used 1166K, capacity 1303K, committed 1408K, reserved 1048576K
}
Event: 2.696 GC heap before
{Heap before GC invocations=2 (full 0):
 PSYoungGen      total 18944K, used 18912K [0x00000007aab00000, 0x00000007ac000000, 0x00000007c0000000)
  eden space 16384K, 100% used [0x00000007aab00000,0x00000007abb00000,0x00000007abb00000)
  from space 2560K, 98% used [0x00000007abb00000,0x00000007abd78040,0x00000007abd80000)
  to   space 2560K, 0% used [0x00000007abd80000,0x00000007abd80000,0x00000007ac000000)
 ParOldGen       total 44032K, used 56K [0x0000000780000000, 0x0000000782b00000, 0x00000007aab00000)
  object space 44032K, 0% used [0x0000000780000000,0x000000078000e000,0x0000000782b00000)
 Metaspace       used 17089K, capacity 17824K, committed 18048K, reserved 1064960K
  class space    used 2466K, capacity 2654K, committed 2688K, reserved 1048576K
Event: 2.717 GC heap after
Heap after GC invocations=2 (full 0):
 PSYoungGen      total 18944K, used 2536K [0x00000007aab00000, 0x00000007ac000000, 0x00000007c0000000)
  eden space 16384K, 0% used [0x00000007aab00000,0x00000007aab00000,0x00000007abb00000)
  from space 2560K, 99% used [0x00000007abd80000,0x00000007abffa130,0x00000007ac000000)
  to   space 2560K, 0% used [0x00000007abb00000,0x00000007abb00000,0x00000007abd80000)
 ParOldGen       total 44032K, used 2266K [0x0000000780000000, 0x0000000782b00000, 0x00000007aab00000)
  object space 44032K, 5% used [0x0000000780000000,0x00000007802368d0,0x0000000782b00000)
 Metaspace       used 17089K, capacity 17824K, committed 18048K, reserved 1064960K
  class space    used 2466K, capacity 2654K, committed 2688K, reserved 1048576K
}

Deoptimization events (10 events):
Event: 2.561 Thread 0x00007fc0e3953000 Uncommon trap: reason=class_check action=maybe_recompile pc=0x0000000109105c2c method=javafx.scene.Scene.getWindow()Ljavafx/stage/Window; @ 18
Event: 2.563 Thread 0x00007fc0e3953000 Uncommon trap: reason=unstable_if action=reinterpret pc=0x0000000109108c44 method=javafx.scene.Scene.getEffectiveNodeOrientation()Ljavafx/geometry/NodeOrientation; @ 4
Event: 2.565 Thread 0x00007fc0e3953000 Uncommon trap: reason=class_check action=maybe_recompile pc=0x0000000109105c2c method=javafx.scene.Scene.getWindow()Ljavafx/stage/Window; @ 18
Event: 2.581 Thread 0x00007fc0e3953000 Uncommon trap: reason=class_check action=maybe_recompile pc=0x0000000109105c2c method=javafx.scene.Scene.getWindow()Ljavafx/stage/Window; @ 18
Event: 2.585 Thread 0x00007fc0e3953000 Uncommon trap: reason=class_check action=maybe_recompile pc=0x0000000109105c2c method=javafx.scene.Scene.getWindow()Ljavafx/stage/Window; @ 18
Event: 2.725 Thread 0x00007fc0e3953000 Uncommon trap: reason=unstable_if action=reinterpret pc=0x000000010910b6b8 method=javafx.scene.Scene.getWindow()Ljavafx/stage/Window; @ 4
Event: 2.725 Thread 0x00007fc0e3953000 Uncommon trap: reason=class_check action=maybe_recompile pc=0x00000001091064ac method=javafx.stage.Window.getScene()Ljavafx/scene/Scene; @ 7
Event: 2.726 Thread 0x00007fc0e3953000 Uncommon trap: reason=class_check action=maybe_recompile pc=0x00000001091064ac method=javafx.stage.Window.getScene()Ljavafx/scene/Scene; @ 7
Event: 2.726 Thread 0x00007fc0e3953000 Uncommon trap: reason=class_check action=maybe_recompile pc=0x00000001091064ac method=javafx.stage.Window.getScene()Ljavafx/scene/Scene; @ 7
Event: 2.726 Thread 0x00007fc0e3953000 Uncommon trap: reason=class_check action=maybe_recompile pc=0x00000001091064ac method=javafx.stage.Window.getScene()Ljavafx/scene/Scene; @ 7

Internal exceptions (10 events):
Event: 0.273 Thread 0x00007fc0e4001000 Exception <a 'java/lang/NullPointerException'> (0x00000007aadf9d88) thrown at [/Users/java_re/workspace/8-2-build-macosx-x86_64/jdk8u45/3457/hotspot/src/share/vm/interpreter/linkResolver.cpp, line 1178]
Event: 0.812 Thread 0x00007fc0e3953000 Exception <a 'java/lang/NullPointerException'> (0x00000007ab626fd8) thrown at [/Users/java_re/workspace/8-2-build-macosx-x86_64/jdk8u45/3457/hotspot/src/share/vm/interpreter/linkResolver.cpp, line 1178]
Event: 0.813 Thread 0x00007fc0e3953000 Exception <a 'java/lang/NullPointerException'> (0x00000007ab626fd8) thrown at [/Users/java_re/workspace/8-2-build-macosx-x86_64/jdk8u45/3457/hotspot/src/share/vm/prims/jvm.cpp, line 1386]
Event: 1.027 Thread 0x00007fc0e3953000 Implicit null exception at 0x0000000108facb75 to 0x0000000108facd6d
Event: 1.101 Thread 0x00007fc0e3953000 Implicit null exception at 0x0000000108f8bab5 to 0x0000000108f8be15
Event: 2.265 Thread 0x00007fc0e3953000 Exception <a 'java/io/FileNotFoundException'> (0x00000007ab60b5a0) thrown at [/Users/java_re/workspace/8-2-build-macosx-x86_64/jdk8u45/3457/hotspot/src/share/vm/prims/jni.cpp, line 709]
Event: 2.409 Thread 0x00007fc0e3953000 StackOverflowError at 0x0000000109100b80
Event: 2.410 Thread 0x00007fc0e3953000 Exception <a 'java/lang/StackOverflowError'> (0x00000007ab7cdd50) thrown at [/Users/java_re/workspace/8-2-build-macosx-x86_64/jdk8u45/3457/hotspot/src/share/vm/runtime/sharedRuntime.cpp, line 605]
Event: 2.725 Thread 0x00007fc0e3953000 Implicit null exception at 0x000000010910b3bf to 0x000000010910b6a9
Event: 3.332 Thread 0x00007fc0e4001000 Exception <a 'java/lang/reflect/InvocationTargetException'> (0x00000007ab3a1098) thrown at [/Users/java_re/workspace/8-2-build-macosx-x86_64/jdk8u45/3457/hotspot/src/share/vm/runtime/reflection.cpp, line 1080]

Events (10 events):
Event: 3.332 loading class com/sun/javafx/tk/quantum/QuantumToolkit done
Event: 3.332 Thread 0x00007fc0e4027000 Thread exited: 0x00007fc0e4027000
Event: 3.332 Thread 0x00007fc0e3179000 Thread exited: 0x00007fc0e3179000
Event: 3.332 loading class java/lang/Throwable$WrappedPrintStream
Event: 3.332 loading class java/lang/Throwable$PrintStreamOrWriter
Event: 3.333 loading class java/lang/Throwable$PrintStreamOrWriter done
Event: 3.333 loading class java/lang/Throwable$WrappedPrintStream done
Event: 3.333 loading class java/util/IdentityHashMap$KeySet
Event: 3.333 loading class java/util/IdentityHashMap$KeySet done
Event: 3.342 Thread 0x00007fc0e3953000 Thread exited: 0x00007fc0e3953000


Dynamic libraries:
0x00000000041fb000 	/System/Library/Frameworks/Cocoa.framework/Versions/A/Cocoa
0x0000000106a01000 	/System/Library/Frameworks/Security.framework/Versions/A/Security
0x00000000041fb000 	/System/Library/Frameworks/ApplicationServices.framework/Versions/A/ApplicationServices
0x00000000041fb000 	/usr/lib/libz.1.dylib
0x00000000041fb000 	/usr/lib/libSystem.B.dylib
0x00000000041fb000 	/usr/lib/libobjc.A.dylib
0x00000000041fb000 	/System/Library/Frameworks/CoreFoundation.framework/Versions/A/CoreFoundation
0x00000000041fb000 	/System/Library/Frameworks/Foundation.framework/Versions/C/Foundation
0x00000000041fb000 	/System/Library/Frameworks/AppKit.framework/Versions/C/AppKit
0x00000000041fb000 	/System/Library/Frameworks/CoreData.framework/Versions/A/CoreData
0x00000000041fb000 	/System/Library/PrivateFrameworks/RemoteViewServices.framework/Versions/A/RemoteViewServices
0x00000000041fb000 	/System/Library/PrivateFrameworks/UIFoundation.framework/Versions/A/UIFoundation
0x00000000041fb000 	/usr/lib/libScreenReader.dylib
0x00000000041fb000 	/System/Library/Frameworks/Accelerate.framework/Versions/A/Accelerate
0x00000000041fb000 	/System/Library/Frameworks/IOSurface.framework/Versions/A/IOSurface
0x00000000041fb000 	/System/Library/Frameworks/AudioToolbox.framework/Versions/A/AudioToolbox
0x00000000041fb000 	/System/Library/Frameworks/AudioUnit.framework/Versions/A/AudioUnit
0x00000000041fb000 	/System/Library/PrivateFrameworks/DataDetectorsCore.framework/Versions/A/DataDetectorsCore
0x00000000041fb000 	/System/Library/PrivateFrameworks/DesktopServicesPriv.framework/Versions/A/DesktopServicesPriv
0x00000000041fb000 	/System/Library/Frameworks/Carbon.framework/Versions/A/Frameworks/HIToolbox.framework/Versions/A/HIToolbox
0x00000000041fb000 	/System/Library/Frameworks/QuartzCore.framework/Versions/A/QuartzCore
0x00000000041fb000 	/System/Library/Frameworks/Carbon.framework/Versions/A/Frameworks/SpeechRecognition.framework/Versions/A/SpeechRecognition
0x00000000041fb000 	/usr/lib/libauto.dylib
0x00000000041fb000 	/usr/lib/libicucore.A.dylib
0x00000000041fb000 	/usr/lib/libxml2.2.dylib
0x00000000041fb000 	/System/Library/PrivateFrameworks/CoreUI.framework/Versions/A/CoreUI
0x00000000041fb000 	/System/Library/Frameworks/CoreAudio.framework/Versions/A/CoreAudio
0x00000000041fb000 	/System/Library/Frameworks/DiskArbitration.framework/Versions/A/DiskArbitration
0x00000000041fb000 	/usr/lib/liblangid.dylib
0x00000000041fb000 	/System/Library/PrivateFrameworks/MultitouchSupport.framework/Versions/A/MultitouchSupport
0x00000000041fb000 	/System/Library/Frameworks/IOKit.framework/Versions/A/IOKit
0x00000000041fb000 	/usr/lib/libDiagnosticMessagesClient.dylib
0x00000000041fb000 	/System/Library/Frameworks/CoreServices.framework/Versions/A/CoreServices
0x00000000041fb000 	/System/Library/PrivateFrameworks/PerformanceAnalysis.framework/Versions/A/PerformanceAnalysis
0x00000000041fb000 	/System/Library/PrivateFrameworks/GenerationalStorage.framework/Versions/A/GenerationalStorage
0x00000000041fb000 	/System/Library/Frameworks/OpenGL.framework/Versions/A/OpenGL
0x00000000041fb000 	/System/Library/PrivateFrameworks/Sharing.framework/Versions/A/Sharing
0x00000000041fb000 	/System/Library/Frameworks/CoreGraphics.framework/Versions/A/CoreGraphics
0x00000000041fb000 	/System/Library/Frameworks/CoreImage.framework/Versions/A/CoreImage
0x00000000041fb000 	/System/Library/Frameworks/CoreText.framework/Versions/A/CoreText
0x00000000041fb000 	/System/Library/Frameworks/ImageIO.framework/Versions/A/ImageIO
0x00000000041fb000 	/System/Library/PrivateFrameworks/Backup.framework/Versions/A/Backup
0x00000000041fb000 	/usr/lib/libextension.dylib
0x00000000041fb000 	/usr/lib/libarchive.2.dylib
0x0000000106e1c000 	/System/Library/Frameworks/CFNetwork.framework/Versions/A/CFNetwork
0x00000000041fb000 	/System/Library/Frameworks/SystemConfiguration.framework/Versions/A/SystemConfiguration
0x00000000041fb000 	/usr/lib/libCRFSuite.dylib
0x00000000041fb000 	/usr/lib/libc++.1.dylib
0x00000000041fb000 	/usr/lib/libc++abi.dylib
0x00000000041fb000 	/usr/lib/system/libcache.dylib
0x00000000041fb000 	/usr/lib/system/libcommonCrypto.dylib
0x00000000041fb000 	/usr/lib/system/libcompiler_rt.dylib
0x00000000041fb000 	/usr/lib/system/libcopyfile.dylib
0x00000000041fb000 	/usr/lib/system/libcorecrypto.dylib
0x00000000041fb000 	/usr/lib/system/libdispatch.dylib
0x00000000041fb000 	/usr/lib/system/libdyld.dylib
0x00000000041fb000 	/usr/lib/system/libkeymgr.dylib
0x000000010728e000 	/usr/lib/system/liblaunch.dylib
0x00000000041fb000 	/usr/lib/system/libmacho.dylib
0x00000000041fb000 	/usr/lib/system/libquarantine.dylib
0x00000000041fb000 	/usr/lib/system/libremovefile.dylib
0x00000000041fb000 	/usr/lib/system/libsystem_asl.dylib
0x00000000041fb000 	/usr/lib/system/libsystem_blocks.dylib
0x00000000041fb000 	/usr/lib/system/libsystem_c.dylib
0x00000000041fb000 	/usr/lib/system/libsystem_configuration.dylib
0x00000000041fb000 	/usr/lib/system/libsystem_coreservices.dylib
0x00000000041fb000 	/usr/lib/system/libsystem_coretls.dylib
0x00000000041fb000 	/usr/lib/system/libsystem_dnssd.dylib
0x00000000041fb000 	/usr/lib/system/libsystem_info.dylib
0x00000000041fb000 	/usr/lib/system/libsystem_kernel.dylib
0x00000000041fb000 	/usr/lib/system/libsystem_m.dylib
0x00000000041fb000 	/usr/lib/system/libsystem_malloc.dylib
0x00000000041fb000 	/usr/lib/system/libsystem_network.dylib
0x00000000041fb000 	/usr/lib/system/libsystem_networkextension.dylib
0x00000000041fb000 	/usr/lib/system/libsystem_notify.dylib
0x00000000041fb000 	/usr/lib/system/libsystem_platform.dylib
0x00000000041fb000 	/usr/lib/system/libsystem_pthread.dylib
0x0000000107297000 	/usr/lib/system/libsystem_sandbox.dylib
0x00000000041fb000 	/usr/lib/system/libsystem_secinit.dylib
0x00000000041fb000 	/usr/lib/system/libsystem_trace.dylib
0x00000000041fb000 	/usr/lib/system/libunc.dylib
0x00000000041fb000 	/usr/lib/system/libunwind.dylib
0x00000001072a6000 	/usr/lib/system/libxpc.dylib
0x00000000041fb000 	/usr/lib/libenergytrace.dylib
0x00000000041fb000 	/usr/lib/libbsm.0.dylib
0x00000000041fb000 	/usr/lib/system/libkxld.dylib
0x00000000041fb000 	/usr/lib/libxar.1.dylib
0x00000000041fb000 	/usr/lib/libsqlite3.dylib
0x00000000041fb000 	/usr/lib/libpam.2.dylib
0x00000000041fb000 	/usr/lib/libOpenScriptingUtil.dylib
0x00000000041fb000 	/usr/lib/libbz2.1.0.dylib
0x00000000041fb000 	/usr/lib/liblzma.5.dylib
0x00000000041fb000 	/System/Library/Frameworks/CoreServices.framework/Versions/A/Frameworks/FSEvents.framework/Versions/A/FSEvents
0x00000000041fb000 	/System/Library/Frameworks/CoreServices.framework/Versions/A/Frameworks/CarbonCore.framework/Versions/A/CarbonCore
0x00000000041fb000 	/System/Library/Frameworks/CoreServices.framework/Versions/A/Frameworks/Metadata.framework/Versions/A/Metadata
0x00000000041fb000 	/System/Library/Frameworks/CoreServices.framework/Versions/A/Frameworks/OSServices.framework/Versions/A/OSServices
0x00000000041fb000 	/System/Library/Frameworks/CoreServices.framework/Versions/A/Frameworks/SearchKit.framework/Versions/A/SearchKit
0x00000000041fb000 	/System/Library/Frameworks/CoreServices.framework/Versions/A/Frameworks/AE.framework/Versions/A/AE
0x00000000041fb000 	/System/Library/Frameworks/CoreServices.framework/Versions/A/Frameworks/LaunchServices.framework/Versions/A/LaunchServices
0x00000000041fb000 	/System/Library/Frameworks/CoreServices.framework/Versions/A/Frameworks/DictionaryServices.framework/Versions/A/DictionaryServices
0x00000000041fb000 	/System/Library/Frameworks/CoreServices.framework/Versions/A/Frameworks/SharedFileList.framework/Versions/A/SharedFileList
0x00000000041fb000 	/System/Library/Frameworks/NetFS.framework/Versions/A/NetFS
0x00000000041fb000 	/System/Library/PrivateFrameworks/NetAuth.framework/Versions/A/NetAuth
0x00000000041fb000 	/System/Library/PrivateFrameworks/login.framework/Versions/A/Frameworks/loginsupport.framework/Versions/A/loginsupport
0x00000000041fb000 	/System/Library/PrivateFrameworks/TCC.framework/Versions/A/TCC
0x00000000041fb000 	/usr/lib/libmecabra.dylib
0x00000000041fb000 	/System/Library/Frameworks/ApplicationServices.framework/Versions/A/Frameworks/ATS.framework/Versions/A/ATS
0x00000000041fb000 	/System/Library/Frameworks/ApplicationServices.framework/Versions/A/Frameworks/ColorSync.framework/Versions/A/ColorSync
0x00000000041fb000 	/System/Library/Frameworks/ApplicationServices.framework/Versions/A/Frameworks/HIServices.framework/Versions/A/HIServices
0x00000000041fb000 	/System/Library/Frameworks/ApplicationServices.framework/Versions/A/Frameworks/LangAnalysis.framework/Versions/A/LangAnalysis
0x00000000041fb000 	/System/Library/Frameworks/ApplicationServices.framework/Versions/A/Frameworks/PrintCore.framework/Versions/A/PrintCore
0x00000000041fb000 	/System/Library/Frameworks/ApplicationServices.framework/Versions/A/Frameworks/QD.framework/Versions/A/QD
0x00000000041fb000 	/System/Library/Frameworks/ApplicationServices.framework/Versions/A/Frameworks/SpeechSynthesis.framework/Versions/A/SpeechSynthesis
0x00000000041fb000 	/System/Library/Frameworks/Metal.framework/Versions/A/Metal
0x00000000041fb000 	/System/Library/Frameworks/Accelerate.framework/Versions/A/Frameworks/vImage.framework/Versions/A/vImage
0x00000000041fb000 	/System/Library/Frameworks/Accelerate.framework/Versions/A/Frameworks/vecLib.framework/Versions/A/vecLib
0x00000000041fb000 	/System/Library/Frameworks/Accelerate.framework/Versions/A/Frameworks/vecLib.framework/Versions/A/libvDSP.dylib
0x00000000041fb000 	/System/Library/Frameworks/Accelerate.framework/Versions/A/Frameworks/vecLib.framework/Versions/A/libvMisc.dylib
0x00000000041fb000 	/System/Library/Frameworks/Accelerate.framework/Versions/A/Frameworks/vecLib.framework/Versions/A/libLAPACK.dylib
0x00000000041fb000 	/System/Library/Frameworks/Accelerate.framework/Versions/A/Frameworks/vecLib.framework/Versions/A/libBLAS.dylib
0x00000000041fb000 	/System/Library/Frameworks/Accelerate.framework/Versions/A/Frameworks/vecLib.framework/Versions/A/libLinearAlgebra.dylib
0x00000000041fb000 	/System/Library/Frameworks/Accelerate.framework/Versions/A/Frameworks/vecLib.framework/Versions/A/libSparseBLAS.dylib
0x00000000041fb000 	/System/Library/PrivateFrameworks/GPUCompiler.framework/libmetal_timestamp.dylib
0x00000000041fb000 	/System/Library/Frameworks/OpenGL.framework/Versions/A/Libraries/libCoreFSCache.dylib
0x00000000041fb000 	/System/Library/PrivateFrameworks/IOAccelerator.framework/Versions/A/IOAccelerator
0x00000000041fb000 	/System/Library/Frameworks/ApplicationServices.framework/Versions/A/Frameworks/ATS.framework/Versions/A/Resources/libFontParser.dylib
0x00000000041fb000 	/System/Library/Frameworks/ApplicationServices.framework/Versions/A/Frameworks/ATS.framework/Versions/A/Resources/libFontRegistry.dylib
0x00000000041fb000 	/System/Library/PrivateFrameworks/AppleVPA.framework/Versions/A/AppleVPA
0x00000000041fb000 	/System/Library/PrivateFrameworks/AppleJPEG.framework/Versions/A/AppleJPEG
0x00000000041fb000 	/System/Library/Frameworks/ImageIO.framework/Versions/A/Resources/libJPEG.dylib
0x00000000041fb000 	/System/Library/Frameworks/ImageIO.framework/Versions/A/Resources/libTIFF.dylib
0x00000000041fb000 	/System/Library/Frameworks/ImageIO.framework/Versions/A/Resources/libPng.dylib
0x00000000041fb000 	/System/Library/Frameworks/ImageIO.framework/Versions/A/Resources/libGIF.dylib
0x00000000041fb000 	/System/Library/Frameworks/ImageIO.framework/Versions/A/Resources/libJP2.dylib
0x00000000041fb000 	/System/Library/Frameworks/ImageIO.framework/Versions/A/Resources/libRadiance.dylib
0x00000000041fb000 	/System/Library/Frameworks/CoreVideo.framework/Versions/A/CoreVideo
0x00000000041fb000 	/System/Library/Frameworks/OpenGL.framework/Versions/A/Libraries/libGLU.dylib
0x00000000041fb000 	/System/Library/Frameworks/OpenGL.framework/Versions/A/Libraries/libGFXShared.dylib
0x00000000041fb000 	/System/Library/Frameworks/OpenGL.framework/Versions/A/Libraries/libGL.dylib
0x00000000041fb000 	/System/Library/Frameworks/OpenGL.framework/Versions/A/Libraries/libGLImage.dylib
0x00000000041fb000 	/System/Library/Frameworks/OpenGL.framework/Versions/A/Libraries/libCVMSPluginSupport.dylib
0x00000000041fb000 	/System/Library/Frameworks/OpenGL.framework/Versions/A/Libraries/libCoreVMClient.dylib
0x00000000041fb000 	/usr/lib/libcompression.dylib
0x00000000041fb000 	/usr/lib/libcups.2.dylib
0x00000000041fb000 	/System/Library/Frameworks/Kerberos.framework/Versions/A/Kerberos
0x00000000041fb000 	/System/Library/Frameworks/GSS.framework/Versions/A/GSS
0x00000000041fb000 	/usr/lib/libresolv.9.dylib
0x00000000041fb000 	/usr/lib/libiconv.2.dylib
0x00000000041fb000 	/System/Library/PrivateFrameworks/Heimdal.framework/Versions/A/Heimdal
0x00000000041fb000 	/usr/lib/libheimdal-asn1.dylib
0x00000000041fb000 	/System/Library/Frameworks/OpenDirectory.framework/Versions/A/OpenDirectory
0x00000000041fb000 	/System/Library/PrivateFrameworks/CommonAuth.framework/Versions/A/CommonAuth
0x00000000041fb000 	/System/Library/Frameworks/OpenDirectory.framework/Versions/A/Frameworks/CFOpenDirectory.framework/Versions/A/CFOpenDirectory
0x00000000041fb000 	/System/Library/Frameworks/SecurityFoundation.framework/Versions/A/SecurityFoundation
0x00000000041fb000 	/System/Library/PrivateFrameworks/LanguageModeling.framework/Versions/A/LanguageModeling
0x00000000041fb000 	/usr/lib/libmarisa.dylib
0x00000000041fb000 	/usr/lib/libChineseTokenizer.dylib
0x00000000041fb000 	/usr/lib/libcmph.dylib
0x00000001072f2000 	/System/Library/Frameworks/ServiceManagement.framework/Versions/A/ServiceManagement
0x00000000041fb000 	/usr/lib/libxslt.1.dylib
0x00000000041fb000 	/System/Library/Frameworks/Carbon.framework/Versions/A/Frameworks/Ink.framework/Versions/A/Ink
0x00000000041fb000 	/usr/lib/libFosl_dynamic.dylib
0x00000000041fb000 	/System/Library/PrivateFrameworks/FaceCore.framework/Versions/A/FaceCore
0x00000000041fb000 	/System/Library/Frameworks/OpenCL.framework/Versions/A/OpenCL
0x00000000041fb000 	/System/Library/PrivateFrameworks/CrashReporterSupport.framework/Versions/A/CrashReporterSupport
0x00000000041fb000 	/System/Library/PrivateFrameworks/IconServices.framework/Versions/A/IconServices
0x00000000041fb000 	/System/Library/PrivateFrameworks/Apple80211.framework/Versions/A/Apple80211
0x00000000041fb000 	/System/Library/Frameworks/CoreWLAN.framework/Versions/A/CoreWLAN
0x00000000041fb000 	/System/Library/Frameworks/IOBluetooth.framework/Versions/A/IOBluetooth
0x00000000041fb000 	/System/Library/PrivateFrameworks/CoreWiFi.framework/Versions/A/CoreWiFi
0x00000000041fb000 	/System/Library/Frameworks/CoreBluetooth.framework/Versions/A/CoreBluetooth
0x00000000041fb000 	/System/Library/PrivateFrameworks/ChunkingLibrary.framework/Versions/A/ChunkingLibrary
0x00000000041fb000 	/System/Library/PrivateFrameworks/DebugSymbols.framework/Versions/A/DebugSymbols
0x00000000041fb000 	/System/Library/PrivateFrameworks/CoreSymbolication.framework/Versions/A/CoreSymbolication
0x00000000041fb000 	/System/Library/PrivateFrameworks/Symbolication.framework/Versions/A/Symbolication
0x00000000041fb000 	/System/Library/PrivateFrameworks/SpeechRecognitionCore.framework/Versions/A/SpeechRecognitionCore
0x0000000107e00000 	/Library/Java/JavaVirtualMachines/jdk1.8.0_45.jdk/Contents/Home/jre/lib/server/libjvm.dylib
0x00000000041fb000 	/usr/lib/libstdc++.6.dylib
0x0000000107557000 	/Library/Java/JavaVirtualMachines/jdk1.8.0_45.jdk/Contents/Home/jre/lib/libverify.dylib
0x0000000107565000 	/Library/Java/JavaVirtualMachines/jdk1.8.0_45.jdk/Contents/Home/jre/lib/libjava.dylib
0x00000001075a2000 	/Library/Java/JavaVirtualMachines/jdk1.8.0_45.jdk/Contents/Home/jre/lib/libzip.dylib
0x000000011c126000 	/System/Library/Frameworks/JavaVM.framework/Frameworks/JavaRuntimeSupport.framework/JavaRuntimeSupport
0x00000001075e7000 	/System/Library/Frameworks/JavaVM.framework/Versions/A/Frameworks/JavaNativeFoundation.framework/Versions/A/JavaNativeFoundation
0x000000011c141000 	/System/Library/Frameworks/JavaVM.framework/Versions/A/JavaVM
0x00000000041fb000 	/System/Library/Frameworks/Carbon.framework/Versions/A/Carbon
0x000000011c14e000 	/System/Library/PrivateFrameworks/JavaLaunching.framework/Versions/A/JavaLaunching
0x00000000041fb000 	/System/Library/Frameworks/Carbon.framework/Versions/A/Frameworks/CommonPanels.framework/Versions/A/CommonPanels
0x00000000041fb000 	/System/Library/Frameworks/Carbon.framework/Versions/A/Frameworks/Help.framework/Versions/A/Help
0x00000000041fb000 	/System/Library/Frameworks/Carbon.framework/Versions/A/Frameworks/ImageCapture.framework/Versions/A/ImageCapture
0x00000000041fb000 	/System/Library/Frameworks/Carbon.framework/Versions/A/Frameworks/OpenScripting.framework/Versions/A/OpenScripting
0x00000000041fb000 	/System/Library/Frameworks/Carbon.framework/Versions/A/Frameworks/Print.framework/Versions/A/Print
0x00000000041fb000 	/System/Library/Frameworks/Carbon.framework/Versions/A/Frameworks/SecurityHI.framework/Versions/A/SecurityHI
0x000000011db07000 	/Library/Java/JavaVirtualMachines/jdk1.8.0_45.jdk/Contents/Home/jre/lib/libprism_es2.dylib
0x000000011db88000 	/System/Library/Frameworks/OpenGL.framework/Resources/GLEngine.bundle/GLEngine
0x00000000041fb000 	/System/Library/Frameworks/OpenGL.framework/Versions/A/Libraries/libGLProgrammability.dylib
0x000000011dd70000 	/System/Library/Extensions/AppleIntelHD5000GraphicsGLDriver.bundle/Contents/MacOS/AppleIntelHD5000GraphicsGLDriver
0x00000000041fb000 	/System/Library/PrivateFrameworks/GPUSupport.framework/Versions/A/Libraries/libGPUSupportMercury.dylib
0x000000011e4c3000 	/System/Library/Frameworks/OpenGL.framework/Resources//GLRendererFloat.bundle/GLRendererFloat
0x00000000041fb000 	/System/Library/Frameworks/OpenCL.framework/Versions/A/Libraries/libcldcpuengine.dylib
0x00000000041fb000 	/System/Library/PrivateFrameworks/DiskImages.framework/Versions/A/DiskImages
0x00000000041fb000 	/System/Library/Frameworks/DiscRecording.framework/Versions/A/DiscRecording
0x00000000041fb000 	/usr/lib/libcsfde.dylib
0x00000000041fb000 	/usr/lib/libcurl.4.dylib
0x00000000041fb000 	/System/Library/PrivateFrameworks/MediaKit.framework/Versions/A/MediaKit
0x00000000041fb000 	/System/Library/PrivateFrameworks/ProtectedCloudStorage.framework/Versions/A/ProtectedCloudStorage
0x00000000041fb000 	/usr/lib/libCoreStorage.dylib
0x00000000041fb000 	/System/Library/PrivateFrameworks/EFILogin.framework/Versions/A/EFILogin
0x00000000041fb000 	/usr/lib/libutil.dylib
0x00000000041fb000 	/System/Library/PrivateFrameworks/FindMyDevice.framework/Versions/A/FindMyDevice
0x00000000041fb000 	/System/Library/Frameworks/LDAP.framework/Versions/A/LDAP
0x00000000041fb000 	/usr/lib/libsasl2.2.dylib
0x00000000041fb000 	/System/Library/PrivateFrameworks/CoreDaemon.framework/Versions/B/CoreDaemon
0x00000000041fb000 	/usr/lib/libcrypto.0.9.8.dylib
0x00000000041fb000 	/System/Library/PrivateFrameworks/AppleSRP.framework/Versions/A/AppleSRP
0x00000000041fb000 	/System/Library/PrivateFrameworks/TrustEvaluationAgent.framework/Versions/A/TrustEvaluationAgent
0x000000011e926000 	/Library/Java/JavaVirtualMachines/jdk1.8.0_45.jdk/Contents/Home/jre/lib/libglass.dylib
0x00000000041fb000 	/System/Library/PrivateFrameworks/CoreServicesInternal.framework/Versions/A/CoreServicesInternal
0x000000011ed6f000 	/System/Library/CoreServices/RawCamera.bundle/Contents/MacOS/RawCamera
0x00000000041fb000 	/System/Library/Frameworks/CoreGraphics.framework/Versions/A/Resources/libRIP.A.dylib
0x000000011f18d000 	/System/Library/Frameworks/Accelerate.framework/Frameworks/vImage.framework/Versions/A/Libraries/libCGInterfaces.dylib
0x00000000041fb000 	/System/Library/PrivateFrameworks/FamilyControls.framework/Versions/A/FamilyControls
0x00000000041fb000 	/System/Library/PrivateFrameworks/CommerceKit.framework/Versions/A/Frameworks/CommerceCore.framework/Versions/A/CommerceCore
0x00000000041fb000 	/System/Library/PrivateFrameworks/SystemAdministration.framework/Versions/A/SystemAdministration
0x00000000041fb000 	/System/Library/PrivateFrameworks/AppContainer.framework/Versions/A/AppContainer
0x00000000041fb000 	/System/Library/PrivateFrameworks/SecCodeWrapper.framework/Versions/A/SecCodeWrapper
0x00000000041fb000 	/System/Library/Frameworks/DirectoryService.framework/Versions/A/DirectoryService
0x00000000041fb000 	/System/Library/PrivateFrameworks/LoginUIKit.framework/Versions/A/Frameworks/LoginUICore.framework/Versions/A/LoginUICore
0x00000000041fb000 	/usr/lib/libodfde.dylib
0x000000012144f000 	/Library/Java/JavaVirtualMachines/jdk1.8.0_45.jdk/Contents/Home/jre/lib/libjavafx_font.dylib
0x00000000041fb000 	/System/Library/Frameworks/CoreGraphics.framework/Versions/A/Resources/libCGXType.A.dylib
0x000000011f37d000 	/Library/Java/JavaVirtualMachines/jdk1.8.0_45.jdk/Contents/Home/jre/lib/libprism_common.dylib
0x000000012280d000 	/System/Library/Extensions/AppleIntelHD5000GraphicsMTLDriver.bundle/Contents/MacOS/AppleIntelHD5000GraphicsMTLDriver

VM Arguments:
jvm_args: -Dfile.encoding=UTF-8 
java_command: regioeditor.RegioEditor
java_class_path (initial): /Users/samuelchen/Documents/cse 219 hw/SimpleAppFramework/build/classes:/Users/samuelchen/Documents/cse 219 hw/javax.json-1.0.4.jar:/Users/samuelchen/Documents/cse 219 hw/PropertiesManager/build/classes:/Users/samuelchen/Documents/cse 219 hw/XMLUtilities/build/classes:/Users/samuelchen/NetBeansProjects/RegioEditor/build/classes
Launcher Type: SUN_STANDARD

Environment Variables:
PATH=/usr/bin:/bin:/usr/sbin:/sbin
LD_LIBRARY_PATH=/Library/Java/JavaVirtualMachines/jdk1.8.0_45.jdk/Contents/Home/jre/lib/amd64:/Library/Java/JavaVirtualMachines/jdk1.8.0_45.jdk/Contents/Home/jre/lib/i386:
SHELL=/bin/bash

Signal Handlers:
SIGSEGV: [libjvm.dylib+0x58ef95], sa_mask[0]=11111111011111110111111111111111, sa_flags=SA_ONSTACK|SA_RESTART|SA_SIGINFO
SIGBUS: [libjvm.dylib+0x58ef95], sa_mask[0]=11111111011111110111111111111111, sa_flags=SA_RESTART|SA_SIGINFO
SIGFPE: [libjvm.dylib+0x46c108], sa_mask[0]=11111111011111110111111111111111, sa_flags=SA_RESTART|SA_SIGINFO
SIGPIPE: [libjvm.dylib+0x46c108], sa_mask[0]=11111111011111110111111111111111, sa_flags=SA_RESTART|SA_SIGINFO
SIGXFSZ: [libjvm.dylib+0x46c108], sa_mask[0]=11111111011111110111111111111111, sa_flags=SA_RESTART|SA_SIGINFO
SIGILL: [libjvm.dylib+0x46c108], sa_mask[0]=11111111011111110111111111111111, sa_flags=SA_RESTART|SA_SIGINFO
SIGUSR1: SIG_DFL, sa_mask[0]=00000000000000000000000000000000, sa_flags=none
SIGUSR2: [libjvm.dylib+0x46bc26], sa_mask[0]=00100000000000000000000000000000, sa_flags=SA_RESTART|SA_SIGINFO
SIGHUP: [libjvm.dylib+0x46a1f9], sa_mask[0]=11111111011111110111111111111111, sa_flags=SA_RESTART|SA_SIGINFO
SIGINT: SIG_IGN, sa_mask[0]=00000000000000000000000000000000, sa_flags=none
SIGTERM: [libjvm.dylib+0x46a1f9], sa_mask[0]=11111111011111110111111111111111, sa_flags=SA_RESTART|SA_SIGINFO
SIGQUIT: [libjvm.dylib+0x46a1f9], sa_mask[0]=11111111011111110111111111111111, sa_flags=SA_RESTART|SA_SIGINFO


---------------  S Y S T E M  ---------------

OS:Bsduname:Darwin 15.5.0 Darwin Kernel Version 15.5.0: Tue Apr 19 18:36:36 PDT 2016; root:xnu-3248.50.21~8/RELEASE_X86_64 x86_64
rlimit: STACK 8192k, CORE 0k, NPROC 709, NOFILE 10240, AS infinity
load average:1.89 1.73 1.75

CPU:total 4 (2 cores per cpu, 2 threads per core) family 6 model 69 stepping 1, cmov, cx8, fxsr, mmx, sse, sse2, sse3, ssse3, sse4.1, sse4.2, popcnt, avx, avx2, aes, clmul, erms, lzcnt, ht, tsc, tscinvbit, bmi1, bmi2

Memory: 4k page, physical 4194304k(33324k free)

/proc/meminfo:


vm_info: Java HotSpot(TM) 64-Bit Server VM (25.45-b02) for bsd-amd64 JRE (1.8.0_45-b14), built on Apr 10 2015 10:46:38 by "java_re" with gcc 4.2.1 (Based on Apple Inc. build 5658) (LLVM build 2336.11.00)

time: Wed Jun 29 11:58:40 2016
elapsed time: 3 seconds (0d 0h 0m 3s)

