#
# A fatal error has been detected by the Java Runtime Environment:
#
#  SIGSEGV (0xb) at pc=0x000000012738458d, pid=16078, tid=2571
#
# JRE version: Java(TM) SE Runtime Environment (8.0_45-b14) (build 1.8.0_45-b14)
# Java VM: Java HotSpot(TM) 64-Bit Server VM (25.45-b02 mixed mode bsd-amd64 compressed oops)
# Problematic frame:
# C  [libglass.dylib+0x1558d]  GlassScreenDidChangeScreenParameters+0x9d
#
# Failed to write core dump. Core dumps have been disabled. To enable core dumping, try "ulimit -c unlimited" before starting Java again
#
# If you would like to submit a bug report, please visit:
#   http://bugreport.java.com/bugreport/crash.jsp
#

---------------  T H R E A D  ---------------

Current thread is native thread

siginfo: si_signo: 11 (SIGSEGV), si_code: 1 (SEGV_MAPERR), si_addr: 0x0000000000000000

Registers:
RAX=0x00000001273b6bc0, RBX=0x0000000000000000, RCX=0x0000000000000103, RDX=0x00007fe134b84bb0
RSP=0x00007fff507cea10, RBP=0x00007fff507cea20, RSI=0x00007fe13250fbb0, RDI=0x0000000000000000
R8 =0x0000000000000040, R9 =0x00007fff7616c1e0, R10=0xffffffffffffffff, R11=0x0000000000000246
R12=0x00007fe132470c50, R13=0x00007fe132726070, R14=0x00007fe132726130, R15=0x0000000000000000
RIP=0x000000012738458d, EFLAGS=0x0000000000010202, ERR=0x0000000000000004
  TRAPNO=0x000000000000000e

Top of Stack: (sp=0x00007fff507cea10)
0x00007fff507cea10:   00007fff507cea68 00007fe132726130
0x00007fff507cea20:   00007fff507cea30 00007fff9181bbbc
0x00007fff507cea30:   00007fff507cea50 00007fff9181bb4f
0x00007fff507cea40:   0000000000000000 0000000000000000
0x00007fff507cea50:   00007fff507ceac0 00007fff9181bac7
0x00007fff507cea60:   00007fff76d609d0 00007fff761940a0
0x00007fff507cea70:   0000000042000000 00007fff9181bb10
0x00007fff507cea80:   00007fff769bc720 00007fe132726070
0x00007fff507cea90:   00007fe132470c50 00007fff507cf268
0x00007fff507ceaa0:   00007fff76ae9780 00007fff507cf268
0x00007fff507ceab0:   00007fe132726070 00007fff91bdb9e2
0x00007fff507ceac0:   00007fff507ceb00 00007fff9181b832
0x00007fff507cead0:   00007fff507cf0e0 0000000000000000
0x00007fff507ceae0:   00007fff76ae9780 00007fff507cf268
0x00007fff507ceaf0:   00007fff86f8e4c0 00007fff91bdb9e2
0x00007fff507ceb00:   00007fff507cf210 00007fff917d85e2
0x00007fff507ceb10:   00007fff507cef78 0000000000000157
0x00007fff507ceb20:   00007fe132458e50 00007fe13251a620
0x00007fff507ceb30:   00007fe13280a088 00007fe13245b1b0
0x00007fff507ceb40:   0000000000000000 00007fe132726190
0x00007fff507ceb50:   0000000000000000 0000000000000000
0x00007fff507ceb60:   00007fff769f9bc0 00007fff507cf0e0
0x00007fff507ceb70:   0000000000000001 0000000000000100
0x00007fff507ceb80:   0000000000000000 00007fff507cefe0
0x00007fff507ceb90:   0000000000000000 0000000000000100
0x00007fff507ceba0:   0000000000000000 00007fff76ae9780
0x00007fff507cebb0:   0000000000000000 00007fff769bd500
0x00007fff507cebc0:   00007fff76ae9780 0000000000000000
0x00007fff507cebd0:   00007fff769bd500 0000000000000008
0x00007fff507cebe0:   00007fff507cec48 00007fff74b02d00
0x00007fff507cebf0:   00007fff74b03610 00007fe134d05fd0
0x00007fff507cec00:   00007fff507cec30 00007fff86fab978 

Instructions: (pc=0x000000012738458d)
0x000000012738456d:   89 df 4c 89 f1 41 ff 90 68 04 00 00 48 8d 05 48
0x000000012738457d:   25 03 00 48 8b 30 48 8d 05 36 26 03 00 48 8b 10
0x000000012738458d:   48 8b 0b 30 c0 48 89 df ff 91 68 04 00 00 48 8b
0x000000012738459d:   03 48 89 df ff 50 78 48 85 c0 74 36 49 89 c6 48 

Register to memory mapping:

RAX=0x00000001273b6bc0: jScreenNotifySettingsChanged+0 in /Library/Java/JavaVirtualMachines/jdk1.8.0_45.jdk/Contents/Home/jre/lib/libglass.dylib at 0x000000012736f000
RBX=0x0000000000000000 is an unknown value
RCX=0x0000000000000103 is an unknown value
RDX=0x00007fe134b84bb0 is an unknown value
RSP=0x00007fff507cea10 is an unknown value
RBP=0x00007fff507cea20 is an unknown value
RSI=0x00007fe13250fbb0 is a global jni handle
RDI=0x0000000000000000 is an unknown value
R8 =0x0000000000000040 is an unknown value
R9 =0x00007fff7616c1e0: __sFX+0x1c0 in /usr/lib/system/libsystem_c.dylib at 0x00007fff8d7fc000
R10=0xffffffffffffffff is an unknown value
R11=0x0000000000000246 is an unknown value
R12=0x00007fe132470c50 is an unknown value
R13=0x00007fe132726070 is an unknown value
R14=0x00007fe132726130 is an unknown value
R15=0x0000000000000000 is an unknown value


Stack: [0x00007fff4ffd2000,0x00007fff507d2000],  sp=0x00007fff507cea10,  free space=8178k
Native frames: (J=compiled Java code, j=interpreted, Vv=VM code, C=native code)
C  [libglass.dylib+0x1558d]  GlassScreenDidChangeScreenParameters+0x9d
C  [CoreFoundation+0xa0bbc]  __CFNOTIFICATIONCENTER_IS_CALLING_OUT_TO_AN_OBSERVER__+0xc
C  [CoreFoundation+0xa0b4f]  ___CFXRegistrationPost_block_invoke+0x3f
C  [CoreFoundation+0xa0ac7]  _CFXRegistrationPost+0x197
C  [CoreFoundation+0xa0832]  ___CFXNotificationPost_block_invoke+0x32
C  [CoreFoundation+0x5d5e2]  -[_CFXNotificationRegistrar find:object:observer:enumerator:]+0x782
C  [CoreFoundation+0x5c835]  _CFXNotificationPost+0x2b5
C  [Foundation+0x717a]  -[NSNotificationCenter postNotificationName:object:userInfo:]+0x42
C  [AppKit+0x41c08b]  -[NSApplication _reactToScreenInvalidationImmediately:]+0x17f
C  [AppKit+0x41bedc]  __44-[NSApplication _reactToScreenInvalidation:]_block_invoke+0x3b
C  [CoreFoundation+0xaa4ac]  __CFRUNLOOP_IS_CALLING_OUT_TO_A_BLOCK__+0xc
C  [CoreFoundation+0x89d05]  __CFRunLoopDoBlocks+0x155
C  [CoreFoundation+0x89a6b]  __CFRunLoopRun+0x92b
C  [CoreFoundation+0x88ed8]  CFRunLoopRunSpecific+0x128
C  [java+0x6490]  CreateExecutionEnvironment+0x367
C  [java+0x221c]  JLI_Launch+0x7a0
C  [java+0x84ed]  main+0x65
C  [java+0x1a74]  start+0x34


---------------  P R O C E S S  ---------------

VM state:at safepoint (normal execution)

VM Mutex/Monitor currently owned by a thread:  ([mutex/lock_event])
[0x00007fe132416050] Threads_lock - owner thread: 0x00007fe134002000
[0x00007fe132416550] Heap_lock - owner thread: 0x00007fe133000800

Heap:
 PSYoungGen      total 18944K, used 9674K [0x00000007aab00000, 0x00000007ad000000, 0x00000007c0000000)
  eden space 16384K, 59% used [0x00000007aab00000,0x00000007ab472a90,0x00000007abb00000)
  from space 2560K, 0% used [0x00000007abd80000,0x00000007abd80000,0x00000007ac000000)
  to   space 2560K, 0% used [0x00000007abb00000,0x00000007abb00000,0x00000007abd80000)
 ParOldGen       total 36352K, used 9864K [0x0000000780000000, 0x0000000782380000, 0x00000007aab00000)
  object space 36352K, 27% used [0x0000000780000000,0x00000007809a21b0,0x0000000782380000)
 Metaspace       used 20693K, capacity 21934K, committed 22272K, reserved 1069056K
  class space    used 2977K, capacity 3240K, committed 3328K, reserved 1048576K

Card table byte_map: [0x0000000120b29000,0x0000000120d2a000] byte_map_base: 0x000000011cf29000

Marking Bits: (ParMarkBitMap*) 0x00000001110c27a0
 Begin Bits: [0x0000000120e80000, 0x0000000121e80000)
 End Bits:   [0x0000000121e80000, 0x0000000122e80000)

Polling page: 0x000000010fcdf000

CodeCache: size=245760Kb used=8321Kb max_used=8321Kb free=237438Kb
 bounds [0x0000000111769000, 0x0000000111f99000, 0x0000000120769000]
 total_blobs=3434 nmethods=2740 adapters=606
 compilation: enabled

Compilation events (10 events):
Event: 124.390 Thread 0x00007fe13305d000 2737       3       javafx.scene.Camera::getNearClip (21 bytes)
Event: 124.393 Thread 0x00007fe13305d000 nmethod 2737 0x0000000111f7e2d0 code [0x0000000111f7e480, 0x0000000111f7e848]
Event: 124.393 Thread 0x00007fe13305d000 2738       3       javafx.scene.Camera::getFarClip (21 bytes)
Event: 124.393 Thread 0x00007fe13305d000 nmethod 2738 0x0000000111f7dc10 code [0x0000000111f7ddc0, 0x0000000111f7e188]
Event: 124.805 Thread 0x00007fe13305d000 2739       3       java.lang.invoke.CallSite::maybeReBoxElements (24 bytes)
Event: 124.806 Thread 0x00007fe13305d000 nmethod 2739 0x0000000111f7d190 code [0x0000000111f7d340, 0x0000000111f7da08]
Event: 124.809 Thread 0x00007fe13305d000 2740       3       jdk.internal.org.objectweb.asm.ClassWriter::visitField (16 bytes)
Event: 124.809 Thread 0x00007fe13305d000 nmethod 2740 0x0000000111f7cd10 code [0x0000000111f7ce80, 0x0000000111f7d0a8]
Event: 124.809 Thread 0x00007fe13305d000 2741       3       jdk.internal.org.objectweb.asm.FieldWriter::<init> (97 bytes)
Event: 124.810 Thread 0x00007fe13305d000 nmethod 2741 0x0000000111f7c410 code [0x0000000111f7c5e0, 0x0000000111f7cac8]

GC Heap History (10 events):
Event: 1.041 GC heap before
{Heap before GC invocations=1 (full 0):
 PSYoungGen      total 18944K, used 16384K [0x00000007aab00000, 0x00000007ac000000, 0x00000007c0000000)
  eden space 16384K, 100% used [0x00000007aab00000,0x00000007abb00000,0x00000007abb00000)
  from space 2560K, 0% used [0x00000007abd80000,0x00000007abd80000,0x00000007ac000000)
  to   space 2560K, 0% used [0x00000007abb00000,0x00000007abb00000,0x00000007abd80000)
 ParOldGen       total 44032K, used 0K [0x0000000780000000, 0x0000000782b00000, 0x00000007aab00000)
  object space 44032K, 0% used [0x0000000780000000,0x0000000780000000,0x0000000782b00000)
 Metaspace       used 8791K, capacity 9190K, committed 9216K, reserved 1056768K
  class space    used 1157K, capacity 1271K, committed 1280K, reserved 1048576K
Event: 1.047 GC heap after
Heap after GC invocations=1 (full 0):
 PSYoungGen      total 18944K, used 2528K [0x00000007aab00000, 0x00000007ac000000, 0x00000007c0000000)
  eden space 16384K, 0% used [0x00000007aab00000,0x00000007aab00000,0x00000007abb00000)
  from space 2560K, 98% used [0x00000007abb00000,0x00000007abd78040,0x00000007abd80000)
  to   space 2560K, 0% used [0x00000007abd80000,0x00000007abd80000,0x00000007ac000000)
 ParOldGen       total 44032K, used 64K [0x0000000780000000, 0x0000000782b00000, 0x00000007aab00000)
  object space 44032K, 0% used [0x0000000780000000,0x0000000780010000,0x0000000782b00000)
 Metaspace       used 8791K, capacity 9190K, committed 9216K, reserved 1056768K
  class space    used 1157K, capacity 1271K, committed 1280K, reserved 1048576K
}
Event: 2.273 GC heap before
{Heap before GC invocations=2 (full 0):
 PSYoungGen      total 18944K, used 18912K [0x00000007aab00000, 0x00000007ac000000, 0x00000007c0000000)
  eden space 16384K, 100% used [0x00000007aab00000,0x00000007abb00000,0x00000007abb00000)
  from space 2560K, 98% used [0x00000007abb00000,0x00000007abd78040,0x00000007abd80000)
  to   space 2560K, 0% used [0x00000007abd80000,0x00000007abd80000,0x00000007ac000000)
 ParOldGen       total 44032K, used 64K [0x0000000780000000, 0x0000000782b00000, 0x00000007aab00000)
  object space 44032K, 0% used [0x0000000780000000,0x0000000780010000,0x0000000782b00000)
 Metaspace       used 16602K, capacity 17348K, committed 17664K, reserved 1064960K
  class space    used 2334K, capacity 2538K, committed 2560K, reserved 1048576K
Event: 2.289 GC heap after
Heap after GC invocations=2 (full 0):
 PSYoungGen      total 18944K, used 2552K [0x00000007aab00000, 0x00000007ac000000, 0x00000007c0000000)
  eden space 16384K, 0% used [0x00000007aab00000,0x00000007aab00000,0x00000007abb00000)
  from space 2560K, 99% used [0x00000007abd80000,0x00000007abffe130,0x00000007ac000000)
  to   space 2560K, 0% used [0x00000007abb00000,0x00000007abb00000,0x00000007abd80000)
 ParOldGen       total 44032K, used 6130K [0x0000000780000000, 0x0000000782b00000, 0x00000007aab00000)
  object space 44032K, 13% used [0x0000000780000000,0x00000007805fc890,0x0000000782b00000)
 Metaspace       used 16602K, capacity 17348K, committed 17664K, reserved 1064960K
  class space    used 2334K, capacity 2538K, committed 2560K, reserved 1048576K
}
Event: 7.673 GC heap before
{Heap before GC invocations=3 (full 0):
 PSYoungGen      total 18944K, used 18936K [0x00000007aab00000, 0x00000007ac000000, 0x00000007c0000000)
  eden space 16384K, 100% used [0x00000007aab00000,0x00000007abb00000,0x00000007abb00000)
  from space 2560K, 99% used [0x00000007abd80000,0x00000007abffe130,0x00000007ac000000)
  to   space 2560K, 0% used [0x00000007abb00000,0x00000007abb00000,0x00000007abd80000)
 ParOldGen       total 44032K, used 6130K [0x0000000780000000, 0x0000000782b00000, 0x00000007aab00000)
  object space 44032K, 13% used [0x0000000780000000,0x00000007805fc890,0x0000000782b00000)
 Metaspace       used 19984K, capacity 21158K, committed 21296K, reserved 1067008K
  class space    used 2911K, capacity 3158K, committed 3200K, reserved 1048576K
Event: 7.697 GC heap after
Heap after GC invocations=3 (full 0):
 PSYoungGen      total 18944K, used 2544K [0x00000007aab00000, 0x00000007ac000000, 0x00000007c0000000)
  eden space 16384K, 0% used [0x00000007aab00000,0x00000007aab00000,0x00000007abb00000)
  from space 2560K, 99% used [0x00000007abb00000,0x00000007abd7c010,0x00000007abd80000)
  to   space 2560K, 0% used [0x00000007abd80000,0x00000007abd80000,0x00000007ac000000)
 ParOldGen       total 44032K, used 9058K [0x0000000780000000, 0x0000000782b00000, 0x00000007aab00000)
  object space 44032K, 20% used [0x0000000780000000,0x00000007808d89a8,0x0000000782b00000)
 Metaspace       used 19984K, capacity 21158K, committed 21296K, reserved 1067008K
  class space    used 2911K, capacity 3158K, committed 3200K, reserved 1048576K
}
Event: 7.768 GC heap before
{Heap before GC invocations=4 (full 0):
 PSYoungGen      total 18944K, used 4519K [0x00000007aab00000, 0x00000007ac000000, 0x00000007c0000000)
  eden space 16384K, 12% used [0x00000007aab00000,0x00000007aacedcc8,0x00000007abb00000)
  from space 2560K, 99% used [0x00000007abb00000,0x00000007abd7c010,0x00000007abd80000)
  to   space 2560K, 0% used [0x00000007abd80000,0x00000007abd80000,0x00000007ac000000)
 ParOldGen       total 44032K, used 9058K [0x0000000780000000, 0x0000000782b00000, 0x00000007aab00000)
  object space 44032K, 20% used [0x0000000780000000,0x00000007808d89a8,0x0000000782b00000)
 Metaspace       used 20103K, capacity 21254K, committed 21296K, reserved 1067008K
  class space    used 2918K, capacity 3190K, committed 3200K, reserved 1048576K
Event: 7.781 GC heap after
Heap after GC invocations=4 (full 0):
 PSYoungGen      total 18944K, used 2544K [0x00000007aab00000, 0x00000007ad000000, 0x00000007c0000000)
  eden space 16384K, 0% used [0x00000007aab00000,0x00000007aab00000,0x00000007abb00000)
  from space 2560K, 99% used [0x00000007abd80000,0x00000007abffc010,0x00000007ac000000)
  to   space 2560K, 0% used [0x00000007abb00000,0x00000007abb00000,0x00000007abd80000)
 ParOldGen       total 44032K, used 9720K [0x0000000780000000, 0x0000000782b00000, 0x00000007aab00000)
  object space 44032K, 22% used [0x0000000780000000,0x000000078097e198,0x0000000782b00000)
 Metaspace       used 20103K, capacity 21254K, committed 21296K, reserved 1067008K
  class space    used 2918K, capacity 3190K, committed 3200K, reserved 1048576K
}
Event: 7.781 GC heap before
{Heap before GC invocations=5 (full 1):
 PSYoungGen      total 18944K, used 2544K [0x00000007aab00000, 0x00000007ad000000, 0x00000007c0000000)
  eden space 16384K, 0% used [0x00000007aab00000,0x00000007aab00000,0x00000007abb00000)
  from space 2560K, 99% used [0x00000007abd80000,0x00000007abffc010,0x00000007ac000000)
  to   space 2560K, 0% used [0x00000007abb00000,0x00000007abb00000,0x00000007abd80000)
 ParOldGen       total 44032K, used 9720K [0x0000000780000000, 0x0000000782b00000, 0x00000007aab00000)
  object space 44032K, 22% used [0x0000000780000000,0x000000078097e198,0x0000000782b00000)
 Metaspace       used 20103K, capacity 21254K, committed 21296K, reserved 1067008K
  class space    used 2918K, capacity 3190K, committed 3200K, reserved 1048576K
Event: 7.860 GC heap after
Heap after GC invocations=5 (full 1):
 PSYoungGen      total 18944K, used 0K [0x00000007aab00000, 0x00000007ad000000, 0x00000007c0000000)
  eden space 16384K, 0% used [0x00000007aab00000,0x00000007aab00000,0x00000007abb00000)
  from space 2560K, 0% used [0x00000007abd80000,0x00000007abd80000,0x00000007ac000000)
  to   space 2560K, 0% used [0x00000007abb00000,0x00000007abb00000,0x00000007abd80000)
 ParOldGen       total 36352K, used 9864K [0x0000000780000000, 0x0000000782380000, 0x00000007aab00000)
  object space 36352K, 27% used [0x0000000780000000,0x00000007809a21b0,0x0000000782380000)
 Metaspace       used 20103K, capacity 21254K, committed 21296K, reserved 1067008K
  class space    used 2918K, capacity 3190K, committed 3200K, reserved 1048576K
}

Deoptimization events (10 events):
Event: 7.949 Thread 0x00007fe1328eb000 Uncommon trap: reason=bimorphic action=maybe_recompile pc=0x0000000111e1b440 method=javafx.scene.Node.impl_geomChanged()V @ 33
Event: 7.949 Thread 0x00007fe1328eb000 Uncommon trap: reason=class_check action=maybe_recompile pc=0x0000000111e0b320 method=javafx.scene.Node.transformedBoundsChanged()V @ 28
Event: 7.949 Thread 0x00007fe1328eb000 Uncommon trap: reason=bimorphic action=maybe_recompile pc=0x0000000111e1b440 method=javafx.scene.Node.impl_geomChanged()V @ 33
Event: 7.949 Thread 0x00007fe1328eb000 Uncommon trap: reason=class_check action=maybe_recompile pc=0x0000000111e0b320 method=javafx.scene.Node.transformedBoundsChanged()V @ 28
Event: 7.949 Thread 0x00007fe1328eb000 Uncommon trap: reason=bimorphic action=maybe_recompile pc=0x0000000111e1b440 method=javafx.scene.Node.impl_geomChanged()V @ 33
Event: 7.949 Thread 0x00007fe1328eb000 Uncommon trap: reason=class_check action=maybe_recompile pc=0x0000000111e0b320 method=javafx.scene.Node.transformedBoundsChanged()V @ 28
Event: 7.949 Thread 0x00007fe1328eb000 Uncommon trap: reason=bimorphic action=maybe_recompile pc=0x0000000111e1b440 method=javafx.scene.Node.impl_geomChanged()V @ 33
Event: 7.949 Thread 0x00007fe1328eb000 Uncommon trap: reason=class_check action=maybe_recompile pc=0x0000000111e0b320 method=javafx.scene.Node.transformedBoundsChanged()V @ 28
Event: 8.056 Thread 0x00007fe13288e800 Uncommon trap: reason=unstable_if action=reinterpret pc=0x0000000111e90364 method=com.sun.javafx.geom.RectBounds.isEmpty()Z @ 21
Event: 17.511 Thread 0x00007fe1328eb000 Uncommon trap: reason=unstable_if action=reinterpret pc=0x000000011196c924 method=sun.nio.cs.UTF_8$Encoder.encode([CII[B)I @ 33

Internal exceptions (10 events):
Event: 0.245 Thread 0x00007fe133000800 Exception <a 'java/security/PrivilegedActionException'> (0x00000007aadf6050) thrown at [/Users/java_re/workspace/8-2-build-macosx-x86_64/jdk8u45/3457/hotspot/src/share/vm/prims/jvm.cpp, line 1382]
Event: 0.245 Thread 0x00007fe133000800 Exception <a 'java/security/PrivilegedActionException'> (0x00000007aadf6208) thrown at [/Users/java_re/workspace/8-2-build-macosx-x86_64/jdk8u45/3457/hotspot/src/share/vm/prims/jvm.cpp, line 1382]
Event: 0.246 Thread 0x00007fe133000800 Exception <a 'java/security/PrivilegedActionException'> (0x00000007aadf93f8) thrown at [/Users/java_re/workspace/8-2-build-macosx-x86_64/jdk8u45/3457/hotspot/src/share/vm/prims/jvm.cpp, line 1382]
Event: 0.246 Thread 0x00007fe133000800 Exception <a 'java/security/PrivilegedActionException'> (0x00000007aadf95b0) thrown at [/Users/java_re/workspace/8-2-build-macosx-x86_64/jdk8u45/3457/hotspot/src/share/vm/prims/jvm.cpp, line 1382]
Event: 0.246 Thread 0x00007fe133000800 Exception <a 'java/lang/NullPointerException'> (0x00000007aadf9d48) thrown at [/Users/java_re/workspace/8-2-build-macosx-x86_64/jdk8u45/3457/hotspot/src/share/vm/interpreter/linkResolver.cpp, line 1178]
Event: 0.859 Thread 0x00007fe1328eb000 Exception <a 'java/lang/NullPointerException'> (0x00000007ab64b5d8) thrown at [/Users/java_re/workspace/8-2-build-macosx-x86_64/jdk8u45/3457/hotspot/src/share/vm/interpreter/linkResolver.cpp, line 1178]
Event: 0.859 Thread 0x00007fe1328eb000 Exception <a 'java/lang/NullPointerException'> (0x00000007ab64b5d8) thrown at [/Users/java_re/workspace/8-2-build-macosx-x86_64/jdk8u45/3457/hotspot/src/share/vm/prims/jvm.cpp, line 1386]
Event: 1.025 Thread 0x00007fe1328eb000 Implicit null exception at 0x000000011199f435 to 0x000000011199f62d
Event: 1.088 Thread 0x00007fe1328eb000 Implicit null exception at 0x0000000111979d35 to 0x000000011197a095
Event: 2.025 Thread 0x00007fe1328eb000 Exception <a 'java/io/FileNotFoundException'> (0x00000007ab6b7348) thrown at [/Users/java_re/workspace/8-2-build-macosx-x86_64/jdk8u45/3457/hotspot/src/share/vm/prims/jni.cpp, line 709]

Events (10 events):
Event: 124.810 Thread 0x00007fe1328eb000 Thread exited: 0x00007fe1328eb000
Event: 124.810 Thread 0x00007fe133000800 Thread exited: 0x00007fe133000800
Event: 124.810 Thread 0x00007fe133000800 Thread added: 0x00007fe133000800
Event: 124.810 loading class java/util/IdentityHashMap$KeySet
Event: 124.810 loading class java/util/IdentityHashMap$KeySet done
Event: 124.810 loading class java/util/IdentityHashMap$KeyIterator
Event: 124.810 loading class java/util/IdentityHashMap$IdentityHashMapIterator
Event: 124.810 loading class java/util/IdentityHashMap$IdentityHashMapIterator done
Event: 124.810 loading class java/util/IdentityHashMap$KeyIterator done
Event: 124.810 Thread 0x00007fe133000800 Thread exited: 0x00007fe133000800


Dynamic libraries:
0x00000000041fb000 	/System/Library/Frameworks/Cocoa.framework/Versions/A/Cocoa
0x000000010f449000 	/System/Library/Frameworks/Security.framework/Versions/A/Security
0x00000000041fb000 	/System/Library/Frameworks/ApplicationServices.framework/Versions/A/ApplicationServices
0x00000000041fb000 	/usr/lib/libz.1.dylib
0x00000000041fb000 	/usr/lib/libSystem.B.dylib
0x00000000041fb000 	/usr/lib/libobjc.A.dylib
0x00000000041fb000 	/System/Library/Frameworks/CoreFoundation.framework/Versions/A/CoreFoundation
0x00000000041fb000 	/System/Library/Frameworks/Foundation.framework/Versions/C/Foundation
0x00000000041fb000 	/System/Library/Frameworks/AppKit.framework/Versions/C/AppKit
0x00000000041fb000 	/System/Library/Frameworks/CoreData.framework/Versions/A/CoreData
0x00000000041fb000 	/System/Library/PrivateFrameworks/RemoteViewServices.framework/Versions/A/RemoteViewServices
0x00000000041fb000 	/System/Library/PrivateFrameworks/UIFoundation.framework/Versions/A/UIFoundation
0x00000000041fb000 	/usr/lib/libScreenReader.dylib
0x00000000041fb000 	/System/Library/Frameworks/Accelerate.framework/Versions/A/Accelerate
0x00000000041fb000 	/System/Library/Frameworks/IOSurface.framework/Versions/A/IOSurface
0x00000000041fb000 	/System/Library/Frameworks/AudioToolbox.framework/Versions/A/AudioToolbox
0x00000000041fb000 	/System/Library/Frameworks/AudioUnit.framework/Versions/A/AudioUnit
0x00000000041fb000 	/System/Library/PrivateFrameworks/DataDetectorsCore.framework/Versions/A/DataDetectorsCore
0x00000000041fb000 	/System/Library/PrivateFrameworks/DesktopServicesPriv.framework/Versions/A/DesktopServicesPriv
0x00000000041fb000 	/System/Library/Frameworks/Carbon.framework/Versions/A/Frameworks/HIToolbox.framework/Versions/A/HIToolbox
0x00000000041fb000 	/System/Library/Frameworks/QuartzCore.framework/Versions/A/QuartzCore
0x00000000041fb000 	/System/Library/Frameworks/Carbon.framework/Versions/A/Frameworks/SpeechRecognition.framework/Versions/A/SpeechRecognition
0x00000000041fb000 	/usr/lib/libauto.dylib
0x00000000041fb000 	/usr/lib/libicucore.A.dylib
0x00000000041fb000 	/usr/lib/libxml2.2.dylib
0x00000000041fb000 	/System/Library/PrivateFrameworks/CoreUI.framework/Versions/A/CoreUI
0x00000000041fb000 	/System/Library/Frameworks/CoreAudio.framework/Versions/A/CoreAudio
0x00000000041fb000 	/System/Library/Frameworks/DiskArbitration.framework/Versions/A/DiskArbitration
0x00000000041fb000 	/usr/lib/liblangid.dylib
0x00000000041fb000 	/System/Library/PrivateFrameworks/MultitouchSupport.framework/Versions/A/MultitouchSupport
0x00000000041fb000 	/System/Library/Frameworks/IOKit.framework/Versions/A/IOKit
0x00000000041fb000 	/usr/lib/libDiagnosticMessagesClient.dylib
0x00000000041fb000 	/System/Library/Frameworks/CoreServices.framework/Versions/A/CoreServices
0x00000000041fb000 	/System/Library/PrivateFrameworks/PerformanceAnalysis.framework/Versions/A/PerformanceAnalysis
0x00000000041fb000 	/System/Library/PrivateFrameworks/GenerationalStorage.framework/Versions/A/GenerationalStorage
0x00000000041fb000 	/System/Library/Frameworks/OpenGL.framework/Versions/A/OpenGL
0x00000000041fb000 	/System/Library/PrivateFrameworks/Sharing.framework/Versions/A/Sharing
0x00000000041fb000 	/System/Library/Frameworks/CoreGraphics.framework/Versions/A/CoreGraphics
0x00000000041fb000 	/System/Library/Frameworks/CoreImage.framework/Versions/A/CoreImage
0x00000000041fb000 	/System/Library/Frameworks/CoreText.framework/Versions/A/CoreText
0x00000000041fb000 	/System/Library/Frameworks/ImageIO.framework/Versions/A/ImageIO
0x00000000041fb000 	/System/Library/PrivateFrameworks/Backup.framework/Versions/A/Backup
0x00000000041fb000 	/usr/lib/libextension.dylib
0x00000000041fb000 	/usr/lib/libarchive.2.dylib
0x000000010f865000 	/System/Library/Frameworks/CFNetwork.framework/Versions/A/CFNetwork
0x00000000041fb000 	/System/Library/Frameworks/SystemConfiguration.framework/Versions/A/SystemConfiguration
0x00000000041fb000 	/usr/lib/libCRFSuite.dylib
0x00000000041fb000 	/usr/lib/libc++.1.dylib
0x00000000041fb000 	/usr/lib/libc++abi.dylib
0x00000000041fb000 	/usr/lib/system/libcache.dylib
0x00000000041fb000 	/usr/lib/system/libcommonCrypto.dylib
0x00000000041fb000 	/usr/lib/system/libcompiler_rt.dylib
0x00000000041fb000 	/usr/lib/system/libcopyfile.dylib
0x00000000041fb000 	/usr/lib/system/libcorecrypto.dylib
0x00000000041fb000 	/usr/lib/system/libdispatch.dylib
0x00000000041fb000 	/usr/lib/system/libdyld.dylib
0x00000000041fb000 	/usr/lib/system/libkeymgr.dylib
0x000000010fcd7000 	/usr/lib/system/liblaunch.dylib
0x00000000041fb000 	/usr/lib/system/libmacho.dylib
0x00000000041fb000 	/usr/lib/system/libquarantine.dylib
0x00000000041fb000 	/usr/lib/system/libremovefile.dylib
0x00000000041fb000 	/usr/lib/system/libsystem_asl.dylib
0x00000000041fb000 	/usr/lib/system/libsystem_blocks.dylib
0x00000000041fb000 	/usr/lib/system/libsystem_c.dylib
0x00000000041fb000 	/usr/lib/system/libsystem_configuration.dylib
0x00000000041fb000 	/usr/lib/system/libsystem_coreservices.dylib
0x00000000041fb000 	/usr/lib/system/libsystem_coretls.dylib
0x00000000041fb000 	/usr/lib/system/libsystem_dnssd.dylib
0x00000000041fb000 	/usr/lib/system/libsystem_info.dylib
0x00000000041fb000 	/usr/lib/system/libsystem_kernel.dylib
0x00000000041fb000 	/usr/lib/system/libsystem_m.dylib
0x00000000041fb000 	/usr/lib/system/libsystem_malloc.dylib
0x00000000041fb000 	/usr/lib/system/libsystem_network.dylib
0x00000000041fb000 	/usr/lib/system/libsystem_networkextension.dylib
0x00000000041fb000 	/usr/lib/system/libsystem_notify.dylib
0x00000000041fb000 	/usr/lib/system/libsystem_platform.dylib
0x00000000041fb000 	/usr/lib/system/libsystem_pthread.dylib
0x000000010fce0000 	/usr/lib/system/libsystem_sandbox.dylib
0x00000000041fb000 	/usr/lib/system/libsystem_secinit.dylib
0x00000000041fb000 	/usr/lib/system/libsystem_trace.dylib
0x00000000041fb000 	/usr/lib/system/libunc.dylib
0x00000000041fb000 	/usr/lib/system/libunwind.dylib
0x000000010fceb000 	/usr/lib/system/libxpc.dylib
0x00000000041fb000 	/usr/lib/libenergytrace.dylib
0x00000000041fb000 	/usr/lib/libbsm.0.dylib
0x00000000041fb000 	/usr/lib/system/libkxld.dylib
0x00000000041fb000 	/usr/lib/libxar.1.dylib
0x00000000041fb000 	/usr/lib/libsqlite3.dylib
0x00000000041fb000 	/usr/lib/libpam.2.dylib
0x00000000041fb000 	/usr/lib/libOpenScriptingUtil.dylib
0x00000000041fb000 	/usr/lib/libbz2.1.0.dylib
0x00000000041fb000 	/usr/lib/liblzma.5.dylib
0x00000000041fb000 	/System/Library/Frameworks/CoreServices.framework/Versions/A/Frameworks/FSEvents.framework/Versions/A/FSEvents
0x00000000041fb000 	/System/Library/Frameworks/CoreServices.framework/Versions/A/Frameworks/CarbonCore.framework/Versions/A/CarbonCore
0x00000000041fb000 	/System/Library/Frameworks/CoreServices.framework/Versions/A/Frameworks/Metadata.framework/Versions/A/Metadata
0x00000000041fb000 	/System/Library/Frameworks/CoreServices.framework/Versions/A/Frameworks/OSServices.framework/Versions/A/OSServices
0x00000000041fb000 	/System/Library/Frameworks/CoreServices.framework/Versions/A/Frameworks/SearchKit.framework/Versions/A/SearchKit
0x00000000041fb000 	/System/Library/Frameworks/CoreServices.framework/Versions/A/Frameworks/AE.framework/Versions/A/AE
0x00000000041fb000 	/System/Library/Frameworks/CoreServices.framework/Versions/A/Frameworks/LaunchServices.framework/Versions/A/LaunchServices
0x00000000041fb000 	/System/Library/Frameworks/CoreServices.framework/Versions/A/Frameworks/DictionaryServices.framework/Versions/A/DictionaryServices
0x00000000041fb000 	/System/Library/Frameworks/CoreServices.framework/Versions/A/Frameworks/SharedFileList.framework/Versions/A/SharedFileList
0x00000000041fb000 	/System/Library/Frameworks/NetFS.framework/Versions/A/NetFS
0x00000000041fb000 	/System/Library/PrivateFrameworks/NetAuth.framework/Versions/A/NetAuth
0x00000000041fb000 	/System/Library/PrivateFrameworks/login.framework/Versions/A/Frameworks/loginsupport.framework/Versions/A/loginsupport
0x00000000041fb000 	/System/Library/PrivateFrameworks/TCC.framework/Versions/A/TCC
0x00000000041fb000 	/usr/lib/libmecabra.dylib
0x00000000041fb000 	/System/Library/Frameworks/ApplicationServices.framework/Versions/A/Frameworks/ATS.framework/Versions/A/ATS
0x00000000041fb000 	/System/Library/Frameworks/ApplicationServices.framework/Versions/A/Frameworks/ColorSync.framework/Versions/A/ColorSync
0x00000000041fb000 	/System/Library/Frameworks/ApplicationServices.framework/Versions/A/Frameworks/HIServices.framework/Versions/A/HIServices
0x00000000041fb000 	/System/Library/Frameworks/ApplicationServices.framework/Versions/A/Frameworks/LangAnalysis.framework/Versions/A/LangAnalysis
0x00000000041fb000 	/System/Library/Frameworks/ApplicationServices.framework/Versions/A/Frameworks/PrintCore.framework/Versions/A/PrintCore
0x00000000041fb000 	/System/Library/Frameworks/ApplicationServices.framework/Versions/A/Frameworks/QD.framework/Versions/A/QD
0x00000000041fb000 	/System/Library/Frameworks/ApplicationServices.framework/Versions/A/Frameworks/SpeechSynthesis.framework/Versions/A/SpeechSynthesis
0x00000000041fb000 	/System/Library/Frameworks/Metal.framework/Versions/A/Metal
0x00000000041fb000 	/System/Library/Frameworks/Accelerate.framework/Versions/A/Frameworks/vImage.framework/Versions/A/vImage
0x00000000041fb000 	/System/Library/Frameworks/Accelerate.framework/Versions/A/Frameworks/vecLib.framework/Versions/A/vecLib
0x00000000041fb000 	/System/Library/Frameworks/Accelerate.framework/Versions/A/Frameworks/vecLib.framework/Versions/A/libvDSP.dylib
0x00000000041fb000 	/System/Library/Frameworks/Accelerate.framework/Versions/A/Frameworks/vecLib.framework/Versions/A/libvMisc.dylib
0x00000000041fb000 	/System/Library/Frameworks/Accelerate.framework/Versions/A/Frameworks/vecLib.framework/Versions/A/libLAPACK.dylib
0x00000000041fb000 	/System/Library/Frameworks/Accelerate.framework/Versions/A/Frameworks/vecLib.framework/Versions/A/libBLAS.dylib
0x00000000041fb000 	/System/Library/Frameworks/Accelerate.framework/Versions/A/Frameworks/vecLib.framework/Versions/A/libLinearAlgebra.dylib
0x00000000041fb000 	/System/Library/Frameworks/Accelerate.framework/Versions/A/Frameworks/vecLib.framework/Versions/A/libSparseBLAS.dylib
0x00000000041fb000 	/System/Library/PrivateFrameworks/GPUCompiler.framework/libmetal_timestamp.dylib
0x00000000041fb000 	/System/Library/Frameworks/OpenGL.framework/Versions/A/Libraries/libCoreFSCache.dylib
0x00000000041fb000 	/System/Library/PrivateFrameworks/IOAccelerator.framework/Versions/A/IOAccelerator
0x00000000041fb000 	/System/Library/Frameworks/ApplicationServices.framework/Versions/A/Frameworks/ATS.framework/Versions/A/Resources/libFontParser.dylib
0x00000000041fb000 	/System/Library/Frameworks/ApplicationServices.framework/Versions/A/Frameworks/ATS.framework/Versions/A/Resources/libFontRegistry.dylib
0x00000000041fb000 	/System/Library/PrivateFrameworks/AppleVPA.framework/Versions/A/AppleVPA
0x00000000041fb000 	/System/Library/PrivateFrameworks/AppleJPEG.framework/Versions/A/AppleJPEG
0x00000000041fb000 	/System/Library/Frameworks/ImageIO.framework/Versions/A/Resources/libJPEG.dylib
0x00000000041fb000 	/System/Library/Frameworks/ImageIO.framework/Versions/A/Resources/libTIFF.dylib
0x00000000041fb000 	/System/Library/Frameworks/ImageIO.framework/Versions/A/Resources/libPng.dylib
0x00000000041fb000 	/System/Library/Frameworks/ImageIO.framework/Versions/A/Resources/libGIF.dylib
0x00000000041fb000 	/System/Library/Frameworks/ImageIO.framework/Versions/A/Resources/libJP2.dylib
0x00000000041fb000 	/System/Library/Frameworks/ImageIO.framework/Versions/A/Resources/libRadiance.dylib
0x00000000041fb000 	/System/Library/Frameworks/CoreVideo.framework/Versions/A/CoreVideo
0x00000000041fb000 	/System/Library/Frameworks/OpenGL.framework/Versions/A/Libraries/libGLU.dylib
0x00000000041fb000 	/System/Library/Frameworks/OpenGL.framework/Versions/A/Libraries/libGFXShared.dylib
0x00000000041fb000 	/System/Library/Frameworks/OpenGL.framework/Versions/A/Libraries/libGL.dylib
0x00000000041fb000 	/System/Library/Frameworks/OpenGL.framework/Versions/A/Libraries/libGLImage.dylib
0x00000000041fb000 	/System/Library/Frameworks/OpenGL.framework/Versions/A/Libraries/libCVMSPluginSupport.dylib
0x00000000041fb000 	/System/Library/Frameworks/OpenGL.framework/Versions/A/Libraries/libCoreVMClient.dylib
0x00000000041fb000 	/usr/lib/libcompression.dylib
0x00000000041fb000 	/usr/lib/libcups.2.dylib
0x00000000041fb000 	/System/Library/Frameworks/Kerberos.framework/Versions/A/Kerberos
0x00000000041fb000 	/System/Library/Frameworks/GSS.framework/Versions/A/GSS
0x00000000041fb000 	/usr/lib/libresolv.9.dylib
0x00000000041fb000 	/usr/lib/libiconv.2.dylib
0x00000000041fb000 	/System/Library/PrivateFrameworks/Heimdal.framework/Versions/A/Heimdal
0x00000000041fb000 	/usr/lib/libheimdal-asn1.dylib
0x00000000041fb000 	/System/Library/Frameworks/OpenDirectory.framework/Versions/A/OpenDirectory
0x00000000041fb000 	/System/Library/PrivateFrameworks/CommonAuth.framework/Versions/A/CommonAuth
0x00000000041fb000 	/System/Library/Frameworks/OpenDirectory.framework/Versions/A/Frameworks/CFOpenDirectory.framework/Versions/A/CFOpenDirectory
0x00000000041fb000 	/System/Library/Frameworks/SecurityFoundation.framework/Versions/A/SecurityFoundation
0x00000000041fb000 	/System/Library/PrivateFrameworks/LanguageModeling.framework/Versions/A/LanguageModeling
0x00000000041fb000 	/usr/lib/libmarisa.dylib
0x00000000041fb000 	/usr/lib/libChineseTokenizer.dylib
0x00000000041fb000 	/usr/lib/libcmph.dylib
0x000000010fd3a000 	/System/Library/Frameworks/ServiceManagement.framework/Versions/A/ServiceManagement
0x00000000041fb000 	/usr/lib/libxslt.1.dylib
0x00000000041fb000 	/System/Library/Frameworks/Carbon.framework/Versions/A/Frameworks/Ink.framework/Versions/A/Ink
0x00000000041fb000 	/usr/lib/libFosl_dynamic.dylib
0x00000000041fb000 	/System/Library/PrivateFrameworks/FaceCore.framework/Versions/A/FaceCore
0x00000000041fb000 	/System/Library/Frameworks/OpenCL.framework/Versions/A/OpenCL
0x00000000041fb000 	/System/Library/PrivateFrameworks/CrashReporterSupport.framework/Versions/A/CrashReporterSupport
0x00000000041fb000 	/System/Library/PrivateFrameworks/IconServices.framework/Versions/A/IconServices
0x00000000041fb000 	/System/Library/PrivateFrameworks/Apple80211.framework/Versions/A/Apple80211
0x00000000041fb000 	/System/Library/Frameworks/CoreWLAN.framework/Versions/A/CoreWLAN
0x00000000041fb000 	/System/Library/Frameworks/IOBluetooth.framework/Versions/A/IOBluetooth
0x00000000041fb000 	/System/Library/PrivateFrameworks/CoreWiFi.framework/Versions/A/CoreWiFi
0x00000000041fb000 	/System/Library/Frameworks/CoreBluetooth.framework/Versions/A/CoreBluetooth
0x00000000041fb000 	/System/Library/PrivateFrameworks/ChunkingLibrary.framework/Versions/A/ChunkingLibrary
0x00000000041fb000 	/System/Library/PrivateFrameworks/DebugSymbols.framework/Versions/A/DebugSymbols
0x00000000041fb000 	/System/Library/PrivateFrameworks/CoreSymbolication.framework/Versions/A/CoreSymbolication
0x00000000041fb000 	/System/Library/PrivateFrameworks/Symbolication.framework/Versions/A/Symbolication
0x00000000041fb000 	/System/Library/PrivateFrameworks/SpeechRecognitionCore.framework/Versions/A/SpeechRecognitionCore
0x0000000110800000 	/Library/Java/JavaVirtualMachines/jdk1.8.0_45.jdk/Contents/Home/jre/lib/server/libjvm.dylib
0x00000000041fb000 	/usr/lib/libstdc++.6.dylib
0x000000010ff9f000 	/Library/Java/JavaVirtualMachines/jdk1.8.0_45.jdk/Contents/Home/jre/lib/libverify.dylib
0x000000010ffad000 	/Library/Java/JavaVirtualMachines/jdk1.8.0_45.jdk/Contents/Home/jre/lib/libjava.dylib
0x000000010ffea000 	/Library/Java/JavaVirtualMachines/jdk1.8.0_45.jdk/Contents/Home/jre/lib/libzip.dylib
0x0000000124b62000 	/System/Library/Frameworks/JavaVM.framework/Frameworks/JavaRuntimeSupport.framework/JavaRuntimeSupport
0x0000000124b7d000 	/System/Library/Frameworks/JavaVM.framework/Versions/A/Frameworks/JavaNativeFoundation.framework/Versions/A/JavaNativeFoundation
0x000000010fff3000 	/System/Library/Frameworks/JavaVM.framework/Versions/A/JavaVM
0x00000000041fb000 	/System/Library/Frameworks/Carbon.framework/Versions/A/Carbon
0x0000000124b92000 	/System/Library/PrivateFrameworks/JavaLaunching.framework/Versions/A/JavaLaunching
0x00000000041fb000 	/System/Library/Frameworks/Carbon.framework/Versions/A/Frameworks/CommonPanels.framework/Versions/A/CommonPanels
0x00000000041fb000 	/System/Library/Frameworks/Carbon.framework/Versions/A/Frameworks/Help.framework/Versions/A/Help
0x00000000041fb000 	/System/Library/Frameworks/Carbon.framework/Versions/A/Frameworks/ImageCapture.framework/Versions/A/ImageCapture
0x00000000041fb000 	/System/Library/Frameworks/Carbon.framework/Versions/A/Frameworks/OpenScripting.framework/Versions/A/OpenScripting
0x00000000041fb000 	/System/Library/Frameworks/Carbon.framework/Versions/A/Frameworks/Print.framework/Versions/A/Print
0x00000000041fb000 	/System/Library/Frameworks/Carbon.framework/Versions/A/Frameworks/SecurityHI.framework/Versions/A/SecurityHI
0x000000012654f000 	/Library/Java/JavaVirtualMachines/jdk1.8.0_45.jdk/Contents/Home/jre/lib/libprism_es2.dylib
0x00000001265d1000 	/System/Library/Frameworks/OpenGL.framework/Resources/GLEngine.bundle/GLEngine
0x00000000041fb000 	/System/Library/Frameworks/OpenGL.framework/Versions/A/Libraries/libGLProgrammability.dylib
0x00000001267b9000 	/System/Library/Extensions/AppleIntelHD5000GraphicsGLDriver.bundle/Contents/MacOS/AppleIntelHD5000GraphicsGLDriver
0x00000000041fb000 	/System/Library/PrivateFrameworks/GPUSupport.framework/Versions/A/Libraries/libGPUSupportMercury.dylib
0x0000000126f0c000 	/System/Library/Frameworks/OpenGL.framework/Resources//GLRendererFloat.bundle/GLRendererFloat
0x00000000041fb000 	/System/Library/Frameworks/OpenCL.framework/Versions/A/Libraries/libcldcpuengine.dylib
0x00000000041fb000 	/System/Library/PrivateFrameworks/DiskImages.framework/Versions/A/DiskImages
0x00000000041fb000 	/System/Library/Frameworks/DiscRecording.framework/Versions/A/DiscRecording
0x00000000041fb000 	/usr/lib/libcsfde.dylib
0x00000000041fb000 	/usr/lib/libcurl.4.dylib
0x00000000041fb000 	/System/Library/PrivateFrameworks/MediaKit.framework/Versions/A/MediaKit
0x00000000041fb000 	/System/Library/PrivateFrameworks/ProtectedCloudStorage.framework/Versions/A/ProtectedCloudStorage
0x00000000041fb000 	/usr/lib/libCoreStorage.dylib
0x00000000041fb000 	/System/Library/PrivateFrameworks/EFILogin.framework/Versions/A/EFILogin
0x00000000041fb000 	/usr/lib/libutil.dylib
0x00000000041fb000 	/System/Library/PrivateFrameworks/FindMyDevice.framework/Versions/A/FindMyDevice
0x00000000041fb000 	/System/Library/Frameworks/LDAP.framework/Versions/A/LDAP
0x00000000041fb000 	/usr/lib/libsasl2.2.dylib
0x00000000041fb000 	/System/Library/PrivateFrameworks/CoreDaemon.framework/Versions/B/CoreDaemon
0x00000000041fb000 	/usr/lib/libcrypto.0.9.8.dylib
0x00000000041fb000 	/System/Library/PrivateFrameworks/AppleSRP.framework/Versions/A/AppleSRP
0x00000000041fb000 	/System/Library/PrivateFrameworks/TrustEvaluationAgent.framework/Versions/A/TrustEvaluationAgent
0x000000012736f000 	/Library/Java/JavaVirtualMachines/jdk1.8.0_45.jdk/Contents/Home/jre/lib/libglass.dylib
0x00000000041fb000 	/System/Library/PrivateFrameworks/CoreServicesInternal.framework/Versions/A/CoreServicesInternal
0x00000001277b8000 	/System/Library/CoreServices/RawCamera.bundle/Contents/MacOS/RawCamera
0x00000000041fb000 	/System/Library/Frameworks/CoreGraphics.framework/Versions/A/Resources/libRIP.A.dylib
0x0000000127bd6000 	/System/Library/Frameworks/Accelerate.framework/Frameworks/vImage.framework/Versions/A/Libraries/libCGInterfaces.dylib
0x00000000041fb000 	/System/Library/PrivateFrameworks/FamilyControls.framework/Versions/A/FamilyControls
0x00000000041fb000 	/System/Library/PrivateFrameworks/CommerceKit.framework/Versions/A/Frameworks/CommerceCore.framework/Versions/A/CommerceCore
0x00000000041fb000 	/System/Library/PrivateFrameworks/SystemAdministration.framework/Versions/A/SystemAdministration
0x00000000041fb000 	/System/Library/PrivateFrameworks/AppContainer.framework/Versions/A/AppContainer
0x00000000041fb000 	/System/Library/PrivateFrameworks/SecCodeWrapper.framework/Versions/A/SecCodeWrapper
0x00000000041fb000 	/System/Library/Frameworks/DirectoryService.framework/Versions/A/DirectoryService
0x00000000041fb000 	/System/Library/PrivateFrameworks/LoginUIKit.framework/Versions/A/Frameworks/LoginUICore.framework/Versions/A/LoginUICore
0x00000000041fb000 	/usr/lib/libodfde.dylib
0x00000001284e4000 	/Library/Java/JavaVirtualMachines/jdk1.8.0_45.jdk/Contents/Home/jre/lib/libjavafx_font.dylib
0x00000000041fb000 	/System/Library/Frameworks/CoreGraphics.framework/Versions/A/Resources/libCGXType.A.dylib
0x0000000128485000 	cl_kernels
0x00000000041fb000 	/System/Library/Frameworks/OpenCL.framework/Versions/A/Libraries/ImageFormats/unorm8_bgra.dylib
0x00000000041fb000 	/System/Library/Frameworks/OpenCL.framework/Versions/A/Libraries/ImageFormats/unorm8_rgba.dylib
0x000000012b6b0000 	/Library/Java/JavaVirtualMachines/jdk1.8.0_45.jdk/Contents/Home/jre/lib/libprism_common.dylib
0x000000012b788000 	/System/Library/Extensions/AppleIntelHD5000GraphicsMTLDriver.bundle/Contents/MacOS/AppleIntelHD5000GraphicsMTLDriver
0x000000012b8ee000 	/System/Library/Frameworks/Security.framework/PlugIns/csparser.bundle/Contents/MacOS/csparser
0x00000000041fb000 	/System/Library/PrivateFrameworks/FinderKit.framework/Versions/A/FinderKit
0x00000000041fb000 	/System/Library/Frameworks/Quartz.framework/Versions/A/Frameworks/QuickLookUI.framework/Versions/A/QuickLookUI
0x00000000041fb000 	/System/Library/Frameworks/Quartz.framework/Versions/A/Frameworks/ImageKit.framework/Versions/A/ImageKit
0x00000000041fb000 	/System/Library/PrivateFrameworks/Bom.framework/Versions/A/Bom
0x00000000041fb000 	/System/Library/Frameworks/QuickLook.framework/Versions/A/QuickLook
0x00000000041fb000 	/System/Library/PrivateFrameworks/Suggestions.framework/Versions/A/Suggestions
0x00000000041fb000 	/System/Library/PrivateFrameworks/AppleSystemInfo.framework/Versions/A/AppleSystemInfo
0x00000000041fb000 	/System/Library/Frameworks/ImageCaptureCore.framework/Versions/A/ImageCaptureCore
0x000000012cad9000 	/System/Library/PrivateFrameworks/SafariServices.framework/Versions/A/SafariServices
0x00000000041fb000 	/usr/lib/libspindump.dylib
0x00000000041fb000 	/System/Library/Frameworks/QTKit.framework/Versions/A/QTKit
0x00000000041fb000 	/System/Library/Frameworks/AVFoundation.framework/Versions/A/AVFoundation
0x00000000041fb000 	/System/Library/Frameworks/CoreMedia.framework/Versions/A/CoreMedia
0x00000000041fb000 	/System/Library/Frameworks/MediaToolbox.framework/Versions/A/MediaToolbox
0x00000000041fb000 	/System/Library/Frameworks/VideoToolbox.framework/Versions/A/VideoToolbox
0x00000000041fb000 	/System/Library/PrivateFrameworks/CoreMediaAuthoring.framework/Versions/A/CoreMediaAuthoring
0x00000000041fb000 	/System/Library/Frameworks/CoreMediaIO.framework/Versions/A/CoreMediaIO
0x00000000041fb000 	/System/Library/Frameworks/AVFoundation.framework/Versions/A/Resources/libAVFAudio.dylib
0x00000000041fb000 	/System/Library/PrivateFrameworks/CoreAVCHD.framework/Versions/A/CoreAVCHD
0x00000000041fb000 	/System/Library/Frameworks/MediaAccessibility.framework/Versions/A/MediaAccessibility
0x00000000041fb000 	/System/Library/PrivateFrameworks/Mangrove.framework/Versions/A/Mangrove
0x00000000041fb000 	/System/Library/PrivateFrameworks/CoreAUC.framework/Versions/A/CoreAUC
0x00000000041fb000 	/System/Library/PrivateFrameworks/AppleVA.framework/Versions/A/AppleVA
0x00000000041fb000 	/System/Library/PrivateFrameworks/XPCService.framework/Versions/A/XPCService
0x00000000041fb000 	/System/Library/PrivateFrameworks/AppSandbox.framework/Versions/A/AppSandbox
0x000000012cae2000 	/usr/lib/libsandbox.1.dylib
0x00000000041fb000 	/usr/lib/libMatch.1.dylib
0x00000000041fb000 	/System/Library/PrivateFrameworks/DisplayServices.framework/Versions/A/DisplayServices
0x00000000041fb000 	/System/Library/Frameworks/Quartz.framework/Versions/A/Frameworks/PDFKit.framework/Versions/A/PDFKit
0x00000000041fb000 	/System/Library/Frameworks/Quartz.framework/Versions/A/Frameworks/QuartzComposer.framework/Versions/A/QuartzComposer
0x00000000041fb000 	/System/Library/Frameworks/Quartz.framework/Versions/A/Frameworks/QuartzFilters.framework/Versions/A/QuartzFilters
0x00000000041fb000 	/System/Library/PrivateFrameworks/CorePDF.framework/Versions/A/CorePDF
0x000000012f131000 	/System/Library/Frameworks/JavaScriptCore.framework/Versions/A/JavaScriptCore
0x00000000041fb000 	/System/Library/PrivateFrameworks/AppleFSCompression.framework/Versions/A/AppleFSCompression
0x00000000041fb000 	/System/Library/Frameworks/AddressBook.framework/Versions/A/AddressBook
0x00000000041fb000 	/System/Library/PrivateFrameworks/ContactsPersistence.framework/Versions/A/ContactsPersistence
0x00000000041fb000 	/System/Library/PrivateFrameworks/ContactsFoundation.framework/Versions/A/ContactsFoundation
0x00000000041fb000 	/System/Library/PrivateFrameworks/vCard.framework/Versions/A/vCard
0x00000000041fb000 	/System/Library/PrivateFrameworks/IntlPreferences.framework/Versions/A/IntlPreferences
0x00000000041fb000 	/System/Library/PrivateFrameworks/ToneLibrary.framework/Versions/A/ToneLibrary
0x00000000041fb000 	/System/Library/PrivateFrameworks/ToneKit.framework/Versions/A/ToneKit
0x00000000041fb000 	/System/Library/PrivateFrameworks/ApplePushService.framework/Versions/A/ApplePushService
0x00000000041fb000 	/System/Library/Frameworks/SecurityInterface.framework/Versions/A/SecurityInterface
0x00000000041fb000 	/System/Library/PrivateFrameworks/PhoneNumbers.framework/Versions/A/PhoneNumbers
0x00000000041fb000 	/System/Library/PrivateFrameworks/ViewBridge.framework/Versions/A/ViewBridge
0x00000000041fb000 	/System/Library/Frameworks/Quartz.framework/Versions/A/Quartz
0x00000000041fb000 	/System/Library/PrivateFrameworks/CloudDocs.framework/Versions/A/CloudDocs
0x00000000041fb000 	/System/Library/PrivateFrameworks/CoreDuet.framework/Versions/A/CoreDuet
0x00000000041fb000 	/System/Library/Frameworks/CloudKit.framework/Versions/A/CloudKit
0x00000000041fb000 	/System/Library/PrivateFrameworks/ProtocolBuffer.framework/Versions/A/ProtocolBuffer
0x00000000041fb000 	/System/Library/PrivateFrameworks/CoreDuetDaemonProtocol.framework/Versions/A/CoreDuetDaemonProtocol
0x00000000041fb000 	/System/Library/PrivateFrameworks/CoreDuetDebugLogging.framework/Versions/A/CoreDuetDebugLogging
0x00000000041fb000 	/System/Library/PrivateFrameworks/MMCS.framework/Versions/A/MMCS
0x00000000041fb000 	/System/Library/Frameworks/CoreLocation.framework/Versions/A/CoreLocation
0x00000000041fb000 	/System/Library/PrivateFrameworks/AssetCacheServices.framework/Versions/A/AssetCacheServices
0x00000000041fb000 	/System/Library/PrivateFrameworks/GeoServices.framework/Versions/A/GeoServices
0x00000000041fb000 	/System/Library/PrivateFrameworks/PlugInKit.framework/Versions/A/PlugInKit
0x00000000041fb000 	/System/Library/PrivateFrameworks/iLifeMediaBrowser.framework/Versions/A/iLifeMediaBrowser
0x00000000041fb000 	/System/Library/Frameworks/AVKit.framework/Versions/A/AVKit
0x00000000041fb000 	/System/Library/PrivateFrameworks/CacheDelete.framework/Versions/A/CacheDelete
0x000000012b25d000 	/usr/lib/libgermantok.dylib

VM Arguments:
jvm_args: -Dfile.encoding=UTF-8 
java_command: regioeditor.RegioEditor
java_class_path (initial): /Users/samuelchen/Documents/cse 219 hw/SimpleAppFramework/build/classes:/Users/samuelchen/Documents/cse 219 hw/javax.json-1.0.4.jar:/Users/samuelchen/Documents/cse 219 hw/PropertiesManager/build/classes:/Users/samuelchen/Documents/cse 219 hw/XMLUtilities/build/classes:/Users/samuelchen/NetBeansProjects/RegioEditor/build/classes
Launcher Type: SUN_STANDARD

Environment Variables:
PATH=/usr/bin:/bin:/usr/sbin:/sbin
LD_LIBRARY_PATH=/Library/Java/JavaVirtualMachines/jdk1.8.0_45.jdk/Contents/Home/jre/lib/amd64:/Library/Java/JavaVirtualMachines/jdk1.8.0_45.jdk/Contents/Home/jre/lib/i386:
SHELL=/bin/bash

Signal Handlers:
SIGSEGV: [libjvm.dylib+0x58ef95], sa_mask[0]=11111111011111110111111111111111, sa_flags=SA_ONSTACK|SA_RESTART|SA_SIGINFO
SIGBUS: [libjvm.dylib+0x58ef95], sa_mask[0]=11111111011111110111111111111111, sa_flags=SA_RESTART|SA_SIGINFO
SIGFPE: [libjvm.dylib+0x46c108], sa_mask[0]=11111111011111110111111111111111, sa_flags=SA_RESTART|SA_SIGINFO
SIGPIPE: [libjvm.dylib+0x46c108], sa_mask[0]=11111111011111110111111111111111, sa_flags=SA_RESTART|SA_SIGINFO
SIGXFSZ: [libjvm.dylib+0x46c108], sa_mask[0]=11111111011111110111111111111111, sa_flags=SA_RESTART|SA_SIGINFO
SIGILL: [libjvm.dylib+0x46c108], sa_mask[0]=11111111011111110111111111111111, sa_flags=SA_RESTART|SA_SIGINFO
SIGUSR1: SIG_DFL, sa_mask[0]=00000000000000000000000000000000, sa_flags=none
SIGUSR2: [libjvm.dylib+0x46bc26], sa_mask[0]=00100000000000000000000000000000, sa_flags=SA_RESTART|SA_SIGINFO
SIGHUP: [libjvm.dylib+0x46a1f9], sa_mask[0]=11111111011111110111111111111111, sa_flags=SA_RESTART|SA_SIGINFO
SIGINT: SIG_IGN, sa_mask[0]=00000000000000000000000000000000, sa_flags=none
SIGTERM: [libjvm.dylib+0x46a1f9], sa_mask[0]=11111111011111110111111111111111, sa_flags=SA_RESTART|SA_SIGINFO
SIGQUIT: [libjvm.dylib+0x46a1f9], sa_mask[0]=11111111011111110111111111111111, sa_flags=SA_RESTART|SA_SIGINFO


---------------  S Y S T E M  ---------------

OS:Bsduname:Darwin 15.5.0 Darwin Kernel Version 15.5.0: Tue Apr 19 18:36:36 PDT 2016; root:xnu-3248.50.21~8/RELEASE_X86_64 x86_64
rlimit: STACK 8192k, CORE 0k, NPROC 709, NOFILE 10240, AS infinity
load average:2.23 2.11 1.93

CPU:total 4 (2 cores per cpu, 2 threads per core) family 6 model 69 stepping 1, cmov, cx8, fxsr, mmx, sse, sse2, sse3, ssse3, sse4.1, sse4.2, popcnt, avx, avx2, aes, clmul, erms, lzcnt, ht, tsc, tscinvbit, bmi1, bmi2

Memory: 4k page, physical 4194304k(19064k free)

/proc/meminfo:


vm_info: Java HotSpot(TM) 64-Bit Server VM (25.45-b02) for bsd-amd64 JRE (1.8.0_45-b14), built on Apr 10 2015 10:46:38 by "java_re" with gcc 4.2.1 (Based on Apple Inc. build 5658) (LLVM build 2336.11.00)

time: Sun Jul 10 15:16:23 2016
elapsed time: 125 seconds (0d 0h 2m 5s)

