#
# A fatal error has been detected by the Java Runtime Environment:
#
#  SIGSEGV (0xb) at pc=0x000000011e34258d, pid=32190, tid=2571
#
# JRE version: Java(TM) SE Runtime Environment (8.0_45-b14) (build 1.8.0_45-b14)
# Java VM: Java HotSpot(TM) 64-Bit Server VM (25.45-b02 mixed mode bsd-amd64 compressed oops)
# Problematic frame:
# C  [libglass.dylib+0x1558d]  GlassScreenDidChangeScreenParameters+0x9d
#
# Failed to write core dump. Core dumps have been disabled. To enable core dumping, try "ulimit -c unlimited" before starting Java again
#
# If you would like to submit a bug report, please visit:
#   http://bugreport.java.com/bugreport/crash.jsp
#

---------------  T H R E A D  ---------------

Current thread is native thread

siginfo: si_signo: 11 (SIGSEGV), si_code: 1 (SEGV_MAPERR), si_addr: 0x0000000000000000

Registers:
RAX=0x000000011e374bc0, RBX=0x0000000000000000, RCX=0x0000000000000103, RDX=0x00007f917ae62080
RSP=0x00007fff59810a10, RBP=0x00007fff59810a20, RSI=0x00007f917ad17650, RDI=0x0000000000000000
R8 =0x0000000000000040, R9 =0x00007fff7616c1e0, R10=0xffffffffffffffff, R11=0x0000000000000246
R12=0x00007f917af83040, R13=0x00007f917ad7a350, R14=0x00007f917ad7a410, R15=0x0000000000000000
RIP=0x000000011e34258d, EFLAGS=0x0000000000010202, ERR=0x0000000000000004
  TRAPNO=0x000000000000000e

Top of Stack: (sp=0x00007fff59810a10)
0x00007fff59810a10:   00007fff59810a68 00007f917ad7a410
0x00007fff59810a20:   00007fff59810a30 00007fff9181bbbc
0x00007fff59810a30:   00007fff59810a50 00007fff9181bb4f
0x00007fff59810a40:   0000000000000000 0000000000000000
0x00007fff59810a50:   00007fff59810ac0 00007fff9181bac7
0x00007fff59810a60:   00007fff76d609d0 00007fff761940a0
0x00007fff59810a70:   0000000042000000 00007fff9181bb10
0x00007fff59810a80:   00007fff769bc720 00007f917ad7a350
0x00007fff59810a90:   00007f917af83040 00007fff59811268
0x00007fff59810aa0:   00007fff76ae9780 00007fff59811268
0x00007fff59810ab0:   00007f917ad7a350 00007fff91bdb9e2
0x00007fff59810ac0:   00007fff59810b00 00007fff9181b832
0x00007fff59810ad0:   00007fff598110e0 0000000000000000
0x00007fff59810ae0:   00007fff76ae9780 00007fff59811268
0x00007fff59810af0:   00007fff86f8e4c0 00007fff91bdb9e2
0x00007fff59810b00:   00007fff59811210 00007fff917d85e2
0x00007fff59810b10:   00007f9100000001 00007f917af6d1f0
0x00007fff59810b20:   00007f917afcff60 00007f917ad1bda0
0x00007fff59810b30:   00007f917b00a080 00007f917ad58960
0x00007fff59810b40:   0000000000000000 00007f917ad7a470
0x00007fff59810b50:   0000000000000000 0000000000000000
0x00007fff59810b60:   00007fff769f9bc0 00007fff598110e0
0x00007fff59810b70:   0000000000000001 0000000000000100
0x00007fff59810b80:   4095780000000000 00007fff59810fe0
0x00007fff59810b90:   0000000000000000 0000000000000100
0x00007fff59810ba0:   4096800000000000 00007fff76ae9780
0x00007fff59810bb0:   0000000000000000 00007fff769bd500
0x00007fff59810bc0:   00007fff76ae9780 0000000000000000
0x00007fff59810bd0:   00007fff769bd500 404a000000000000
0x00007fff59810be0:   4040800000000000 0000000000000000
0x00007fff59810bf0:   4095780000000000 404a000000000000
0x00007fff59810c00:   ffffffffffffffff 00007f917afcff70 

Instructions: (pc=0x000000011e34258d)
0x000000011e34256d:   89 df 4c 89 f1 41 ff 90 68 04 00 00 48 8d 05 48
0x000000011e34257d:   25 03 00 48 8b 30 48 8d 05 36 26 03 00 48 8b 10
0x000000011e34258d:   48 8b 0b 30 c0 48 89 df ff 91 68 04 00 00 48 8b
0x000000011e34259d:   03 48 89 df ff 50 78 48 85 c0 74 36 49 89 c6 48 

Register to memory mapping:

RAX=0x000000011e374bc0: jScreenNotifySettingsChanged+0 in /Library/Java/JavaVirtualMachines/jdk1.8.0_45.jdk/Contents/Home/jre/lib/libglass.dylib at 0x000000011e32d000
RBX=0x0000000000000000 is an unknown value
RCX=0x0000000000000103 is an unknown value
RDX=0x00007f917ae62080 is an unknown value
RSP=0x00007fff59810a10 is an unknown value
RBP=0x00007fff59810a20 is an unknown value
RSI=0x00007f917ad17650 is a global jni handle
RDI=0x0000000000000000 is an unknown value
R8 =0x0000000000000040 is an unknown value
R9 =0x00007fff7616c1e0: __sFX+0x1c0 in /usr/lib/system/libsystem_c.dylib at 0x00007fff8d7fc000
R10=0xffffffffffffffff is an unknown value
R11=0x0000000000000246 is an unknown value
R12=0x00007f917af83040 is an unknown value
R13=0x00007f917ad7a350 is an unknown value
R14=0x00007f917ad7a410 is an unknown value
R15=0x0000000000000000 is an unknown value


Stack: [0x00007fff59014000,0x00007fff59814000],  sp=0x00007fff59810a10,  free space=8178k
Native frames: (J=compiled Java code, j=interpreted, Vv=VM code, C=native code)
C  [libglass.dylib+0x1558d]  GlassScreenDidChangeScreenParameters+0x9d
C  [CoreFoundation+0xa0bbc]  __CFNOTIFICATIONCENTER_IS_CALLING_OUT_TO_AN_OBSERVER__+0xc
C  [CoreFoundation+0xa0b4f]  ___CFXRegistrationPost_block_invoke+0x3f
C  [CoreFoundation+0xa0ac7]  _CFXRegistrationPost+0x197
C  [CoreFoundation+0xa0832]  ___CFXNotificationPost_block_invoke+0x32
C  [CoreFoundation+0x5d5e2]  -[_CFXNotificationRegistrar find:object:observer:enumerator:]+0x782
C  [CoreFoundation+0x5c835]  _CFXNotificationPost+0x2b5
C  [Foundation+0x717a]  -[NSNotificationCenter postNotificationName:object:userInfo:]+0x42
C  [AppKit+0x41c08b]  -[NSApplication _reactToScreenInvalidationImmediately:]+0x17f
C  [AppKit+0x41bedc]  __44-[NSApplication _reactToScreenInvalidation:]_block_invoke+0x3b
C  [CoreFoundation+0xaa4ac]  __CFRUNLOOP_IS_CALLING_OUT_TO_A_BLOCK__+0xc
C  [CoreFoundation+0x89d05]  __CFRunLoopDoBlocks+0x155
C  [CoreFoundation+0x89a6b]  __CFRunLoopRun+0x92b
C  [CoreFoundation+0x88ed8]  CFRunLoopRunSpecific+0x128
C  [java+0x6490]  CreateExecutionEnvironment+0x367
C  [java+0x221c]  JLI_Launch+0x7a0
C  [java+0x84ed]  main+0x65
C  [java+0x1a74]  start+0x34


---------------  P R O C E S S  ---------------

VM state:not at safepoint (normal execution)

VM Mutex/Monitor currently owned by a thread: None

Heap:
 PSYoungGen      total 43520K, used 34654K [0x00000007aab00000, 0x00000007b0400000, 0x00000007c0000000)
  eden space 32256K, 72% used [0x00000007aab00000,0x00000007ac1d7b98,0x00000007aca80000)
  from space 11264K, 99% used [0x00000007aca80000,0x00000007ad57fc68,0x00000007ad580000)
  to   space 13824K, 0% used [0x00000007af680000,0x00000007af680000,0x00000007b0400000)
 ParOldGen       total 35328K, used 9994K [0x0000000780000000, 0x0000000782280000, 0x00000007aab00000)
  object space 35328K, 28% used [0x0000000780000000,0x00000007809c2a20,0x0000000782280000)
 Metaspace       used 23586K, capacity 24994K, committed 25088K, reserved 1071104K
  class space    used 3246K, capacity 3528K, committed 3584K, reserved 1048576K

Card table byte_map: [0x0000000117b29000,0x0000000117d2a000] byte_map_base: 0x0000000113f29000

Marking Bits: (ParMarkBitMap*) 0x00000001080c27a0
 Begin Bits: [0x0000000117e80000, 0x0000000118e80000)
 End Bits:   [0x0000000118e80000, 0x0000000119e80000)

Polling page: 0x000000010640a000

CodeCache: size=245760Kb used=13886Kb max_used=13898Kb free=231873Kb
 bounds [0x0000000108769000, 0x0000000109519000, 0x0000000117769000]
 total_blobs=4859 nmethods=4125 adapters=646
 compilation: enabled

Compilation events (10 events):
Event: 424.661 Thread 0x00007f917c001000 4583       4       java.util.concurrent.atomic.AtomicBoolean::get (13 bytes)
Event: 424.662 Thread 0x00007f917c001000 nmethod 4583 0x000000010907d210 code [0x000000010907d360, 0x000000010907d3d8]
Event: 425.443 Thread 0x00007f917b832000 4584       3       java.lang.invoke.MemberName::<init> (131 bytes)
Event: 425.446 Thread 0x00007f917b832000 nmethod 4584 0x0000000109505610 code [0x00000001095058e0, 0x0000000109506cd8]
Event: 425.462 Thread 0x00007f917b832000 4585       3       java.lang.Class::checkMemberAccess (49 bytes)
Event: 425.463 Thread 0x00007f917b832000 nmethod 4585 0x0000000109504d50 code [0x0000000109504f00, 0x0000000109505458]
Event: 425.463 Thread 0x00007f917b832000 4586       3       java.lang.Class$ReflectionData::<init> (10 bytes)
Event: 425.463 Thread 0x00007f917b832000 nmethod 4586 0x00000001094d7090 code [0x00000001094d7200, 0x00000001094d73b0]
Event: 484.807 Thread 0x00007f917b06a800 4587 % !   4       com.sun.media.sound.SoftAudioPusher::run @ 15 (62 bytes)
Event: 484.822 Thread 0x00007f917b06a800 nmethod 4587% 0x0000000109509090 code [0x0000000109509220, 0x00000001095096c8]

GC Heap History (10 events):
Event: 44.625 GC heap before
{Heap before GC invocations=4 (full 0):
 PSYoungGen      total 18944K, used 18936K [0x00000007aab00000, 0x00000007ac000000, 0x00000007c0000000)
  eden space 16384K, 100% used [0x00000007aab00000,0x00000007abb00000,0x00000007abb00000)
  from space 2560K, 99% used [0x00000007abb00000,0x00000007abd7e150,0x00000007abd80000)
  to   space 2560K, 0% used [0x00000007abd80000,0x00000007abd80000,0x00000007ac000000)
 ParOldGen       total 44032K, used 7525K [0x0000000780000000, 0x0000000782b00000, 0x00000007aab00000)
  object space 44032K, 17% used [0x0000000780000000,0x00000007807597a8,0x0000000782b00000)
 Metaspace       used 19585K, capacity 20460K, committed 20736K, reserved 1067008K
  class space    used 2770K, capacity 2994K, committed 3072K, reserved 1048576K
Event: 44.647 GC heap after
Heap after GC invocations=4 (full 0):
 PSYoungGen      total 18944K, used 2536K [0x00000007aab00000, 0x00000007ad000000, 0x00000007c0000000)
  eden space 16384K, 0% used [0x00000007aab00000,0x00000007aab00000,0x00000007abb00000)
  from space 2560K, 99% used [0x00000007abd80000,0x00000007abffa140,0x00000007ac000000)
  to   space 2560K, 0% used [0x00000007abb00000,0x00000007abb00000,0x00000007abd80000)
 ParOldGen       total 44032K, used 15117K [0x0000000780000000, 0x0000000782b00000, 0x00000007aab00000)
  object space 44032K, 34% used [0x0000000780000000,0x0000000780ec3598,0x0000000782b00000)
 Metaspace       used 19585K, capacity 20460K, committed 20736K, reserved 1067008K
  class space    used 2770K, capacity 2994K, committed 3072K, reserved 1048576K
}
Event: 44.822 GC heap before
{Heap before GC invocations=5 (full 0):
 PSYoungGen      total 18944K, used 12739K [0x00000007aab00000, 0x00000007ad000000, 0x00000007c0000000)
  eden space 16384K, 62% used [0x00000007aab00000,0x00000007ab4f6b70,0x00000007abb00000)
  from space 2560K, 99% used [0x00000007abd80000,0x00000007abffa140,0x00000007ac000000)
  to   space 2560K, 0% used [0x00000007abb00000,0x00000007abb00000,0x00000007abd80000)
 ParOldGen       total 44032K, used 15117K [0x0000000780000000, 0x0000000782b00000, 0x00000007aab00000)
  object space 44032K, 34% used [0x0000000780000000,0x0000000780ec3598,0x0000000782b00000)
 Metaspace       used 20212K, capacity 21168K, committed 21296K, reserved 1067008K
  class space    used 2880K, capacity 3108K, committed 3200K, reserved 1048576K
Event: 44.836 GC heap after
Heap after GC invocations=5 (full 0):
 PSYoungGen      total 18944K, used 2528K [0x00000007aab00000, 0x00000007ae200000, 0x00000007c0000000)
  eden space 16384K, 0% used [0x00000007aab00000,0x00000007aab00000,0x00000007abb00000)
  from space 2560K, 98% used [0x00000007abb00000,0x00000007abd783f8,0x00000007abd80000)
  to   space 11776K, 0% used [0x00000007ad680000,0x00000007ad680000,0x00000007ae200000)
 ParOldGen       total 44032K, used 17234K [0x0000000780000000, 0x0000000782b00000, 0x00000007aab00000)
  object space 44032K, 39% used [0x0000000780000000,0x00000007810d48e0,0x0000000782b00000)
 Metaspace       used 20212K, capacity 21168K, committed 21296K, reserved 1067008K
  class space    used 2880K, capacity 3108K, committed 3200K, reserved 1048576K
}
Event: 44.836 GC heap before
{Heap before GC invocations=6 (full 1):
 PSYoungGen      total 18944K, used 2528K [0x00000007aab00000, 0x00000007ae200000, 0x00000007c0000000)
  eden space 16384K, 0% used [0x00000007aab00000,0x00000007aab00000,0x00000007abb00000)
  from space 2560K, 98% used [0x00000007abb00000,0x00000007abd783f8,0x00000007abd80000)
  to   space 11776K, 0% used [0x00000007ad680000,0x00000007ad680000,0x00000007ae200000)
 ParOldGen       total 44032K, used 17234K [0x0000000780000000, 0x0000000782b00000, 0x00000007aab00000)
  object space 44032K, 39% used [0x0000000780000000,0x00000007810d48e0,0x0000000782b00000)
 Metaspace       used 20212K, capacity 21168K, committed 21296K, reserved 1067008K
  class space    used 2880K, capacity 3108K, committed 3200K, reserved 1048576K
Event: 44.884 GC heap after
Heap after GC invocations=6 (full 1):
 PSYoungGen      total 18944K, used 0K [0x00000007aab00000, 0x00000007ae200000, 0x00000007c0000000)
  eden space 16384K, 0% used [0x00000007aab00000,0x00000007aab00000,0x00000007abb00000)
  from space 2560K, 0% used [0x00000007abb00000,0x00000007abb00000,0x00000007abd80000)
  to   space 11776K, 0% used [0x00000007ad680000,0x00000007ad680000,0x00000007ae200000)
 ParOldGen       total 35328K, used 9346K [0x0000000780000000, 0x0000000782280000, 0x00000007aab00000)
  object space 35328K, 26% used [0x0000000780000000,0x0000000780920a20,0x0000000782280000)
 Metaspace       used 20212K, capacity 21168K, committed 21296K, reserved 1067008K
  class space    used 2880K, capacity 3108K, committed 3200K, reserved 1048576K
}
Event: 69.753 GC heap before
{Heap before GC invocations=7 (full 1):
 PSYoungGen      total 18944K, used 14847K [0x00000007aab00000, 0x00000007ae200000, 0x00000007c0000000)
  eden space 16384K, 90% used [0x00000007aab00000,0x00000007ab97fca0,0x00000007abb00000)
  from space 2560K, 0% used [0x00000007abb00000,0x00000007abb00000,0x00000007abd80000)
  to   space 11776K, 0% used [0x00000007ad680000,0x00000007ad680000,0x00000007ae200000)
 ParOldGen       total 35328K, used 9346K [0x0000000780000000, 0x0000000782280000, 0x00000007aab00000)
  object space 35328K, 26% used [0x0000000780000000,0x0000000780920a20,0x0000000782280000)
 Metaspace       used 22109K, capacity 23412K, committed 23680K, reserved 1069056K
  class space    used 3132K, capacity 3397K, committed 3456K, reserved 1048576K
Event: 69.766 GC heap after
Heap after GC invocations=7 (full 1):
 PSYoungGen      total 42496K, used 3528K [0x00000007aab00000, 0x00000007ae080000, 0x00000007c0000000)
  eden space 32256K, 0% used [0x00000007aab00000,0x00000007aab00000,0x00000007aca80000)
  from space 10240K, 34% used [0x00000007ad680000,0x00000007ad9f22f8,0x00000007ae080000)
  to   space 11264K, 0% used [0x00000007aca80000,0x00000007aca80000,0x00000007ad580000)
 ParOldGen       total 35328K, used 9354K [0x0000000780000000, 0x0000000782280000, 0x00000007aab00000)
  object space 35328K, 26% used [0x0000000780000000,0x0000000780922a20,0x0000000782280000)
 Metaspace       used 22109K, capacity 23412K, committed 23680K, reserved 1069056K
  class space    used 3132K, capacity 3397K, committed 3456K, reserved 1048576K
}
Event: 195.946 GC heap before
{Heap before GC invocations=8 (full 1):
 PSYoungGen      total 42496K, used 35784K [0x00000007aab00000, 0x00000007ae080000, 0x00000007c0000000)
  eden space 32256K, 100% used [0x00000007aab00000,0x00000007aca80000,0x00000007aca80000)
  from space 10240K, 34% used [0x00000007ad680000,0x00000007ad9f22f8,0x00000007ae080000)
  to   space 11264K, 0% used [0x00000007aca80000,0x00000007aca80000,0x00000007ad580000)
 ParOldGen       total 35328K, used 9354K [0x0000000780000000, 0x0000000782280000, 0x00000007aab00000)
  object space 35328K, 26% used [0x0000000780000000,0x0000000780922a20,0x0000000782280000)
 Metaspace       used 23399K, capacity 24834K, committed 25088K, reserved 1071104K
  class space    used 3239K, capacity 3520K, committed 3584K, reserved 1048576K
Event: 195.961 GC heap after
Heap after GC invocations=8 (full 1):
 PSYoungGen      total 43520K, used 11263K [0x00000007aab00000, 0x00000007b0400000, 0x00000007c0000000)
  eden space 32256K, 0% used [0x00000007aab00000,0x00000007aab00000,0x00000007aca80000)
  from space 11264K, 99% used [0x00000007aca80000,0x00000007ad57fc68,0x00000007ad580000)
  to   space 13824K, 0% used [0x00000007af680000,0x00000007af680000,0x00000007b0400000)
 ParOldGen       total 35328K, used 9994K [0x0000000780000000, 0x0000000782280000, 0x00000007aab00000)
  object space 35328K, 28% used [0x0000000780000000,0x00000007809c2a20,0x0000000782280000)
 Metaspace       used 23399K, capacity 24834K, committed 25088K, reserved 1071104K
  class space    used 3239K, capacity 3520K, committed 3584K, reserved 1048576K
}

Deoptimization events (10 events):
Event: 200.564 Thread 0x00007f917b0ce800 Uncommon trap: reason=null_check action=make_not_entrant pc=0x000000010921ecf4 method=javafx.scene.Node$MiscProperties.getEffect()Ljavafx/scene/effect/Effect; @ 20
Event: 200.572 Thread 0x00007f917b0ce800 Uncommon trap: reason=unstable_if action=reinterpret pc=0x0000000109477970 method=javafx.scene.layout.Region.getPrefHeight()D @ 4
Event: 200.581 Thread 0x00007f917b0c1800 Uncommon trap: reason=unstable_if action=reinterpret pc=0x000000010943a724 method=com.sun.javafx.font.coretext.CTFontStrike.getQuantizedPosition(Lcom/sun/javafx/geom/Point2D;)I @ 20
Event: 200.581 Thread 0x00007f917b0c1800 Uncommon trap: reason=null_check action=make_not_entrant pc=0x000000010943f450 method=com.sun.prism.impl.GlyphCache.getCachedGlyph(II)Lcom/sun/prism/impl/GlyphCache$GlyphData; @ 28
Event: 201.664 Thread 0x00007f917b0c1800 Uncommon trap: reason=unstable_if action=reinterpret pc=0x000000010943bc50 method=com.sun.prism.impl.ps.BaseShaderContext.updatePerVertexColor(Lcom/sun/prism/paint/Paint;F)V @ 11
Event: 204.164 Thread 0x00007f917b0c1800 Uncommon trap: reason=unstable_if action=reinterpret pc=0x00000001090be6ac method=com.sun.javafx.sg.prism.NGNode.renderRectClip(Lcom/sun/prism/Graphics;Lcom/sun/javafx/sg/prism/NGRectangle;)V @ 82
Event: 204.165 Thread 0x00007f917b0c1800 Uncommon trap: reason=unstable_if action=reinterpret pc=0x000000010920ddb0 method=com.sun.javafx.sg.prism.NGNode.renderRectClip(Lcom/sun/prism/Graphics;Lcom/sun/javafx/sg/prism/NGRectangle;)V @ 82
Event: 208.617 Thread 0x00007f917c22e000 Uncommon trap: reason=unstable_if action=reinterpret pc=0x000000010949241c method=com.sun.media.sound.SoftSynthesizer$WeakAudioStream.read([BII)I @ 32
Event: 375.372 Thread 0x00007f917c22e000 Uncommon trap: reason=unstable_if action=reinterpret pc=0x00000001095038b0 method=com.sun.media.sound.SoftJitterCorrector$JitterStream$1.run()V @ 525
Event: 392.721 Thread 0x00007f917c250000 Uncommon trap: reason=unstable_if action=reinterpret pc=0x00000001095038b0 method=com.sun.media.sound.SoftJitterCorrector$JitterStream$1.run()V @ 525

Internal exceptions (10 events):
Event: 83.925 Thread 0x00007f917b0ce800 Exception <a 'java/io/FileNotFoundException'> (0x00000007abd91ca8) thrown at [/Users/java_re/workspace/8-2-build-macosx-x86_64/jdk8u45/3457/hotspot/src/share/vm/prims/jni.cpp, line 709]
Event: 83.932 Thread 0x00007f917c250000 Implicit null exception at 0x0000000109181f74 to 0x00000001091821f1
Event: 195.987 Thread 0x00007f91812fe800 Implicit null exception at 0x000000010895cd3c to 0x000000010895cfbb
Event: 195.995 Thread 0x00007f917c22e000 Implicit null exception at 0x0000000108a71a48 to 0x0000000108a743ad
Event: 195.995 Thread 0x00007f917c22e000 Implicit null exception at 0x00000001091b8fc1 to 0x00000001091ba3d9
Event: 195.995 Thread 0x00007f917c22e000 Implicit null exception at 0x00000001088fdb84 to 0x00000001088fe2c1
Event: 195.996 Thread 0x00007f917c22e000 Implicit null exception at 0x00000001091833f7 to 0x0000000109183845
Event: 200.564 Thread 0x00007f917b0ce800 Implicit null exception at 0x000000010921e308 to 0x000000010921ecd9
Event: 200.581 Thread 0x00007f917b0c1800 Implicit null exception at 0x000000010943f0a2 to 0x000000010943f42c
Event: 208.617 Thread 0x00007f917c22e000 Implicit null exception at 0x0000000109491cd6 to 0x00000001094923f1

Events (10 events):
Event: 425.465 loading class com/sun/javafx/tk/quantum/QuantumToolkit done
Event: 425.465 Thread 0x00007f917b0c1800 Thread exited: 0x00007f917b0c1800
Event: 425.465 Thread 0x00007f917c0f0800 Thread exited: 0x00007f917c0f0800
Event: 425.466 Thread 0x00007f917b0ce800 Thread exited: 0x00007f917b0ce800
Event: 425.466 Thread 0x00007f917b807800 Thread exited: 0x00007f917b807800
Event: 425.466 Thread 0x00007f917b807800 Thread added: 0x00007f917b807800
Event: 513.414 Thread 0x00007f91812fe800 DEOPT PACKING pc=0x00000001094d0363 sp=0x0000700001efc860
Event: 513.414 Thread 0x00007f91812fe800 DEOPT UNPACKING pc=0x00000001087b0633 sp=0x0000700001efc600 mode 0
Event: 555.283 Thread 0x00007f91812be000 DEOPT PACKING pc=0x00000001094d0363 sp=0x0000700001bf3860
Event: 555.283 Thread 0x00007f91812be000 DEOPT UNPACKING pc=0x00000001087b0633 sp=0x0000700001bf3600 mode 0


Dynamic libraries:
0x00000000041fb000 	/System/Library/Frameworks/Cocoa.framework/Versions/A/Cocoa
0x000000010640b000 	/System/Library/Frameworks/Security.framework/Versions/A/Security
0x00000000041fb000 	/System/Library/Frameworks/ApplicationServices.framework/Versions/A/ApplicationServices
0x00000000041fb000 	/usr/lib/libz.1.dylib
0x00000000041fb000 	/usr/lib/libSystem.B.dylib
0x00000000041fb000 	/usr/lib/libobjc.A.dylib
0x00000000041fb000 	/System/Library/Frameworks/CoreFoundation.framework/Versions/A/CoreFoundation
0x00000000041fb000 	/System/Library/Frameworks/Foundation.framework/Versions/C/Foundation
0x00000000041fb000 	/System/Library/Frameworks/AppKit.framework/Versions/C/AppKit
0x00000000041fb000 	/System/Library/Frameworks/CoreData.framework/Versions/A/CoreData
0x00000000041fb000 	/System/Library/PrivateFrameworks/RemoteViewServices.framework/Versions/A/RemoteViewServices
0x00000000041fb000 	/System/Library/PrivateFrameworks/UIFoundation.framework/Versions/A/UIFoundation
0x00000000041fb000 	/usr/lib/libScreenReader.dylib
0x00000000041fb000 	/System/Library/Frameworks/Accelerate.framework/Versions/A/Accelerate
0x00000000041fb000 	/System/Library/Frameworks/IOSurface.framework/Versions/A/IOSurface
0x00000000041fb000 	/System/Library/Frameworks/AudioToolbox.framework/Versions/A/AudioToolbox
0x00000000041fb000 	/System/Library/Frameworks/AudioUnit.framework/Versions/A/AudioUnit
0x00000000041fb000 	/System/Library/PrivateFrameworks/DataDetectorsCore.framework/Versions/A/DataDetectorsCore
0x00000000041fb000 	/System/Library/PrivateFrameworks/DesktopServicesPriv.framework/Versions/A/DesktopServicesPriv
0x00000000041fb000 	/System/Library/Frameworks/Carbon.framework/Versions/A/Frameworks/HIToolbox.framework/Versions/A/HIToolbox
0x00000000041fb000 	/System/Library/Frameworks/QuartzCore.framework/Versions/A/QuartzCore
0x00000000041fb000 	/System/Library/Frameworks/Carbon.framework/Versions/A/Frameworks/SpeechRecognition.framework/Versions/A/SpeechRecognition
0x00000000041fb000 	/usr/lib/libauto.dylib
0x00000000041fb000 	/usr/lib/libicucore.A.dylib
0x00000000041fb000 	/usr/lib/libxml2.2.dylib
0x00000000041fb000 	/System/Library/PrivateFrameworks/CoreUI.framework/Versions/A/CoreUI
0x00000000041fb000 	/System/Library/Frameworks/CoreAudio.framework/Versions/A/CoreAudio
0x00000000041fb000 	/System/Library/Frameworks/DiskArbitration.framework/Versions/A/DiskArbitration
0x00000000041fb000 	/usr/lib/liblangid.dylib
0x00000000041fb000 	/System/Library/PrivateFrameworks/MultitouchSupport.framework/Versions/A/MultitouchSupport
0x00000000041fb000 	/System/Library/Frameworks/IOKit.framework/Versions/A/IOKit
0x00000000041fb000 	/usr/lib/libDiagnosticMessagesClient.dylib
0x00000000041fb000 	/System/Library/Frameworks/CoreServices.framework/Versions/A/CoreServices
0x00000000041fb000 	/System/Library/PrivateFrameworks/PerformanceAnalysis.framework/Versions/A/PerformanceAnalysis
0x00000000041fb000 	/System/Library/PrivateFrameworks/GenerationalStorage.framework/Versions/A/GenerationalStorage
0x00000000041fb000 	/System/Library/Frameworks/OpenGL.framework/Versions/A/OpenGL
0x00000000041fb000 	/System/Library/PrivateFrameworks/Sharing.framework/Versions/A/Sharing
0x00000000041fb000 	/System/Library/Frameworks/CoreGraphics.framework/Versions/A/CoreGraphics
0x00000000041fb000 	/System/Library/Frameworks/CoreImage.framework/Versions/A/CoreImage
0x00000000041fb000 	/System/Library/Frameworks/CoreText.framework/Versions/A/CoreText
0x00000000041fb000 	/System/Library/Frameworks/ImageIO.framework/Versions/A/ImageIO
0x00000000041fb000 	/System/Library/PrivateFrameworks/Backup.framework/Versions/A/Backup
0x00000000041fb000 	/usr/lib/libextension.dylib
0x00000000041fb000 	/usr/lib/libarchive.2.dylib
0x000000010682b000 	/System/Library/Frameworks/CFNetwork.framework/Versions/A/CFNetwork
0x00000000041fb000 	/System/Library/Frameworks/SystemConfiguration.framework/Versions/A/SystemConfiguration
0x00000000041fb000 	/usr/lib/libCRFSuite.dylib
0x00000000041fb000 	/usr/lib/libc++.1.dylib
0x00000000041fb000 	/usr/lib/libc++abi.dylib
0x00000000041fb000 	/usr/lib/system/libcache.dylib
0x00000000041fb000 	/usr/lib/system/libcommonCrypto.dylib
0x00000000041fb000 	/usr/lib/system/libcompiler_rt.dylib
0x00000000041fb000 	/usr/lib/system/libcopyfile.dylib
0x00000000041fb000 	/usr/lib/system/libcorecrypto.dylib
0x00000000041fb000 	/usr/lib/system/libdispatch.dylib
0x00000000041fb000 	/usr/lib/system/libdyld.dylib
0x00000000041fb000 	/usr/lib/system/libkeymgr.dylib
0x0000000106ca1000 	/usr/lib/system/liblaunch.dylib
0x00000000041fb000 	/usr/lib/system/libmacho.dylib
0x00000000041fb000 	/usr/lib/system/libquarantine.dylib
0x00000000041fb000 	/usr/lib/system/libremovefile.dylib
0x00000000041fb000 	/usr/lib/system/libsystem_asl.dylib
0x00000000041fb000 	/usr/lib/system/libsystem_blocks.dylib
0x00000000041fb000 	/usr/lib/system/libsystem_c.dylib
0x00000000041fb000 	/usr/lib/system/libsystem_configuration.dylib
0x00000000041fb000 	/usr/lib/system/libsystem_coreservices.dylib
0x00000000041fb000 	/usr/lib/system/libsystem_coretls.dylib
0x00000000041fb000 	/usr/lib/system/libsystem_dnssd.dylib
0x00000000041fb000 	/usr/lib/system/libsystem_info.dylib
0x00000000041fb000 	/usr/lib/system/libsystem_kernel.dylib
0x00000000041fb000 	/usr/lib/system/libsystem_m.dylib
0x00000000041fb000 	/usr/lib/system/libsystem_malloc.dylib
0x00000000041fb000 	/usr/lib/system/libsystem_network.dylib
0x00000000041fb000 	/usr/lib/system/libsystem_networkextension.dylib
0x00000000041fb000 	/usr/lib/system/libsystem_notify.dylib
0x00000000041fb000 	/usr/lib/system/libsystem_platform.dylib
0x00000000041fb000 	/usr/lib/system/libsystem_pthread.dylib
0x0000000106caf000 	/usr/lib/system/libsystem_sandbox.dylib
0x00000000041fb000 	/usr/lib/system/libsystem_secinit.dylib
0x00000000041fb000 	/usr/lib/system/libsystem_trace.dylib
0x00000000041fb000 	/usr/lib/system/libunc.dylib
0x00000000041fb000 	/usr/lib/system/libunwind.dylib
0x0000000106cbc000 	/usr/lib/system/libxpc.dylib
0x00000000041fb000 	/usr/lib/libenergytrace.dylib
0x00000000041fb000 	/usr/lib/libbsm.0.dylib
0x00000000041fb000 	/usr/lib/system/libkxld.dylib
0x00000000041fb000 	/usr/lib/libxar.1.dylib
0x00000000041fb000 	/usr/lib/libsqlite3.dylib
0x00000000041fb000 	/usr/lib/libpam.2.dylib
0x00000000041fb000 	/usr/lib/libOpenScriptingUtil.dylib
0x00000000041fb000 	/usr/lib/libbz2.1.0.dylib
0x00000000041fb000 	/usr/lib/liblzma.5.dylib
0x00000000041fb000 	/System/Library/Frameworks/CoreServices.framework/Versions/A/Frameworks/FSEvents.framework/Versions/A/FSEvents
0x00000000041fb000 	/System/Library/Frameworks/CoreServices.framework/Versions/A/Frameworks/CarbonCore.framework/Versions/A/CarbonCore
0x00000000041fb000 	/System/Library/Frameworks/CoreServices.framework/Versions/A/Frameworks/Metadata.framework/Versions/A/Metadata
0x00000000041fb000 	/System/Library/Frameworks/CoreServices.framework/Versions/A/Frameworks/OSServices.framework/Versions/A/OSServices
0x00000000041fb000 	/System/Library/Frameworks/CoreServices.framework/Versions/A/Frameworks/SearchKit.framework/Versions/A/SearchKit
0x00000000041fb000 	/System/Library/Frameworks/CoreServices.framework/Versions/A/Frameworks/AE.framework/Versions/A/AE
0x00000000041fb000 	/System/Library/Frameworks/CoreServices.framework/Versions/A/Frameworks/LaunchServices.framework/Versions/A/LaunchServices
0x00000000041fb000 	/System/Library/Frameworks/CoreServices.framework/Versions/A/Frameworks/DictionaryServices.framework/Versions/A/DictionaryServices
0x00000000041fb000 	/System/Library/Frameworks/CoreServices.framework/Versions/A/Frameworks/SharedFileList.framework/Versions/A/SharedFileList
0x00000000041fb000 	/System/Library/Frameworks/NetFS.framework/Versions/A/NetFS
0x00000000041fb000 	/System/Library/PrivateFrameworks/NetAuth.framework/Versions/A/NetAuth
0x00000000041fb000 	/System/Library/PrivateFrameworks/login.framework/Versions/A/Frameworks/loginsupport.framework/Versions/A/loginsupport
0x00000000041fb000 	/System/Library/PrivateFrameworks/TCC.framework/Versions/A/TCC
0x00000000041fb000 	/usr/lib/libmecabra.dylib
0x00000000041fb000 	/System/Library/Frameworks/ApplicationServices.framework/Versions/A/Frameworks/ATS.framework/Versions/A/ATS
0x00000000041fb000 	/System/Library/Frameworks/ApplicationServices.framework/Versions/A/Frameworks/ColorSync.framework/Versions/A/ColorSync
0x00000000041fb000 	/System/Library/Frameworks/ApplicationServices.framework/Versions/A/Frameworks/HIServices.framework/Versions/A/HIServices
0x00000000041fb000 	/System/Library/Frameworks/ApplicationServices.framework/Versions/A/Frameworks/LangAnalysis.framework/Versions/A/LangAnalysis
0x00000000041fb000 	/System/Library/Frameworks/ApplicationServices.framework/Versions/A/Frameworks/PrintCore.framework/Versions/A/PrintCore
0x00000000041fb000 	/System/Library/Frameworks/ApplicationServices.framework/Versions/A/Frameworks/QD.framework/Versions/A/QD
0x00000000041fb000 	/System/Library/Frameworks/ApplicationServices.framework/Versions/A/Frameworks/SpeechSynthesis.framework/Versions/A/SpeechSynthesis
0x00000000041fb000 	/System/Library/Frameworks/Metal.framework/Versions/A/Metal
0x00000000041fb000 	/System/Library/Frameworks/Accelerate.framework/Versions/A/Frameworks/vImage.framework/Versions/A/vImage
0x00000000041fb000 	/System/Library/Frameworks/Accelerate.framework/Versions/A/Frameworks/vecLib.framework/Versions/A/vecLib
0x00000000041fb000 	/System/Library/Frameworks/Accelerate.framework/Versions/A/Frameworks/vecLib.framework/Versions/A/libvDSP.dylib
0x00000000041fb000 	/System/Library/Frameworks/Accelerate.framework/Versions/A/Frameworks/vecLib.framework/Versions/A/libvMisc.dylib
0x00000000041fb000 	/System/Library/Frameworks/Accelerate.framework/Versions/A/Frameworks/vecLib.framework/Versions/A/libLAPACK.dylib
0x00000000041fb000 	/System/Library/Frameworks/Accelerate.framework/Versions/A/Frameworks/vecLib.framework/Versions/A/libBLAS.dylib
0x00000000041fb000 	/System/Library/Frameworks/Accelerate.framework/Versions/A/Frameworks/vecLib.framework/Versions/A/libLinearAlgebra.dylib
0x00000000041fb000 	/System/Library/Frameworks/Accelerate.framework/Versions/A/Frameworks/vecLib.framework/Versions/A/libSparseBLAS.dylib
0x00000000041fb000 	/System/Library/PrivateFrameworks/GPUCompiler.framework/libmetal_timestamp.dylib
0x00000000041fb000 	/System/Library/Frameworks/OpenGL.framework/Versions/A/Libraries/libCoreFSCache.dylib
0x00000000041fb000 	/System/Library/PrivateFrameworks/IOAccelerator.framework/Versions/A/IOAccelerator
0x00000000041fb000 	/System/Library/Frameworks/ApplicationServices.framework/Versions/A/Frameworks/ATS.framework/Versions/A/Resources/libFontParser.dylib
0x00000000041fb000 	/System/Library/Frameworks/ApplicationServices.framework/Versions/A/Frameworks/ATS.framework/Versions/A/Resources/libFontRegistry.dylib
0x00000000041fb000 	/System/Library/PrivateFrameworks/AppleVPA.framework/Versions/A/AppleVPA
0x00000000041fb000 	/System/Library/PrivateFrameworks/AppleJPEG.framework/Versions/A/AppleJPEG
0x00000000041fb000 	/System/Library/Frameworks/ImageIO.framework/Versions/A/Resources/libJPEG.dylib
0x00000000041fb000 	/System/Library/Frameworks/ImageIO.framework/Versions/A/Resources/libTIFF.dylib
0x00000000041fb000 	/System/Library/Frameworks/ImageIO.framework/Versions/A/Resources/libPng.dylib
0x00000000041fb000 	/System/Library/Frameworks/ImageIO.framework/Versions/A/Resources/libGIF.dylib
0x00000000041fb000 	/System/Library/Frameworks/ImageIO.framework/Versions/A/Resources/libJP2.dylib
0x00000000041fb000 	/System/Library/Frameworks/ImageIO.framework/Versions/A/Resources/libRadiance.dylib
0x00000000041fb000 	/System/Library/Frameworks/CoreVideo.framework/Versions/A/CoreVideo
0x00000000041fb000 	/System/Library/Frameworks/OpenGL.framework/Versions/A/Libraries/libGLU.dylib
0x00000000041fb000 	/System/Library/Frameworks/OpenGL.framework/Versions/A/Libraries/libGFXShared.dylib
0x00000000041fb000 	/System/Library/Frameworks/OpenGL.framework/Versions/A/Libraries/libGL.dylib
0x00000000041fb000 	/System/Library/Frameworks/OpenGL.framework/Versions/A/Libraries/libGLImage.dylib
0x00000000041fb000 	/System/Library/Frameworks/OpenGL.framework/Versions/A/Libraries/libCVMSPluginSupport.dylib
0x00000000041fb000 	/System/Library/Frameworks/OpenGL.framework/Versions/A/Libraries/libCoreVMClient.dylib
0x00000000041fb000 	/usr/lib/libcompression.dylib
0x00000000041fb000 	/usr/lib/libcups.2.dylib
0x00000000041fb000 	/System/Library/Frameworks/Kerberos.framework/Versions/A/Kerberos
0x00000000041fb000 	/System/Library/Frameworks/GSS.framework/Versions/A/GSS
0x00000000041fb000 	/usr/lib/libresolv.9.dylib
0x00000000041fb000 	/usr/lib/libiconv.2.dylib
0x00000000041fb000 	/System/Library/PrivateFrameworks/Heimdal.framework/Versions/A/Heimdal
0x00000000041fb000 	/usr/lib/libheimdal-asn1.dylib
0x00000000041fb000 	/System/Library/Frameworks/OpenDirectory.framework/Versions/A/OpenDirectory
0x00000000041fb000 	/System/Library/PrivateFrameworks/CommonAuth.framework/Versions/A/CommonAuth
0x00000000041fb000 	/System/Library/Frameworks/OpenDirectory.framework/Versions/A/Frameworks/CFOpenDirectory.framework/Versions/A/CFOpenDirectory
0x00000000041fb000 	/System/Library/Frameworks/SecurityFoundation.framework/Versions/A/SecurityFoundation
0x00000000041fb000 	/System/Library/PrivateFrameworks/LanguageModeling.framework/Versions/A/LanguageModeling
0x00000000041fb000 	/usr/lib/libmarisa.dylib
0x00000000041fb000 	/usr/lib/libChineseTokenizer.dylib
0x00000000041fb000 	/usr/lib/libcmph.dylib
0x0000000106d09000 	/System/Library/Frameworks/ServiceManagement.framework/Versions/A/ServiceManagement
0x00000000041fb000 	/usr/lib/libxslt.1.dylib
0x00000000041fb000 	/System/Library/Frameworks/Carbon.framework/Versions/A/Frameworks/Ink.framework/Versions/A/Ink
0x00000000041fb000 	/usr/lib/libFosl_dynamic.dylib
0x00000000041fb000 	/System/Library/PrivateFrameworks/FaceCore.framework/Versions/A/FaceCore
0x00000000041fb000 	/System/Library/Frameworks/OpenCL.framework/Versions/A/OpenCL
0x00000000041fb000 	/System/Library/PrivateFrameworks/CrashReporterSupport.framework/Versions/A/CrashReporterSupport
0x00000000041fb000 	/System/Library/PrivateFrameworks/IconServices.framework/Versions/A/IconServices
0x00000000041fb000 	/System/Library/PrivateFrameworks/Apple80211.framework/Versions/A/Apple80211
0x00000000041fb000 	/System/Library/Frameworks/CoreWLAN.framework/Versions/A/CoreWLAN
0x00000000041fb000 	/System/Library/Frameworks/IOBluetooth.framework/Versions/A/IOBluetooth
0x00000000041fb000 	/System/Library/PrivateFrameworks/CoreWiFi.framework/Versions/A/CoreWiFi
0x00000000041fb000 	/System/Library/Frameworks/CoreBluetooth.framework/Versions/A/CoreBluetooth
0x00000000041fb000 	/System/Library/PrivateFrameworks/ChunkingLibrary.framework/Versions/A/ChunkingLibrary
0x00000000041fb000 	/System/Library/PrivateFrameworks/DebugSymbols.framework/Versions/A/DebugSymbols
0x00000000041fb000 	/System/Library/PrivateFrameworks/CoreSymbolication.framework/Versions/A/CoreSymbolication
0x00000000041fb000 	/System/Library/PrivateFrameworks/Symbolication.framework/Versions/A/Symbolication
0x00000000041fb000 	/System/Library/PrivateFrameworks/SpeechRecognitionCore.framework/Versions/A/SpeechRecognitionCore
0x0000000107800000 	/Library/Java/JavaVirtualMachines/jdk1.8.0_45.jdk/Contents/Home/jre/lib/server/libjvm.dylib
0x00000000041fb000 	/usr/lib/libstdc++.6.dylib
0x0000000106f6e000 	/Library/Java/JavaVirtualMachines/jdk1.8.0_45.jdk/Contents/Home/jre/lib/libverify.dylib
0x0000000106f7c000 	/Library/Java/JavaVirtualMachines/jdk1.8.0_45.jdk/Contents/Home/jre/lib/libjava.dylib
0x0000000106fb9000 	/Library/Java/JavaVirtualMachines/jdk1.8.0_45.jdk/Contents/Home/jre/lib/libzip.dylib
0x000000011bb26000 	/System/Library/Frameworks/JavaVM.framework/Frameworks/JavaRuntimeSupport.framework/JavaRuntimeSupport
0x000000011bb41000 	/System/Library/Frameworks/JavaVM.framework/Versions/A/Frameworks/JavaNativeFoundation.framework/Versions/A/JavaNativeFoundation
0x000000011bb56000 	/System/Library/Frameworks/JavaVM.framework/Versions/A/JavaVM
0x00000000041fb000 	/System/Library/Frameworks/Carbon.framework/Versions/A/Carbon
0x000000011bb63000 	/System/Library/PrivateFrameworks/JavaLaunching.framework/Versions/A/JavaLaunching
0x00000000041fb000 	/System/Library/Frameworks/Carbon.framework/Versions/A/Frameworks/CommonPanels.framework/Versions/A/CommonPanels
0x00000000041fb000 	/System/Library/Frameworks/Carbon.framework/Versions/A/Frameworks/Help.framework/Versions/A/Help
0x00000000041fb000 	/System/Library/Frameworks/Carbon.framework/Versions/A/Frameworks/ImageCapture.framework/Versions/A/ImageCapture
0x00000000041fb000 	/System/Library/Frameworks/Carbon.framework/Versions/A/Frameworks/OpenScripting.framework/Versions/A/OpenScripting
0x00000000041fb000 	/System/Library/Frameworks/Carbon.framework/Versions/A/Frameworks/Print.framework/Versions/A/Print
0x00000000041fb000 	/System/Library/Frameworks/Carbon.framework/Versions/A/Frameworks/SecurityHI.framework/Versions/A/SecurityHI
0x000000011d517000 	/Library/Java/JavaVirtualMachines/jdk1.8.0_45.jdk/Contents/Home/jre/lib/libprism_es2.dylib
0x000000011d591000 	/System/Library/Frameworks/OpenGL.framework/Resources/GLEngine.bundle/GLEngine
0x00000000041fb000 	/System/Library/Frameworks/OpenGL.framework/Versions/A/Libraries/libGLProgrammability.dylib
0x000000011d779000 	/System/Library/Extensions/AppleIntelHD5000GraphicsGLDriver.bundle/Contents/MacOS/AppleIntelHD5000GraphicsGLDriver
0x00000000041fb000 	/System/Library/PrivateFrameworks/GPUSupport.framework/Versions/A/Libraries/libGPUSupportMercury.dylib
0x000000011decc000 	/System/Library/Frameworks/OpenGL.framework/Resources//GLRendererFloat.bundle/GLRendererFloat
0x00000000041fb000 	/System/Library/Frameworks/OpenCL.framework/Versions/A/Libraries/libcldcpuengine.dylib
0x00000000041fb000 	/System/Library/PrivateFrameworks/DiskImages.framework/Versions/A/DiskImages
0x00000000041fb000 	/System/Library/Frameworks/DiscRecording.framework/Versions/A/DiscRecording
0x00000000041fb000 	/usr/lib/libcsfde.dylib
0x00000000041fb000 	/usr/lib/libcurl.4.dylib
0x00000000041fb000 	/System/Library/PrivateFrameworks/MediaKit.framework/Versions/A/MediaKit
0x00000000041fb000 	/System/Library/PrivateFrameworks/ProtectedCloudStorage.framework/Versions/A/ProtectedCloudStorage
0x00000000041fb000 	/usr/lib/libCoreStorage.dylib
0x00000000041fb000 	/System/Library/PrivateFrameworks/EFILogin.framework/Versions/A/EFILogin
0x00000000041fb000 	/usr/lib/libutil.dylib
0x00000000041fb000 	/System/Library/PrivateFrameworks/FindMyDevice.framework/Versions/A/FindMyDevice
0x00000000041fb000 	/System/Library/Frameworks/LDAP.framework/Versions/A/LDAP
0x00000000041fb000 	/usr/lib/libsasl2.2.dylib
0x00000000041fb000 	/System/Library/PrivateFrameworks/CoreDaemon.framework/Versions/B/CoreDaemon
0x00000000041fb000 	/usr/lib/libcrypto.0.9.8.dylib
0x00000000041fb000 	/System/Library/PrivateFrameworks/AppleSRP.framework/Versions/A/AppleSRP
0x00000000041fb000 	/System/Library/PrivateFrameworks/TrustEvaluationAgent.framework/Versions/A/TrustEvaluationAgent
0x000000011e32d000 	/Library/Java/JavaVirtualMachines/jdk1.8.0_45.jdk/Contents/Home/jre/lib/libglass.dylib
0x00000000041fb000 	/System/Library/PrivateFrameworks/CoreServicesInternal.framework/Versions/A/CoreServicesInternal
0x000000011e776000 	/System/Library/CoreServices/RawCamera.bundle/Contents/MacOS/RawCamera
0x00000000041fb000 	/System/Library/Frameworks/CoreGraphics.framework/Versions/A/Resources/libRIP.A.dylib
0x000000011eb94000 	/System/Library/Frameworks/Accelerate.framework/Frameworks/vImage.framework/Versions/A/Libraries/libCGInterfaces.dylib
0x00000000041fb000 	/System/Library/PrivateFrameworks/FamilyControls.framework/Versions/A/FamilyControls
0x00000000041fb000 	/System/Library/PrivateFrameworks/CommerceKit.framework/Versions/A/Frameworks/CommerceCore.framework/Versions/A/CommerceCore
0x00000000041fb000 	/System/Library/PrivateFrameworks/SystemAdministration.framework/Versions/A/SystemAdministration
0x00000000041fb000 	/System/Library/PrivateFrameworks/AppContainer.framework/Versions/A/AppContainer
0x00000000041fb000 	/System/Library/PrivateFrameworks/SecCodeWrapper.framework/Versions/A/SecCodeWrapper
0x00000000041fb000 	/System/Library/Frameworks/DirectoryService.framework/Versions/A/DirectoryService
0x00000000041fb000 	/System/Library/PrivateFrameworks/LoginUIKit.framework/Versions/A/Frameworks/LoginUICore.framework/Versions/A/LoginUICore
0x00000000041fb000 	/usr/lib/libodfde.dylib
0x000000011f4a2000 	/Library/Java/JavaVirtualMachines/jdk1.8.0_45.jdk/Contents/Home/jre/lib/libjavafx_font.dylib
0x00000000041fb000 	/System/Library/Frameworks/CoreGraphics.framework/Versions/A/Resources/libCGXType.A.dylib
0x0000000122617000 	cl_kernels
0x00000000041fb000 	/System/Library/Frameworks/OpenCL.framework/Versions/A/Libraries/ImageFormats/unorm8_bgra.dylib
0x00000000041fb000 	/System/Library/Frameworks/OpenCL.framework/Versions/A/Libraries/ImageFormats/unorm8_rgba.dylib
0x000000012268d000 	/Library/Java/JavaVirtualMachines/jdk1.8.0_45.jdk/Contents/Home/jre/lib/libprism_common.dylib
0x0000000122733000 	/System/Library/Extensions/AppleIntelHD5000GraphicsMTLDriver.bundle/Contents/MacOS/AppleIntelHD5000GraphicsMTLDriver
0x0000000125e03000 	/System/Library/Frameworks/Security.framework/PlugIns/csparser.bundle/Contents/MacOS/csparser
0x00000000041fb000 	/System/Library/PrivateFrameworks/FinderKit.framework/Versions/A/FinderKit
0x00000000041fb000 	/System/Library/Frameworks/Quartz.framework/Versions/A/Frameworks/QuickLookUI.framework/Versions/A/QuickLookUI
0x00000000041fb000 	/System/Library/Frameworks/Quartz.framework/Versions/A/Frameworks/ImageKit.framework/Versions/A/ImageKit
0x00000000041fb000 	/System/Library/PrivateFrameworks/Bom.framework/Versions/A/Bom
0x00000000041fb000 	/System/Library/Frameworks/QuickLook.framework/Versions/A/QuickLook
0x00000000041fb000 	/System/Library/PrivateFrameworks/Suggestions.framework/Versions/A/Suggestions
0x00000000041fb000 	/System/Library/PrivateFrameworks/AppleSystemInfo.framework/Versions/A/AppleSystemInfo
0x00000000041fb000 	/System/Library/Frameworks/ImageCaptureCore.framework/Versions/A/ImageCaptureCore
0x0000000125e32000 	/System/Library/PrivateFrameworks/SafariServices.framework/Versions/A/SafariServices
0x00000000041fb000 	/usr/lib/libspindump.dylib
0x00000000041fb000 	/System/Library/Frameworks/QTKit.framework/Versions/A/QTKit
0x00000000041fb000 	/System/Library/Frameworks/AVFoundation.framework/Versions/A/AVFoundation
0x00000000041fb000 	/System/Library/Frameworks/CoreMedia.framework/Versions/A/CoreMedia
0x00000000041fb000 	/System/Library/Frameworks/MediaToolbox.framework/Versions/A/MediaToolbox
0x00000000041fb000 	/System/Library/Frameworks/VideoToolbox.framework/Versions/A/VideoToolbox
0x00000000041fb000 	/System/Library/PrivateFrameworks/CoreMediaAuthoring.framework/Versions/A/CoreMediaAuthoring
0x00000000041fb000 	/System/Library/Frameworks/CoreMediaIO.framework/Versions/A/CoreMediaIO
0x00000000041fb000 	/System/Library/Frameworks/AVFoundation.framework/Versions/A/Resources/libAVFAudio.dylib
0x00000000041fb000 	/System/Library/PrivateFrameworks/CoreAVCHD.framework/Versions/A/CoreAVCHD
0x00000000041fb000 	/System/Library/Frameworks/MediaAccessibility.framework/Versions/A/MediaAccessibility
0x00000000041fb000 	/System/Library/PrivateFrameworks/Mangrove.framework/Versions/A/Mangrove
0x00000000041fb000 	/System/Library/PrivateFrameworks/CoreAUC.framework/Versions/A/CoreAUC
0x00000000041fb000 	/System/Library/PrivateFrameworks/AppleVA.framework/Versions/A/AppleVA
0x00000000041fb000 	/System/Library/PrivateFrameworks/XPCService.framework/Versions/A/XPCService
0x00000000041fb000 	/System/Library/PrivateFrameworks/AppSandbox.framework/Versions/A/AppSandbox
0x0000000125ee3000 	/usr/lib/libsandbox.1.dylib
0x00000000041fb000 	/usr/lib/libMatch.1.dylib
0x00000000041fb000 	/System/Library/PrivateFrameworks/DisplayServices.framework/Versions/A/DisplayServices
0x00000000041fb000 	/System/Library/Frameworks/Quartz.framework/Versions/A/Frameworks/PDFKit.framework/Versions/A/PDFKit
0x00000000041fb000 	/System/Library/Frameworks/Quartz.framework/Versions/A/Frameworks/QuartzComposer.framework/Versions/A/QuartzComposer
0x00000000041fb000 	/System/Library/Frameworks/Quartz.framework/Versions/A/Frameworks/QuartzFilters.framework/Versions/A/QuartzFilters
0x00000000041fb000 	/System/Library/PrivateFrameworks/CorePDF.framework/Versions/A/CorePDF
0x0000000126fcb000 	/System/Library/Frameworks/JavaScriptCore.framework/Versions/A/JavaScriptCore
0x00000000041fb000 	/System/Library/PrivateFrameworks/AppleFSCompression.framework/Versions/A/AppleFSCompression
0x00000000041fb000 	/System/Library/Frameworks/AddressBook.framework/Versions/A/AddressBook
0x00000000041fb000 	/System/Library/PrivateFrameworks/ContactsPersistence.framework/Versions/A/ContactsPersistence
0x00000000041fb000 	/System/Library/PrivateFrameworks/ContactsFoundation.framework/Versions/A/ContactsFoundation
0x00000000041fb000 	/System/Library/PrivateFrameworks/vCard.framework/Versions/A/vCard
0x00000000041fb000 	/System/Library/PrivateFrameworks/IntlPreferences.framework/Versions/A/IntlPreferences
0x00000000041fb000 	/System/Library/PrivateFrameworks/ToneLibrary.framework/Versions/A/ToneLibrary
0x00000000041fb000 	/System/Library/PrivateFrameworks/ToneKit.framework/Versions/A/ToneKit
0x00000000041fb000 	/System/Library/PrivateFrameworks/ApplePushService.framework/Versions/A/ApplePushService
0x00000000041fb000 	/System/Library/Frameworks/SecurityInterface.framework/Versions/A/SecurityInterface
0x00000000041fb000 	/System/Library/PrivateFrameworks/PhoneNumbers.framework/Versions/A/PhoneNumbers
0x00000000041fb000 	/System/Library/PrivateFrameworks/ViewBridge.framework/Versions/A/ViewBridge
0x00000000041fb000 	/System/Library/Frameworks/Quartz.framework/Versions/A/Quartz
0x00000000041fb000 	/System/Library/PrivateFrameworks/CloudDocs.framework/Versions/A/CloudDocs
0x00000000041fb000 	/System/Library/PrivateFrameworks/CoreDuet.framework/Versions/A/CoreDuet
0x00000000041fb000 	/System/Library/Frameworks/CloudKit.framework/Versions/A/CloudKit
0x00000000041fb000 	/System/Library/PrivateFrameworks/ProtocolBuffer.framework/Versions/A/ProtocolBuffer
0x00000000041fb000 	/System/Library/PrivateFrameworks/CoreDuetDaemonProtocol.framework/Versions/A/CoreDuetDaemonProtocol
0x00000000041fb000 	/System/Library/PrivateFrameworks/CoreDuetDebugLogging.framework/Versions/A/CoreDuetDebugLogging
0x00000000041fb000 	/System/Library/PrivateFrameworks/MMCS.framework/Versions/A/MMCS
0x00000000041fb000 	/System/Library/Frameworks/CoreLocation.framework/Versions/A/CoreLocation
0x00000000041fb000 	/System/Library/PrivateFrameworks/AssetCacheServices.framework/Versions/A/AssetCacheServices
0x00000000041fb000 	/System/Library/PrivateFrameworks/GeoServices.framework/Versions/A/GeoServices
0x00000000041fb000 	/System/Library/PrivateFrameworks/PlugInKit.framework/Versions/A/PlugInKit
0x00000000041fb000 	/System/Library/PrivateFrameworks/CacheDelete.framework/Versions/A/CacheDelete
0x00000000041fb000 	/System/Library/PrivateFrameworks/Shortcut.framework/Versions/A/Shortcut
0x00000000041fb000 	/System/Library/PrivateFrameworks/HelpData.framework/Versions/A/HelpData
0x00000000041fb000 	/usr/lib/libtidy.A.dylib
0x00000000041fb000 	/System/Library/Frameworks/CoreGraphics.framework/Versions/A/Resources/libCGXCoreImage.A.dylib
0x00000001233b7000 	cl_kernels
0x00000000041fb000 	/System/Library/PrivateFrameworks/iLifeMediaBrowser.framework/Versions/A/iLifeMediaBrowser
0x00000000041fb000 	/System/Library/Frameworks/AVKit.framework/Versions/A/AVKit
0x000000011ecb4000 	/Library/Java/JavaVirtualMachines/jdk1.8.0_45.jdk/Contents/Home/jre/lib/libjsound.dylib
0x0000000120e1f000 	/System/Library/Frameworks/CoreMIDI.framework/Versions/A/CoreMIDI
0x000000011ecc7000 	/usr/lib/libexpat.1.dylib
0x000000011ecea000 	/System/Library/Extensions/AppleHDA.kext/Contents/PlugIns/AppleHDAHALPlugIn.bundle/Contents/MacOS/AppleHDAHALPlugIn
0x000000011ed38000 	/Library/Java/JavaVirtualMachines/jdk1.8.0_45.jdk/Contents/Home/jre/lib/libosx.dylib
0x000000011ed46000 	/Library/Java/JavaVirtualMachines/jdk1.8.0_45.jdk/Contents/Home/jre/lib/./libosxapp.dylib
0x00000000041fb000 	/System/Library/Frameworks/ExceptionHandling.framework/Versions/A/ExceptionHandling
0x0000000125a78000 	/System/Library/Components/CoreAudio.component/Contents/MacOS/CoreAudio

VM Arguments:
jvm_args: -Dfile.encoding=UTF-8 
java_command: regioeditor.RegioEditor
java_class_path (initial): /Users/samuelchen/Documents/cse 219 hw/SimpleAppFramework/build/classes:/Users/samuelchen/Documents/cse 219 hw/javax.json-1.0.4.jar:/Users/samuelchen/Documents/cse 219 hw/PropertiesManager/build/classes:/Users/samuelchen/Documents/cse 219 hw/XMLUtilities/build/classes:/Users/samuelchen/NetBeansProjects/RegioEditor/build/classes
Launcher Type: SUN_STANDARD

Environment Variables:
PATH=/usr/bin:/bin:/usr/sbin:/sbin
LD_LIBRARY_PATH=/Library/Java/JavaVirtualMachines/jdk1.8.0_45.jdk/Contents/Home/jre/lib/amd64:/Library/Java/JavaVirtualMachines/jdk1.8.0_45.jdk/Contents/Home/jre/lib/i386:
SHELL=/bin/bash

Signal Handlers:
SIGSEGV: [libjvm.dylib+0x58ef95], sa_mask[0]=11111111011111110111111111111111, sa_flags=SA_ONSTACK|SA_RESTART|SA_SIGINFO
SIGBUS: [libjvm.dylib+0x58ef95], sa_mask[0]=11111111011111110111111111111111, sa_flags=SA_RESTART|SA_SIGINFO
SIGFPE: [libjvm.dylib+0x46c108], sa_mask[0]=11111111011111110111111111111111, sa_flags=SA_RESTART|SA_SIGINFO
SIGPIPE: [libjvm.dylib+0x46c108], sa_mask[0]=11111111011111110111111111111111, sa_flags=SA_RESTART|SA_SIGINFO
SIGXFSZ: [libjvm.dylib+0x46c108], sa_mask[0]=11111111011111110111111111111111, sa_flags=SA_RESTART|SA_SIGINFO
SIGILL: [libjvm.dylib+0x46c108], sa_mask[0]=11111111011111110111111111111111, sa_flags=SA_RESTART|SA_SIGINFO
SIGUSR1: SIG_DFL, sa_mask[0]=00000000000000000000000000000000, sa_flags=none
SIGUSR2: [libjvm.dylib+0x46bc26], sa_mask[0]=00100000000000000000000000000000, sa_flags=SA_RESTART|SA_SIGINFO
SIGHUP: [libjvm.dylib+0x46a1f9], sa_mask[0]=11111111011111110111111111111111, sa_flags=SA_RESTART|SA_SIGINFO
SIGINT: SIG_IGN, sa_mask[0]=00000000000000000000000000000000, sa_flags=none
SIGTERM: [libjvm.dylib+0x46a1f9], sa_mask[0]=11111111011111110111111111111111, sa_flags=SA_RESTART|SA_SIGINFO
SIGQUIT: [libjvm.dylib+0x46a1f9], sa_mask[0]=11111111011111110111111111111111, sa_flags=SA_RESTART|SA_SIGINFO


---------------  S Y S T E M  ---------------

OS:Bsduname:Darwin 15.5.0 Darwin Kernel Version 15.5.0: Tue Apr 19 18:36:36 PDT 2016; root:xnu-3248.50.21~8/RELEASE_X86_64 x86_64
rlimit: STACK 8192k, CORE 0k, NPROC 709, NOFILE 10240, AS infinity
load average:2.06 1.88 1.70

CPU:total 4 (2 cores per cpu, 2 threads per core) family 6 model 69 stepping 1, cmov, cx8, fxsr, mmx, sse, sse2, sse3, ssse3, sse4.1, sse4.2, popcnt, avx, avx2, aes, clmul, erms, lzcnt, ht, tsc, tscinvbit, bmi1, bmi2

Memory: 4k page, physical 4194304k(24252k free)

/proc/meminfo:


vm_info: Java HotSpot(TM) 64-Bit Server VM (25.45-b02) for bsd-amd64 JRE (1.8.0_45-b14), built on Apr 10 2015 10:46:38 by "java_re" with gcc 4.2.1 (Based on Apple Inc. build 5658) (LLVM build 2336.11.00)

time: Thu Jul 14 21:29:46 2016
elapsed time: 558 seconds (0d 0h 9m 18s)

