#
# A fatal error has been detected by the Java Runtime Environment:
#
#  SIGSEGV (0xb) at pc=0x000000011c9eb58d, pid=23042, tid=2571
#
# JRE version: Java(TM) SE Runtime Environment (8.0_45-b14) (build 1.8.0_45-b14)
# Java VM: Java HotSpot(TM) 64-Bit Server VM (25.45-b02 mixed mode bsd-amd64 compressed oops)
# Problematic frame:
# C  [libglass.dylib+0x1558d]  GlassScreenDidChangeScreenParameters+0x9d
#
# Failed to write core dump. Core dumps have been disabled. To enable core dumping, try "ulimit -c unlimited" before starting Java again
#
# If you would like to submit a bug report, please visit:
#   http://bugreport.java.com/bugreport/crash.jsp
#

---------------  T H R E A D  ---------------

Current thread is native thread

siginfo: si_signo: 11 (SIGSEGV), si_code: 1 (SEGV_MAPERR), si_addr: 0x0000000000000000

Registers:
RAX=0x000000011ca1dbc0, RBX=0x0000000000000000, RCX=0x0000000000000103, RDX=0x00007ff9e55682f0
RSP=0x00007fff5b167a10, RBP=0x00007fff5b167a20, RSI=0x00007ff9e2e02cd0, RDI=0x0000000000000000
R8 =0x0000000000000040, R9 =0x00007fff7616c1e0, R10=0xffffffffffffffff, R11=0x0000000000000246
R12=0x00007ff9e2e33aa0, R13=0x00007ff9e2c6b460, R14=0x00007ff9e2c6b4a0, R15=0x0000000000000000
RIP=0x000000011c9eb58d, EFLAGS=0x0000000000010206, ERR=0x0000000000000004
  TRAPNO=0x000000000000000e

Top of Stack: (sp=0x00007fff5b167a10)
0x00007fff5b167a10:   00007fff5b167a68 00007ff9e2c6b4a0
0x00007fff5b167a20:   00007fff5b167a30 00007fff9181bbbc
0x00007fff5b167a30:   00007fff5b167a50 00007fff9181bb4f
0x00007fff5b167a40:   0000000000000000 0000000000000000
0x00007fff5b167a50:   00007fff5b167ac0 00007fff9181bac7
0x00007fff5b167a60:   00007fff76d609d0 00007fff761940a0
0x00007fff5b167a70:   0000000042000000 00007fff9181bb10
0x00007fff5b167a80:   00007fff769bc720 00007ff9e2c6b460
0x00007fff5b167a90:   00007ff9e2e33aa0 00007fff5b168268
0x00007fff5b167aa0:   00007fff76ae9780 00007fff5b168268
0x00007fff5b167ab0:   00007ff9e2c6b460 00007fff91bdb9e2
0x00007fff5b167ac0:   00007fff5b167b00 00007fff9181b832
0x00007fff5b167ad0:   00007fff5b1680e0 0000000000000000
0x00007fff5b167ae0:   00007fff76ae9780 00007fff5b168268
0x00007fff5b167af0:   00007fff86f8e4c0 00007fff91bdb9e2
0x00007fff5b167b00:   00007fff5b168210 00007fff917d85e2
0x00007fff5b167b10:   00007fff5b167f78 0000000000000157
0x00007fff5b167b20:   00007ff9e2e356a0 00007ff9e2e0c680
0x00007fff5b167b30:   00007ff9e300a088 00007ff9e2e36660
0x00007fff5b167b40:   0000000000000000 00007ff9e2c6b500
0x00007fff5b167b50:   0000000000000000 0000000000000000
0x00007fff5b167b60:   00007fff769f9bc0 00007fff5b1680e0
0x00007fff5b167b70:   0000000000000001 0000000000000100
0x00007fff5b167b80:   0000000000000000 00007fff5b167fe0
0x00007fff5b167b90:   0000000000000000 0000000000000100
0x00007fff5b167ba0:   0000000000000000 00007fff76ae9780
0x00007fff5b167bb0:   0000000000000000 00007fff769bd500
0x00007fff5b167bc0:   00007fff76ae9780 0000000000000000
0x00007fff5b167bd0:   00007fff769bd500 0000000000000008
0x00007fff5b167be0:   00007fff5b167c48 00007fff74b02d00
0x00007fff5b167bf0:   00007fff74b03c90 00007ff9e574ee80
0x00007fff5b167c00:   00007fff5b167c30 00007fff86fab978 

Instructions: (pc=0x000000011c9eb58d)
0x000000011c9eb56d:   89 df 4c 89 f1 41 ff 90 68 04 00 00 48 8d 05 48
0x000000011c9eb57d:   25 03 00 48 8b 30 48 8d 05 36 26 03 00 48 8b 10
0x000000011c9eb58d:   48 8b 0b 30 c0 48 89 df ff 91 68 04 00 00 48 8b
0x000000011c9eb59d:   03 48 89 df ff 50 78 48 85 c0 74 36 49 89 c6 48 

Register to memory mapping:

RAX=0x000000011ca1dbc0: jScreenNotifySettingsChanged+0 in /Library/Java/JavaVirtualMachines/jdk1.8.0_45.jdk/Contents/Home/jre/lib/libglass.dylib at 0x000000011c9d6000
RBX=0x0000000000000000 is an unknown value
RCX=0x0000000000000103 is an unknown value
RDX=0x00007ff9e55682f0 is an unknown value
RSP=0x00007fff5b167a10 is an unknown value
RBP=0x00007fff5b167a20 is an unknown value
RSI=0x00007ff9e2e02cd0 is a global jni handle
RDI=0x0000000000000000 is an unknown value
R8 =0x0000000000000040 is an unknown value
R9 =0x00007fff7616c1e0: __sFX+0x1c0 in /usr/lib/system/libsystem_c.dylib at 0x00007fff8d7fc000
R10=0xffffffffffffffff is an unknown value
R11=0x0000000000000246 is an unknown value
R12=0x00007ff9e2e33aa0 is an unknown value
R13=0x00007ff9e2c6b460 is an unknown value
R14=0x00007ff9e2c6b4a0 is an unknown value
R15=0x0000000000000000 is an unknown value


Stack: [0x00007fff5a96b000,0x00007fff5b16b000],  sp=0x00007fff5b167a10,  free space=8178k
Native frames: (J=compiled Java code, j=interpreted, Vv=VM code, C=native code)
C  [libglass.dylib+0x1558d]  GlassScreenDidChangeScreenParameters+0x9d
C  [CoreFoundation+0xa0bbc]  __CFNOTIFICATIONCENTER_IS_CALLING_OUT_TO_AN_OBSERVER__+0xc
C  [CoreFoundation+0xa0b4f]  ___CFXRegistrationPost_block_invoke+0x3f
C  [CoreFoundation+0xa0ac7]  _CFXRegistrationPost+0x197
C  [CoreFoundation+0xa0832]  ___CFXNotificationPost_block_invoke+0x32
C  [CoreFoundation+0x5d5e2]  -[_CFXNotificationRegistrar find:object:observer:enumerator:]+0x782
C  [CoreFoundation+0x5c835]  _CFXNotificationPost+0x2b5
C  [Foundation+0x717a]  -[NSNotificationCenter postNotificationName:object:userInfo:]+0x42
C  [AppKit+0x41c08b]  -[NSApplication _reactToScreenInvalidationImmediately:]+0x17f
C  [AppKit+0x41bedc]  __44-[NSApplication _reactToScreenInvalidation:]_block_invoke+0x3b
C  [CoreFoundation+0xaa4ac]  __CFRUNLOOP_IS_CALLING_OUT_TO_A_BLOCK__+0xc
C  [CoreFoundation+0x89d05]  __CFRunLoopDoBlocks+0x155
C  [CoreFoundation+0x89a6b]  __CFRunLoopRun+0x92b
C  [CoreFoundation+0x88ed8]  CFRunLoopRunSpecific+0x128
C  [java+0x6490]  CreateExecutionEnvironment+0x367
C  [java+0x221c]  JLI_Launch+0x7a0
C  [java+0x84ed]  main+0x65
C  [java+0x1a74]  start+0x34


---------------  P R O C E S S  ---------------

VM state:not at safepoint (normal execution)

VM Mutex/Monitor currently owned by a thread: None

Heap:
 PSYoungGen      total 43520K, used 14905K [0x00000007aab00000, 0x00000007afd00000, 0x00000007c0000000)
  eden space 29696K, 5% used [0x00000007aab00000,0x00000007aac986d8,0x00000007ac800000)
  from space 13824K, 96% used [0x00000007ac800000,0x00000007ad4f6060,0x00000007ad580000)
  to   space 15872K, 0% used [0x00000007aed80000,0x00000007aed80000,0x00000007afd00000)
 ParOldGen       total 41472K, used 11641K [0x0000000780000000, 0x0000000782880000, 0x00000007aab00000)
  object space 41472K, 28% used [0x0000000780000000,0x0000000780b5e710,0x0000000782880000)
 Metaspace       used 22122K, capacity 23354K, committed 23424K, reserved 1069056K
  class space    used 3127K, capacity 3410K, committed 3456K, reserved 1048576K

Card table byte_map: [0x0000000116329000,0x000000011652a000] byte_map_base: 0x0000000112729000

Marking Bits: (ParMarkBitMap*) 0x00000001068c27a0
 Begin Bits: [0x000000011652a000, 0x000000011752a000)
 End Bits:   [0x000000011752a000, 0x000000011852a000)

Polling page: 0x0000000105345000

CodeCache: size=245760Kb used=10474Kb max_used=10483Kb free=235285Kb
 bounds [0x0000000106f69000, 0x00000001079d9000, 0x0000000115f69000]
 total_blobs=3847 nmethods=3130 adapters=630
 compilation: enabled

Compilation events (10 events):
Event: 125.871 Thread 0x00007ff9e3846800 3380   !   3       com.sun.media.sound.SoftJitterCorrector$JitterStream$1::run (553 bytes)
Event: 125.874 Thread 0x00007ff9e3846800 nmethod 3380 0x00000001079c7fd0 code [0x00000001079c82a0, 0x00000001079c9a18]
Event: 194.980 Thread 0x00007ff9e3034800 3381 % !   4       com.sun.media.sound.SoftJitterCorrector$JitterStream$1::run @ 421 (553 bytes)
Event: 195.011 Thread 0x00007ff9e3034800 nmethod 3381% 0x0000000107274d90 code [0x0000000107274f80, 0x0000000107276268]
Event: 209.163 Thread 0x00007ff9e3036800 3382 % !   4       com.sun.media.sound.SoftJitterCorrector$JitterStream$1::run @ 59 (553 bytes)
Event: 209.186 Thread 0x00007ff9e3036800 nmethod 3382% 0x0000000107412650 code [0x0000000107412840, 0x00000001074137c8]
Event: 230.448 Thread 0x00007ff9e3846800 3383 % !   3       com.sun.media.sound.SoftAudioPusher::run @ 15 (62 bytes)
Event: 230.450 Thread 0x00007ff9e3846800 nmethod 3383% 0x00000001073e9750 code [0x00000001073e9900, 0x00000001073e9f38]
Event: 234.129 Thread 0x00007ff9e3846800 3384   !   3       com.sun.media.sound.SoftAudioPusher::run (62 bytes)
Event: 234.130 Thread 0x00007ff9e3846800 nmethod 3384 0x0000000107416ad0 code [0x0000000107416c80, 0x00000001074171f8]

GC Heap History (10 events):
Event: 10.417 GC heap before
{Heap before GC invocations=4 (full 0):
 PSYoungGen      total 18944K, used 18912K [0x00000007aab00000, 0x00000007ac000000, 0x00000007c0000000)
  eden space 16384K, 100% used [0x00000007aab00000,0x00000007abb00000,0x00000007abb00000)
  from space 2560K, 98% used [0x00000007abb00000,0x00000007abd78040,0x00000007abd80000)
  to   space 2560K, 0% used [0x00000007abd80000,0x00000007abd80000,0x00000007ac000000)
 ParOldGen       total 44032K, used 15149K [0x0000000780000000, 0x0000000782b00000, 0x00000007aab00000)
  object space 44032K, 34% used [0x0000000780000000,0x0000000780ecb660,0x0000000782b00000)
 Metaspace       used 18364K, capacity 19232K, committed 19584K, reserved 1067008K
  class space    used 2590K, capacity 2820K, committed 2944K, reserved 1048576K
Event: 10.431 GC heap after
Heap after GC invocations=4 (full 0):
 PSYoungGen      total 18944K, used 2556K [0x00000007aab00000, 0x00000007ad000000, 0x00000007c0000000)
  eden space 16384K, 0% used [0x00000007aab00000,0x00000007aab00000,0x00000007abb00000)
  from space 2560K, 99% used [0x00000007abd80000,0x00000007abfff078,0x00000007ac000000)
  to   space 2560K, 0% used [0x00000007abb00000,0x00000007abb00000,0x00000007abd80000)
 ParOldGen       total 44032K, used 18787K [0x0000000780000000, 0x0000000782b00000, 0x00000007aab00000)
  object space 44032K, 42% used [0x0000000780000000,0x0000000781258d30,0x0000000782b00000)
 Metaspace       used 18364K, capacity 19232K, committed 19584K, reserved 1067008K
  class space    used 2590K, capacity 2820K, committed 2944K, reserved 1048576K
}
Event: 10.828 GC heap before
{Heap before GC invocations=5 (full 0):
 PSYoungGen      total 18944K, used 14730K [0x00000007aab00000, 0x00000007ad000000, 0x00000007c0000000)
  eden space 16384K, 74% used [0x00000007aab00000,0x00000007ab6e3ae8,0x00000007abb00000)
  from space 2560K, 99% used [0x00000007abd80000,0x00000007abfff078,0x00000007ac000000)
  to   space 2560K, 0% used [0x00000007abb00000,0x00000007abb00000,0x00000007abd80000)
 ParOldGen       total 44032K, used 18787K [0x0000000780000000, 0x0000000782b00000, 0x00000007aab00000)
  object space 44032K, 42% used [0x0000000780000000,0x0000000781258d30,0x0000000782b00000)
 Metaspace       used 20154K, capacity 21292K, committed 21296K, reserved 1067008K
  class space    used 2928K, capacity 3197K, committed 3200K, reserved 1048576K
Event: 10.842 GC heap after
Heap after GC invocations=5 (full 0):
 PSYoungGen      total 18944K, used 2556K [0x00000007aab00000, 0x00000007ae400000, 0x00000007c0000000)
  eden space 16384K, 0% used [0x00000007aab00000,0x00000007aab00000,0x00000007abb00000)
  from space 2560K, 99% used [0x00000007abb00000,0x00000007abd7f3e8,0x00000007abd80000)
  to   space 12800K, 0% used [0x00000007ad780000,0x00000007ad780000,0x00000007ae400000)
 ParOldGen       total 44032K, used 21716K [0x0000000780000000, 0x0000000782b00000, 0x00000007aab00000)
  object space 44032K, 49% used [0x0000000780000000,0x00000007815352b0,0x0000000782b00000)
 Metaspace       used 20154K, capacity 21292K, committed 21296K, reserved 1067008K
  class space    used 2928K, capacity 3197K, committed 3200K, reserved 1048576K
}
Event: 10.842 GC heap before
{Heap before GC invocations=6 (full 1):
 PSYoungGen      total 18944K, used 2556K [0x00000007aab00000, 0x00000007ae400000, 0x00000007c0000000)
  eden space 16384K, 0% used [0x00000007aab00000,0x00000007aab00000,0x00000007abb00000)
  from space 2560K, 99% used [0x00000007abb00000,0x00000007abd7f3e8,0x00000007abd80000)
  to   space 12800K, 0% used [0x00000007ad780000,0x00000007ad780000,0x00000007ae400000)
 ParOldGen       total 44032K, used 21716K [0x0000000780000000, 0x0000000782b00000, 0x00000007aab00000)
  object space 44032K, 49% used [0x0000000780000000,0x00000007815352b0,0x0000000782b00000)
 Metaspace       used 20154K, capacity 21292K, committed 21296K, reserved 1067008K
  class space    used 2928K, capacity 3197K, committed 3200K, reserved 1048576K
Event: 10.904 GC heap after
Heap after GC invocations=6 (full 1):
 PSYoungGen      total 18944K, used 0K [0x00000007aab00000, 0x00000007ae400000, 0x00000007c0000000)
  eden space 16384K, 0% used [0x00000007aab00000,0x00000007aab00000,0x00000007abb00000)
  from space 2560K, 0% used [0x00000007abb00000,0x00000007abb00000,0x00000007abd80000)
  to   space 12800K, 0% used [0x00000007ad780000,0x00000007ad780000,0x00000007ae400000)
 ParOldGen       total 41472K, used 11625K [0x0000000780000000, 0x0000000782880000, 0x00000007aab00000)
  object space 41472K, 28% used [0x0000000780000000,0x0000000780b5a710,0x0000000782880000)
 Metaspace       used 20154K, capacity 21292K, committed 21296K, reserved 1067008K
  class space    used 2928K, capacity 3197K, committed 3200K, reserved 1048576K
}
Event: 14.921 GC heap before
{Heap before GC invocations=7 (full 1):
 PSYoungGen      total 18944K, used 16384K [0x00000007aab00000, 0x00000007ae400000, 0x00000007c0000000)
  eden space 16384K, 100% used [0x00000007aab00000,0x00000007abb00000,0x00000007abb00000)
  from space 2560K, 0% used [0x00000007abb00000,0x00000007abb00000,0x00000007abd80000)
  to   space 12800K, 0% used [0x00000007ad780000,0x00000007ad780000,0x00000007ae400000)
 ParOldGen       total 41472K, used 11625K [0x0000000780000000, 0x0000000782880000, 0x00000007aab00000)
  object space 41472K, 28% used [0x0000000780000000,0x0000000780b5a710,0x0000000782880000)
 Metaspace       used 21767K, capacity 22976K, committed 23168K, reserved 1069056K
  class space    used 3110K, capacity 3371K, committed 3456K, reserved 1048576K
Event: 14.953 GC heap after
Heap after GC invocations=7 (full 1):
 PSYoungGen      total 41472K, used 10772K [0x00000007aab00000, 0x00000007ae300000, 0x00000007c0000000)
  eden space 29696K, 0% used [0x00000007aab00000,0x00000007aab00000,0x00000007ac800000)
  from space 11776K, 91% used [0x00000007ad780000,0x00000007ae205308,0x00000007ae300000)
  to   space 13824K, 0% used [0x00000007ac800000,0x00000007ac800000,0x00000007ad580000)
 ParOldGen       total 41472K, used 11633K [0x0000000780000000, 0x0000000782880000, 0x00000007aab00000)
  object space 41472K, 28% used [0x0000000780000000,0x0000000780b5c710,0x0000000782880000)
 Metaspace       used 21767K, capacity 22976K, committed 23168K, reserved 1069056K
  class space    used 3110K, capacity 3371K, committed 3456K, reserved 1048576K
}
Event: 34.621 GC heap before
{Heap before GC invocations=8 (full 1):
 PSYoungGen      total 41472K, used 40468K [0x00000007aab00000, 0x00000007ae300000, 0x00000007c0000000)
  eden space 29696K, 100% used [0x00000007aab00000,0x00000007ac800000,0x00000007ac800000)
  from space 11776K, 91% used [0x00000007ad780000,0x00000007ae205308,0x00000007ae300000)
  to   space 13824K, 0% used [0x00000007ac800000,0x00000007ac800000,0x00000007ad580000)
 ParOldGen       total 41472K, used 11633K [0x0000000780000000, 0x0000000782880000, 0x00000007aab00000)
  object space 41472K, 28% used [0x0000000780000000,0x0000000780b5c710,0x0000000782880000)
 Metaspace       used 22102K, capacity 23328K, committed 23424K, reserved 1069056K
  class space    used 3122K, capacity 3403K, committed 3456K, reserved 1048576K
Event: 34.635 GC heap after
Heap after GC invocations=8 (full 1):
 PSYoungGen      total 43520K, used 13272K [0x00000007aab00000, 0x00000007afd00000, 0x00000007c0000000)
  eden space 29696K, 0% used [0x00000007aab00000,0x00000007aab00000,0x00000007ac800000)
  from space 13824K, 96% used [0x00000007ac800000,0x00000007ad4f6060,0x00000007ad580000)
  to   space 15872K, 0% used [0x00000007aed80000,0x00000007aed80000,0x00000007afd00000)
 ParOldGen       total 41472K, used 11641K [0x0000000780000000, 0x0000000782880000, 0x00000007aab00000)
  object space 41472K, 28% used [0x0000000780000000,0x0000000780b5e710,0x0000000782880000)
 Metaspace       used 22102K, capacity 23328K, committed 23424K, reserved 1069056K
  class space    used 3122K, capacity 3403K, committed 3456K, reserved 1048576K
}

Deoptimization events (10 events):
Event: 21.404 Thread 0x00007ff9e8965800 Uncommon trap: reason=unstable_if action=reinterpret pc=0x000000010789ea04 method=com.sun.media.sound.SoftAudioBuffer.get([BI)V @ 28
Event: 21.417 Thread 0x00007ff9e8965800 Uncommon trap: reason=unstable_if action=reinterpret pc=0x0000000107906114 method=com.sun.media.sound.SoftVoice.processAudioLogic([Lcom/sun/media/sound/SoftAudioBuffer;)V @ 319
Event: 24.701 Thread 0x00007ff9e46e3000 Uncommon trap: reason=unstable_if action=reinterpret pc=0x00000001079a7580 method=com.sun.media.sound.SoftReverb.processAudio()V @ 9
Event: 24.701 Thread 0x00007ff9e46e3000 Uncommon trap: reason=unstable_if action=reinterpret pc=0x00000001078db574 method=com.sun.media.sound.SoftReverb.processAudio()V @ 851
Event: 28.218 Thread 0x00007ff9e46e3000 Uncommon trap: reason=unstable_if action=reinterpret pc=0x0000000107281528 method=com.sun.media.sound.SoftReverb.processAudio()V @ 866
Event: 28.223 Thread 0x00007ff9e46e3000 Uncommon trap: reason=unstable_if action=reinterpret pc=0x000000010799868c method=com.sun.media.sound.SoftMainMixer.processAudioBuffers()V @ 1922
Event: 28.223 Thread 0x00007ff9e46e3000 Uncommon trap: reason=unstable_if action=reinterpret pc=0x0000000107993c64 method=com.sun.media.sound.SoftLimiter.processAudio()V @ 7
Event: 28.258 Thread 0x00007ff9e8965800 Uncommon trap: reason=unstable_if action=reinterpret pc=0x00000001078e5678 method=com.sun.media.sound.SoftMainMixer.processAudioBuffers()V @ 1423
Event: 31.618 Thread 0x00007ff9e905e800 Uncommon trap: reason=unstable_if action=reinterpret pc=0x0000000107225bf4 method=com.sun.media.sound.SoftChannel.controlChange(II)V @ 1255
Event: 31.619 Thread 0x00007ff9e905e800 Uncommon trap: reason=unstable_if action=reinterpret pc=0x0000000107123a24 method=com.sun.media.sound.SoftChannel.setPolyPressure(II)V @ 94

Internal exceptions (10 events):
Event: 1.078 Thread 0x00007ff9e4940800 Exception <a 'java/lang/NullPointerException'> (0x00000007ab64b3f0) thrown at [/Users/java_re/workspace/8-2-build-macosx-x86_64/jdk8u45/3457/hotspot/src/share/vm/prims/jvm.cpp, line 1386]
Event: 1.352 Thread 0x00007ff9e4940800 Implicit null exception at 0x00000001071a0035 to 0x00000001071a022d
Event: 1.445 Thread 0x00007ff9e4940800 Implicit null exception at 0x0000000107174475 to 0x00000001071747d5
Event: 2.454 Thread 0x00007ff9e4940800 Exception <a 'java/io/FileNotFoundException'> (0x00000007ab6c6760) thrown at [/Users/java_re/workspace/8-2-build-macosx-x86_64/jdk8u45/3457/hotspot/src/share/vm/prims/jni.cpp, line 709]
Event: 11.113 Thread 0x00007ff9e4940800 Implicit null exception at 0x000000010765604e to 0x00000001076560a5
Event: 21.396 Thread 0x00007ff9e905d800 Implicit null exception at 0x000000010789943c to 0x00000001078996bb
Event: 21.403 Thread 0x00007ff9e8965800 Implicit null exception at 0x00000001078ef037 to 0x00000001078f1ba1
Event: 21.403 Thread 0x00007ff9e8965800 Implicit null exception at 0x00000001078dd401 to 0x00000001078de839
Event: 21.404 Thread 0x00007ff9e8965800 Implicit null exception at 0x00000001078e2738 to 0x00000001078e3145
Event: 21.404 Thread 0x00007ff9e8965800 Implicit null exception at 0x000000010789e4d4 to 0x000000010789e9dd

Events (10 events):
Event: 34.651 Thread 0x00007ff9e3007800 Thread exited: 0x00007ff9e3007800
Event: 34.651 Thread 0x00007ff9e3800000 Thread exited: 0x00007ff9e3800000
Event: 34.651 Thread 0x00007ff9e8079800 Thread added: 0x00007ff9e8079800
Event: 34.651 Thread 0x00007ff9e4940800 Thread exited: 0x00007ff9e4940800
Event: 74.743 Executing VM operation: RevokeBias
Event: 74.743 Executing VM operation: RevokeBias done
Event: 223.319 Thread 0x00007ff9e8965800 DEOPT PACKING pc=0x00000001079c6c10 sp=0x0000700000a31820
Event: 223.319 Thread 0x00007ff9e8965800 DEOPT UNPACKING pc=0x0000000106fb0633 sp=0x0000700000a315a8 mode 0
Event: 249.443 Thread 0x00007ff9e46e3000 DEOPT PACKING pc=0x00000001079c6bc9 sp=0x0000700001c79820
Event: 249.443 Thread 0x00007ff9e46e3000 DEOPT UNPACKING pc=0x0000000106fb0633 sp=0x0000700001c795a8 mode 0


Dynamic libraries:
0x00000000041fb000 	/System/Library/Frameworks/Cocoa.framework/Versions/A/Cocoa
0x0000000104ab3000 	/System/Library/Frameworks/Security.framework/Versions/A/Security
0x00000000041fb000 	/System/Library/Frameworks/ApplicationServices.framework/Versions/A/ApplicationServices
0x00000000041fb000 	/usr/lib/libz.1.dylib
0x00000000041fb000 	/usr/lib/libSystem.B.dylib
0x00000000041fb000 	/usr/lib/libobjc.A.dylib
0x00000000041fb000 	/System/Library/Frameworks/CoreFoundation.framework/Versions/A/CoreFoundation
0x00000000041fb000 	/System/Library/Frameworks/Foundation.framework/Versions/C/Foundation
0x00000000041fb000 	/System/Library/Frameworks/AppKit.framework/Versions/C/AppKit
0x00000000041fb000 	/System/Library/Frameworks/CoreData.framework/Versions/A/CoreData
0x00000000041fb000 	/System/Library/PrivateFrameworks/RemoteViewServices.framework/Versions/A/RemoteViewServices
0x00000000041fb000 	/System/Library/PrivateFrameworks/UIFoundation.framework/Versions/A/UIFoundation
0x00000000041fb000 	/usr/lib/libScreenReader.dylib
0x00000000041fb000 	/System/Library/Frameworks/Accelerate.framework/Versions/A/Accelerate
0x00000000041fb000 	/System/Library/Frameworks/IOSurface.framework/Versions/A/IOSurface
0x00000000041fb000 	/System/Library/Frameworks/AudioToolbox.framework/Versions/A/AudioToolbox
0x00000000041fb000 	/System/Library/Frameworks/AudioUnit.framework/Versions/A/AudioUnit
0x00000000041fb000 	/System/Library/PrivateFrameworks/DataDetectorsCore.framework/Versions/A/DataDetectorsCore
0x00000000041fb000 	/System/Library/PrivateFrameworks/DesktopServicesPriv.framework/Versions/A/DesktopServicesPriv
0x00000000041fb000 	/System/Library/Frameworks/Carbon.framework/Versions/A/Frameworks/HIToolbox.framework/Versions/A/HIToolbox
0x00000000041fb000 	/System/Library/Frameworks/QuartzCore.framework/Versions/A/QuartzCore
0x00000000041fb000 	/System/Library/Frameworks/Carbon.framework/Versions/A/Frameworks/SpeechRecognition.framework/Versions/A/SpeechRecognition
0x00000000041fb000 	/usr/lib/libauto.dylib
0x00000000041fb000 	/usr/lib/libicucore.A.dylib
0x00000000041fb000 	/usr/lib/libxml2.2.dylib
0x00000000041fb000 	/System/Library/PrivateFrameworks/CoreUI.framework/Versions/A/CoreUI
0x00000000041fb000 	/System/Library/Frameworks/CoreAudio.framework/Versions/A/CoreAudio
0x00000000041fb000 	/System/Library/Frameworks/DiskArbitration.framework/Versions/A/DiskArbitration
0x00000000041fb000 	/usr/lib/liblangid.dylib
0x00000000041fb000 	/System/Library/PrivateFrameworks/MultitouchSupport.framework/Versions/A/MultitouchSupport
0x00000000041fb000 	/System/Library/Frameworks/IOKit.framework/Versions/A/IOKit
0x00000000041fb000 	/usr/lib/libDiagnosticMessagesClient.dylib
0x00000000041fb000 	/System/Library/Frameworks/CoreServices.framework/Versions/A/CoreServices
0x00000000041fb000 	/System/Library/PrivateFrameworks/PerformanceAnalysis.framework/Versions/A/PerformanceAnalysis
0x00000000041fb000 	/System/Library/PrivateFrameworks/GenerationalStorage.framework/Versions/A/GenerationalStorage
0x00000000041fb000 	/System/Library/Frameworks/OpenGL.framework/Versions/A/OpenGL
0x00000000041fb000 	/System/Library/PrivateFrameworks/Sharing.framework/Versions/A/Sharing
0x00000000041fb000 	/System/Library/Frameworks/CoreGraphics.framework/Versions/A/CoreGraphics
0x00000000041fb000 	/System/Library/Frameworks/CoreImage.framework/Versions/A/CoreImage
0x00000000041fb000 	/System/Library/Frameworks/CoreText.framework/Versions/A/CoreText
0x00000000041fb000 	/System/Library/Frameworks/ImageIO.framework/Versions/A/ImageIO
0x00000000041fb000 	/System/Library/PrivateFrameworks/Backup.framework/Versions/A/Backup
0x00000000041fb000 	/usr/lib/libextension.dylib
0x00000000041fb000 	/usr/lib/libarchive.2.dylib
0x0000000104ed3000 	/System/Library/Frameworks/CFNetwork.framework/Versions/A/CFNetwork
0x00000000041fb000 	/System/Library/Frameworks/SystemConfiguration.framework/Versions/A/SystemConfiguration
0x00000000041fb000 	/usr/lib/libCRFSuite.dylib
0x00000000041fb000 	/usr/lib/libc++.1.dylib
0x00000000041fb000 	/usr/lib/libc++abi.dylib
0x00000000041fb000 	/usr/lib/system/libcache.dylib
0x00000000041fb000 	/usr/lib/system/libcommonCrypto.dylib
0x00000000041fb000 	/usr/lib/system/libcompiler_rt.dylib
0x00000000041fb000 	/usr/lib/system/libcopyfile.dylib
0x00000000041fb000 	/usr/lib/system/libcorecrypto.dylib
0x00000000041fb000 	/usr/lib/system/libdispatch.dylib
0x00000000041fb000 	/usr/lib/system/libdyld.dylib
0x00000000041fb000 	/usr/lib/system/libkeymgr.dylib
0x0000000105347000 	/usr/lib/system/liblaunch.dylib
0x00000000041fb000 	/usr/lib/system/libmacho.dylib
0x00000000041fb000 	/usr/lib/system/libquarantine.dylib
0x00000000041fb000 	/usr/lib/system/libremovefile.dylib
0x00000000041fb000 	/usr/lib/system/libsystem_asl.dylib
0x00000000041fb000 	/usr/lib/system/libsystem_blocks.dylib
0x00000000041fb000 	/usr/lib/system/libsystem_c.dylib
0x00000000041fb000 	/usr/lib/system/libsystem_configuration.dylib
0x00000000041fb000 	/usr/lib/system/libsystem_coreservices.dylib
0x00000000041fb000 	/usr/lib/system/libsystem_coretls.dylib
0x00000000041fb000 	/usr/lib/system/libsystem_dnssd.dylib
0x00000000041fb000 	/usr/lib/system/libsystem_info.dylib
0x00000000041fb000 	/usr/lib/system/libsystem_kernel.dylib
0x00000000041fb000 	/usr/lib/system/libsystem_m.dylib
0x00000000041fb000 	/usr/lib/system/libsystem_malloc.dylib
0x00000000041fb000 	/usr/lib/system/libsystem_network.dylib
0x00000000041fb000 	/usr/lib/system/libsystem_networkextension.dylib
0x00000000041fb000 	/usr/lib/system/libsystem_notify.dylib
0x00000000041fb000 	/usr/lib/system/libsystem_platform.dylib
0x00000000041fb000 	/usr/lib/system/libsystem_pthread.dylib
0x0000000105355000 	/usr/lib/system/libsystem_sandbox.dylib
0x00000000041fb000 	/usr/lib/system/libsystem_secinit.dylib
0x00000000041fb000 	/usr/lib/system/libsystem_trace.dylib
0x00000000041fb000 	/usr/lib/system/libunc.dylib
0x00000000041fb000 	/usr/lib/system/libunwind.dylib
0x0000000105365000 	/usr/lib/system/libxpc.dylib
0x00000000041fb000 	/usr/lib/libenergytrace.dylib
0x00000000041fb000 	/usr/lib/libbsm.0.dylib
0x00000000041fb000 	/usr/lib/system/libkxld.dylib
0x00000000041fb000 	/usr/lib/libxar.1.dylib
0x00000000041fb000 	/usr/lib/libsqlite3.dylib
0x00000000041fb000 	/usr/lib/libpam.2.dylib
0x00000000041fb000 	/usr/lib/libOpenScriptingUtil.dylib
0x00000000041fb000 	/usr/lib/libbz2.1.0.dylib
0x00000000041fb000 	/usr/lib/liblzma.5.dylib
0x00000000041fb000 	/System/Library/Frameworks/CoreServices.framework/Versions/A/Frameworks/FSEvents.framework/Versions/A/FSEvents
0x00000000041fb000 	/System/Library/Frameworks/CoreServices.framework/Versions/A/Frameworks/CarbonCore.framework/Versions/A/CarbonCore
0x00000000041fb000 	/System/Library/Frameworks/CoreServices.framework/Versions/A/Frameworks/Metadata.framework/Versions/A/Metadata
0x00000000041fb000 	/System/Library/Frameworks/CoreServices.framework/Versions/A/Frameworks/OSServices.framework/Versions/A/OSServices
0x00000000041fb000 	/System/Library/Frameworks/CoreServices.framework/Versions/A/Frameworks/SearchKit.framework/Versions/A/SearchKit
0x00000000041fb000 	/System/Library/Frameworks/CoreServices.framework/Versions/A/Frameworks/AE.framework/Versions/A/AE
0x00000000041fb000 	/System/Library/Frameworks/CoreServices.framework/Versions/A/Frameworks/LaunchServices.framework/Versions/A/LaunchServices
0x00000000041fb000 	/System/Library/Frameworks/CoreServices.framework/Versions/A/Frameworks/DictionaryServices.framework/Versions/A/DictionaryServices
0x00000000041fb000 	/System/Library/Frameworks/CoreServices.framework/Versions/A/Frameworks/SharedFileList.framework/Versions/A/SharedFileList
0x00000000041fb000 	/System/Library/Frameworks/NetFS.framework/Versions/A/NetFS
0x00000000041fb000 	/System/Library/PrivateFrameworks/NetAuth.framework/Versions/A/NetAuth
0x00000000041fb000 	/System/Library/PrivateFrameworks/login.framework/Versions/A/Frameworks/loginsupport.framework/Versions/A/loginsupport
0x00000000041fb000 	/System/Library/PrivateFrameworks/TCC.framework/Versions/A/TCC
0x00000000041fb000 	/usr/lib/libmecabra.dylib
0x00000000041fb000 	/System/Library/Frameworks/ApplicationServices.framework/Versions/A/Frameworks/ATS.framework/Versions/A/ATS
0x00000000041fb000 	/System/Library/Frameworks/ApplicationServices.framework/Versions/A/Frameworks/ColorSync.framework/Versions/A/ColorSync
0x00000000041fb000 	/System/Library/Frameworks/ApplicationServices.framework/Versions/A/Frameworks/HIServices.framework/Versions/A/HIServices
0x00000000041fb000 	/System/Library/Frameworks/ApplicationServices.framework/Versions/A/Frameworks/LangAnalysis.framework/Versions/A/LangAnalysis
0x00000000041fb000 	/System/Library/Frameworks/ApplicationServices.framework/Versions/A/Frameworks/PrintCore.framework/Versions/A/PrintCore
0x00000000041fb000 	/System/Library/Frameworks/ApplicationServices.framework/Versions/A/Frameworks/QD.framework/Versions/A/QD
0x00000000041fb000 	/System/Library/Frameworks/ApplicationServices.framework/Versions/A/Frameworks/SpeechSynthesis.framework/Versions/A/SpeechSynthesis
0x00000000041fb000 	/System/Library/Frameworks/Metal.framework/Versions/A/Metal
0x00000000041fb000 	/System/Library/Frameworks/Accelerate.framework/Versions/A/Frameworks/vImage.framework/Versions/A/vImage
0x00000000041fb000 	/System/Library/Frameworks/Accelerate.framework/Versions/A/Frameworks/vecLib.framework/Versions/A/vecLib
0x00000000041fb000 	/System/Library/Frameworks/Accelerate.framework/Versions/A/Frameworks/vecLib.framework/Versions/A/libvDSP.dylib
0x00000000041fb000 	/System/Library/Frameworks/Accelerate.framework/Versions/A/Frameworks/vecLib.framework/Versions/A/libvMisc.dylib
0x00000000041fb000 	/System/Library/Frameworks/Accelerate.framework/Versions/A/Frameworks/vecLib.framework/Versions/A/libLAPACK.dylib
0x00000000041fb000 	/System/Library/Frameworks/Accelerate.framework/Versions/A/Frameworks/vecLib.framework/Versions/A/libBLAS.dylib
0x00000000041fb000 	/System/Library/Frameworks/Accelerate.framework/Versions/A/Frameworks/vecLib.framework/Versions/A/libLinearAlgebra.dylib
0x00000000041fb000 	/System/Library/Frameworks/Accelerate.framework/Versions/A/Frameworks/vecLib.framework/Versions/A/libSparseBLAS.dylib
0x00000000041fb000 	/System/Library/PrivateFrameworks/GPUCompiler.framework/libmetal_timestamp.dylib
0x00000000041fb000 	/System/Library/Frameworks/OpenGL.framework/Versions/A/Libraries/libCoreFSCache.dylib
0x00000000041fb000 	/System/Library/PrivateFrameworks/IOAccelerator.framework/Versions/A/IOAccelerator
0x00000000041fb000 	/System/Library/Frameworks/ApplicationServices.framework/Versions/A/Frameworks/ATS.framework/Versions/A/Resources/libFontParser.dylib
0x00000000041fb000 	/System/Library/Frameworks/ApplicationServices.framework/Versions/A/Frameworks/ATS.framework/Versions/A/Resources/libFontRegistry.dylib
0x00000000041fb000 	/System/Library/PrivateFrameworks/AppleVPA.framework/Versions/A/AppleVPA
0x00000000041fb000 	/System/Library/PrivateFrameworks/AppleJPEG.framework/Versions/A/AppleJPEG
0x00000000041fb000 	/System/Library/Frameworks/ImageIO.framework/Versions/A/Resources/libJPEG.dylib
0x00000000041fb000 	/System/Library/Frameworks/ImageIO.framework/Versions/A/Resources/libTIFF.dylib
0x00000000041fb000 	/System/Library/Frameworks/ImageIO.framework/Versions/A/Resources/libPng.dylib
0x00000000041fb000 	/System/Library/Frameworks/ImageIO.framework/Versions/A/Resources/libGIF.dylib
0x00000000041fb000 	/System/Library/Frameworks/ImageIO.framework/Versions/A/Resources/libJP2.dylib
0x00000000041fb000 	/System/Library/Frameworks/ImageIO.framework/Versions/A/Resources/libRadiance.dylib
0x00000000041fb000 	/System/Library/Frameworks/CoreVideo.framework/Versions/A/CoreVideo
0x00000000041fb000 	/System/Library/Frameworks/OpenGL.framework/Versions/A/Libraries/libGLU.dylib
0x00000000041fb000 	/System/Library/Frameworks/OpenGL.framework/Versions/A/Libraries/libGFXShared.dylib
0x00000000041fb000 	/System/Library/Frameworks/OpenGL.framework/Versions/A/Libraries/libGL.dylib
0x00000000041fb000 	/System/Library/Frameworks/OpenGL.framework/Versions/A/Libraries/libGLImage.dylib
0x00000000041fb000 	/System/Library/Frameworks/OpenGL.framework/Versions/A/Libraries/libCVMSPluginSupport.dylib
0x00000000041fb000 	/System/Library/Frameworks/OpenGL.framework/Versions/A/Libraries/libCoreVMClient.dylib
0x00000000041fb000 	/usr/lib/libcompression.dylib
0x00000000041fb000 	/usr/lib/libcups.2.dylib
0x00000000041fb000 	/System/Library/Frameworks/Kerberos.framework/Versions/A/Kerberos
0x00000000041fb000 	/System/Library/Frameworks/GSS.framework/Versions/A/GSS
0x00000000041fb000 	/usr/lib/libresolv.9.dylib
0x00000000041fb000 	/usr/lib/libiconv.2.dylib
0x00000000041fb000 	/System/Library/PrivateFrameworks/Heimdal.framework/Versions/A/Heimdal
0x00000000041fb000 	/usr/lib/libheimdal-asn1.dylib
0x00000000041fb000 	/System/Library/Frameworks/OpenDirectory.framework/Versions/A/OpenDirectory
0x00000000041fb000 	/System/Library/PrivateFrameworks/CommonAuth.framework/Versions/A/CommonAuth
0x00000000041fb000 	/System/Library/Frameworks/OpenDirectory.framework/Versions/A/Frameworks/CFOpenDirectory.framework/Versions/A/CFOpenDirectory
0x00000000041fb000 	/System/Library/Frameworks/SecurityFoundation.framework/Versions/A/SecurityFoundation
0x00000000041fb000 	/System/Library/PrivateFrameworks/LanguageModeling.framework/Versions/A/LanguageModeling
0x00000000041fb000 	/usr/lib/libmarisa.dylib
0x00000000041fb000 	/usr/lib/libChineseTokenizer.dylib
0x00000000041fb000 	/usr/lib/libcmph.dylib
0x00000001053b1000 	/System/Library/Frameworks/ServiceManagement.framework/Versions/A/ServiceManagement
0x00000000041fb000 	/usr/lib/libxslt.1.dylib
0x00000000041fb000 	/System/Library/Frameworks/Carbon.framework/Versions/A/Frameworks/Ink.framework/Versions/A/Ink
0x00000000041fb000 	/usr/lib/libFosl_dynamic.dylib
0x00000000041fb000 	/System/Library/PrivateFrameworks/FaceCore.framework/Versions/A/FaceCore
0x00000000041fb000 	/System/Library/Frameworks/OpenCL.framework/Versions/A/OpenCL
0x00000000041fb000 	/System/Library/PrivateFrameworks/CrashReporterSupport.framework/Versions/A/CrashReporterSupport
0x00000000041fb000 	/System/Library/PrivateFrameworks/IconServices.framework/Versions/A/IconServices
0x00000000041fb000 	/System/Library/PrivateFrameworks/Apple80211.framework/Versions/A/Apple80211
0x00000000041fb000 	/System/Library/Frameworks/CoreWLAN.framework/Versions/A/CoreWLAN
0x00000000041fb000 	/System/Library/Frameworks/IOBluetooth.framework/Versions/A/IOBluetooth
0x00000000041fb000 	/System/Library/PrivateFrameworks/CoreWiFi.framework/Versions/A/CoreWiFi
0x00000000041fb000 	/System/Library/Frameworks/CoreBluetooth.framework/Versions/A/CoreBluetooth
0x00000000041fb000 	/System/Library/PrivateFrameworks/ChunkingLibrary.framework/Versions/A/ChunkingLibrary
0x00000000041fb000 	/System/Library/PrivateFrameworks/DebugSymbols.framework/Versions/A/DebugSymbols
0x00000000041fb000 	/System/Library/PrivateFrameworks/CoreSymbolication.framework/Versions/A/CoreSymbolication
0x00000000041fb000 	/System/Library/PrivateFrameworks/Symbolication.framework/Versions/A/Symbolication
0x00000000041fb000 	/System/Library/PrivateFrameworks/SpeechRecognitionCore.framework/Versions/A/SpeechRecognitionCore
0x0000000106000000 	/Library/Java/JavaVirtualMachines/jdk1.8.0_45.jdk/Contents/Home/jre/lib/server/libjvm.dylib
0x00000000041fb000 	/usr/lib/libstdc++.6.dylib
0x0000000105616000 	/Library/Java/JavaVirtualMachines/jdk1.8.0_45.jdk/Contents/Home/jre/lib/libverify.dylib
0x0000000105624000 	/Library/Java/JavaVirtualMachines/jdk1.8.0_45.jdk/Contents/Home/jre/lib/libjava.dylib
0x0000000105661000 	/Library/Java/JavaVirtualMachines/jdk1.8.0_45.jdk/Contents/Home/jre/lib/libzip.dylib
0x000000011a1d0000 	/System/Library/Frameworks/JavaVM.framework/Frameworks/JavaRuntimeSupport.framework/JavaRuntimeSupport
0x000000011a1eb000 	/System/Library/Frameworks/JavaVM.framework/Versions/A/Frameworks/JavaNativeFoundation.framework/Versions/A/JavaNativeFoundation
0x000000011a200000 	/System/Library/Frameworks/JavaVM.framework/Versions/A/JavaVM
0x00000000041fb000 	/System/Library/Frameworks/Carbon.framework/Versions/A/Carbon
0x000000011a20d000 	/System/Library/PrivateFrameworks/JavaLaunching.framework/Versions/A/JavaLaunching
0x00000000041fb000 	/System/Library/Frameworks/Carbon.framework/Versions/A/Frameworks/CommonPanels.framework/Versions/A/CommonPanels
0x00000000041fb000 	/System/Library/Frameworks/Carbon.framework/Versions/A/Frameworks/Help.framework/Versions/A/Help
0x00000000041fb000 	/System/Library/Frameworks/Carbon.framework/Versions/A/Frameworks/ImageCapture.framework/Versions/A/ImageCapture
0x00000000041fb000 	/System/Library/Frameworks/Carbon.framework/Versions/A/Frameworks/OpenScripting.framework/Versions/A/OpenScripting
0x00000000041fb000 	/System/Library/Frameworks/Carbon.framework/Versions/A/Frameworks/Print.framework/Versions/A/Print
0x00000000041fb000 	/System/Library/Frameworks/Carbon.framework/Versions/A/Frameworks/SecurityHI.framework/Versions/A/SecurityHI
0x000000011bbc1000 	/Library/Java/JavaVirtualMachines/jdk1.8.0_45.jdk/Contents/Home/jre/lib/libprism_es2.dylib
0x000000011bc39000 	/System/Library/Frameworks/OpenGL.framework/Resources/GLEngine.bundle/GLEngine
0x00000000041fb000 	/System/Library/Frameworks/OpenGL.framework/Versions/A/Libraries/libGLProgrammability.dylib
0x000000011be21000 	/System/Library/Extensions/AppleIntelHD5000GraphicsGLDriver.bundle/Contents/MacOS/AppleIntelHD5000GraphicsGLDriver
0x00000000041fb000 	/System/Library/PrivateFrameworks/GPUSupport.framework/Versions/A/Libraries/libGPUSupportMercury.dylib
0x000000011c574000 	/System/Library/Frameworks/OpenGL.framework/Resources//GLRendererFloat.bundle/GLRendererFloat
0x00000000041fb000 	/System/Library/Frameworks/OpenCL.framework/Versions/A/Libraries/libcldcpuengine.dylib
0x00000000041fb000 	/System/Library/PrivateFrameworks/DiskImages.framework/Versions/A/DiskImages
0x00000000041fb000 	/System/Library/Frameworks/DiscRecording.framework/Versions/A/DiscRecording
0x00000000041fb000 	/usr/lib/libcsfde.dylib
0x00000000041fb000 	/usr/lib/libcurl.4.dylib
0x00000000041fb000 	/System/Library/PrivateFrameworks/MediaKit.framework/Versions/A/MediaKit
0x00000000041fb000 	/System/Library/PrivateFrameworks/ProtectedCloudStorage.framework/Versions/A/ProtectedCloudStorage
0x00000000041fb000 	/usr/lib/libCoreStorage.dylib
0x00000000041fb000 	/System/Library/PrivateFrameworks/EFILogin.framework/Versions/A/EFILogin
0x00000000041fb000 	/usr/lib/libutil.dylib
0x00000000041fb000 	/System/Library/PrivateFrameworks/FindMyDevice.framework/Versions/A/FindMyDevice
0x00000000041fb000 	/System/Library/Frameworks/LDAP.framework/Versions/A/LDAP
0x00000000041fb000 	/usr/lib/libsasl2.2.dylib
0x00000000041fb000 	/System/Library/PrivateFrameworks/CoreDaemon.framework/Versions/B/CoreDaemon
0x00000000041fb000 	/usr/lib/libcrypto.0.9.8.dylib
0x00000000041fb000 	/System/Library/PrivateFrameworks/AppleSRP.framework/Versions/A/AppleSRP
0x00000000041fb000 	/System/Library/PrivateFrameworks/TrustEvaluationAgent.framework/Versions/A/TrustEvaluationAgent
0x000000011c9d6000 	/Library/Java/JavaVirtualMachines/jdk1.8.0_45.jdk/Contents/Home/jre/lib/libglass.dylib
0x00000000041fb000 	/System/Library/PrivateFrameworks/CoreServicesInternal.framework/Versions/A/CoreServicesInternal
0x000000011ce1f000 	/System/Library/CoreServices/RawCamera.bundle/Contents/MacOS/RawCamera
0x00000000041fb000 	/System/Library/Frameworks/CoreGraphics.framework/Versions/A/Resources/libRIP.A.dylib
0x000000011d23d000 	/System/Library/Frameworks/Accelerate.framework/Frameworks/vImage.framework/Versions/A/Libraries/libCGInterfaces.dylib
0x00000000041fb000 	/System/Library/PrivateFrameworks/FamilyControls.framework/Versions/A/FamilyControls
0x00000000041fb000 	/System/Library/PrivateFrameworks/CommerceKit.framework/Versions/A/Frameworks/CommerceCore.framework/Versions/A/CommerceCore
0x00000000041fb000 	/System/Library/PrivateFrameworks/SystemAdministration.framework/Versions/A/SystemAdministration
0x00000000041fb000 	/System/Library/PrivateFrameworks/AppContainer.framework/Versions/A/AppContainer
0x00000000041fb000 	/System/Library/PrivateFrameworks/SecCodeWrapper.framework/Versions/A/SecCodeWrapper
0x00000000041fb000 	/System/Library/Frameworks/DirectoryService.framework/Versions/A/DirectoryService
0x00000000041fb000 	/System/Library/PrivateFrameworks/LoginUIKit.framework/Versions/A/Frameworks/LoginUICore.framework/Versions/A/LoginUICore
0x00000000041fb000 	/usr/lib/libodfde.dylib
0x000000011dafe000 	/Library/Java/JavaVirtualMachines/jdk1.8.0_45.jdk/Contents/Home/jre/lib/libjavafx_font.dylib
0x00000000041fb000 	/System/Library/Frameworks/CoreGraphics.framework/Versions/A/Resources/libCGXType.A.dylib
0x0000000120cba000 	cl_kernels
0x00000000041fb000 	/System/Library/Frameworks/OpenCL.framework/Versions/A/Libraries/ImageFormats/unorm8_bgra.dylib
0x00000000041fb000 	/System/Library/Frameworks/OpenCL.framework/Versions/A/Libraries/ImageFormats/unorm8_rgba.dylib
0x0000000120d0d000 	/Library/Java/JavaVirtualMachines/jdk1.8.0_45.jdk/Contents/Home/jre/lib/libprism_common.dylib
0x0000000120ddd000 	/System/Library/Extensions/AppleIntelHD5000GraphicsMTLDriver.bundle/Contents/MacOS/AppleIntelHD5000GraphicsMTLDriver
0x0000000120f4e000 	/System/Library/Frameworks/Security.framework/PlugIns/csparser.bundle/Contents/MacOS/csparser
0x00000000041fb000 	/System/Library/PrivateFrameworks/FinderKit.framework/Versions/A/FinderKit
0x00000000041fb000 	/System/Library/Frameworks/Quartz.framework/Versions/A/Frameworks/QuickLookUI.framework/Versions/A/QuickLookUI
0x00000000041fb000 	/System/Library/Frameworks/Quartz.framework/Versions/A/Frameworks/ImageKit.framework/Versions/A/ImageKit
0x00000000041fb000 	/System/Library/PrivateFrameworks/Bom.framework/Versions/A/Bom
0x00000000041fb000 	/System/Library/Frameworks/QuickLook.framework/Versions/A/QuickLook
0x00000000041fb000 	/System/Library/PrivateFrameworks/Suggestions.framework/Versions/A/Suggestions
0x00000000041fb000 	/System/Library/PrivateFrameworks/AppleSystemInfo.framework/Versions/A/AppleSystemInfo
0x00000000041fb000 	/System/Library/Frameworks/ImageCaptureCore.framework/Versions/A/ImageCaptureCore
0x0000000121c61000 	/System/Library/PrivateFrameworks/SafariServices.framework/Versions/A/SafariServices
0x00000000041fb000 	/usr/lib/libspindump.dylib
0x00000000041fb000 	/System/Library/Frameworks/QTKit.framework/Versions/A/QTKit
0x00000000041fb000 	/System/Library/Frameworks/AVFoundation.framework/Versions/A/AVFoundation
0x00000000041fb000 	/System/Library/Frameworks/CoreMedia.framework/Versions/A/CoreMedia
0x00000000041fb000 	/System/Library/Frameworks/MediaToolbox.framework/Versions/A/MediaToolbox
0x00000000041fb000 	/System/Library/Frameworks/VideoToolbox.framework/Versions/A/VideoToolbox
0x00000000041fb000 	/System/Library/PrivateFrameworks/CoreMediaAuthoring.framework/Versions/A/CoreMediaAuthoring
0x00000000041fb000 	/System/Library/Frameworks/CoreMediaIO.framework/Versions/A/CoreMediaIO
0x00000000041fb000 	/System/Library/Frameworks/AVFoundation.framework/Versions/A/Resources/libAVFAudio.dylib
0x00000000041fb000 	/System/Library/PrivateFrameworks/CoreAVCHD.framework/Versions/A/CoreAVCHD
0x00000000041fb000 	/System/Library/Frameworks/MediaAccessibility.framework/Versions/A/MediaAccessibility
0x00000000041fb000 	/System/Library/PrivateFrameworks/Mangrove.framework/Versions/A/Mangrove
0x00000000041fb000 	/System/Library/PrivateFrameworks/CoreAUC.framework/Versions/A/CoreAUC
0x00000000041fb000 	/System/Library/PrivateFrameworks/AppleVA.framework/Versions/A/AppleVA
0x00000000041fb000 	/System/Library/PrivateFrameworks/XPCService.framework/Versions/A/XPCService
0x00000000041fb000 	/System/Library/PrivateFrameworks/AppSandbox.framework/Versions/A/AppSandbox
0x000000012215a000 	/usr/lib/libsandbox.1.dylib
0x00000000041fb000 	/usr/lib/libMatch.1.dylib
0x00000000041fb000 	/System/Library/PrivateFrameworks/DisplayServices.framework/Versions/A/DisplayServices
0x00000000041fb000 	/System/Library/Frameworks/Quartz.framework/Versions/A/Frameworks/PDFKit.framework/Versions/A/PDFKit
0x00000000041fb000 	/System/Library/Frameworks/Quartz.framework/Versions/A/Frameworks/QuartzComposer.framework/Versions/A/QuartzComposer
0x00000000041fb000 	/System/Library/Frameworks/Quartz.framework/Versions/A/Frameworks/QuartzFilters.framework/Versions/A/QuartzFilters
0x00000000041fb000 	/System/Library/PrivateFrameworks/CorePDF.framework/Versions/A/CorePDF
0x00000001247b7000 	/System/Library/Frameworks/JavaScriptCore.framework/Versions/A/JavaScriptCore
0x00000000041fb000 	/System/Library/PrivateFrameworks/AppleFSCompression.framework/Versions/A/AppleFSCompression
0x00000000041fb000 	/System/Library/Frameworks/AddressBook.framework/Versions/A/AddressBook
0x00000000041fb000 	/System/Library/PrivateFrameworks/ContactsPersistence.framework/Versions/A/ContactsPersistence
0x00000000041fb000 	/System/Library/PrivateFrameworks/ContactsFoundation.framework/Versions/A/ContactsFoundation
0x00000000041fb000 	/System/Library/PrivateFrameworks/vCard.framework/Versions/A/vCard
0x00000000041fb000 	/System/Library/PrivateFrameworks/IntlPreferences.framework/Versions/A/IntlPreferences
0x00000000041fb000 	/System/Library/PrivateFrameworks/ToneLibrary.framework/Versions/A/ToneLibrary
0x00000000041fb000 	/System/Library/PrivateFrameworks/ToneKit.framework/Versions/A/ToneKit
0x00000000041fb000 	/System/Library/PrivateFrameworks/ApplePushService.framework/Versions/A/ApplePushService
0x00000000041fb000 	/System/Library/Frameworks/SecurityInterface.framework/Versions/A/SecurityInterface
0x00000000041fb000 	/System/Library/PrivateFrameworks/PhoneNumbers.framework/Versions/A/PhoneNumbers
0x00000000041fb000 	/System/Library/PrivateFrameworks/ViewBridge.framework/Versions/A/ViewBridge
0x00000000041fb000 	/System/Library/Frameworks/Quartz.framework/Versions/A/Quartz
0x00000000041fb000 	/System/Library/PrivateFrameworks/CloudDocs.framework/Versions/A/CloudDocs
0x00000000041fb000 	/System/Library/PrivateFrameworks/CoreDuet.framework/Versions/A/CoreDuet
0x00000000041fb000 	/System/Library/Frameworks/CloudKit.framework/Versions/A/CloudKit
0x00000000041fb000 	/System/Library/PrivateFrameworks/ProtocolBuffer.framework/Versions/A/ProtocolBuffer
0x00000000041fb000 	/System/Library/PrivateFrameworks/CoreDuetDaemonProtocol.framework/Versions/A/CoreDuetDaemonProtocol
0x00000000041fb000 	/System/Library/PrivateFrameworks/CoreDuetDebugLogging.framework/Versions/A/CoreDuetDebugLogging
0x00000000041fb000 	/System/Library/PrivateFrameworks/MMCS.framework/Versions/A/MMCS
0x00000000041fb000 	/System/Library/Frameworks/CoreLocation.framework/Versions/A/CoreLocation
0x00000000041fb000 	/System/Library/PrivateFrameworks/AssetCacheServices.framework/Versions/A/AssetCacheServices
0x00000000041fb000 	/System/Library/PrivateFrameworks/GeoServices.framework/Versions/A/GeoServices
0x00000000041fb000 	/System/Library/PrivateFrameworks/PlugInKit.framework/Versions/A/PlugInKit
0x00000000041fb000 	/System/Library/PrivateFrameworks/iLifeMediaBrowser.framework/Versions/A/iLifeMediaBrowser
0x00000000041fb000 	/System/Library/Frameworks/AVKit.framework/Versions/A/AVKit
0x00000000041fb000 	/System/Library/PrivateFrameworks/CacheDelete.framework/Versions/A/CacheDelete
0x00000001207c8000 	/Library/Java/JavaVirtualMachines/jdk1.8.0_45.jdk/Contents/Home/jre/lib/libjsound.dylib
0x0000000121bd4000 	/System/Library/Frameworks/CoreMIDI.framework/Versions/A/CoreMIDI
0x0000000121c96000 	/usr/lib/libexpat.1.dylib
0x000000011daa3000 	/System/Library/Extensions/AppleHDA.kext/Contents/PlugIns/AppleHDAHALPlugIn.bundle/Contents/MacOS/AppleHDAHALPlugIn
0x0000000120bd2000 	/Library/Java/JavaVirtualMachines/jdk1.8.0_45.jdk/Contents/Home/jre/lib/libosx.dylib
0x0000000121cb9000 	/Library/Java/JavaVirtualMachines/jdk1.8.0_45.jdk/Contents/Home/jre/lib/./libosxapp.dylib
0x00000000041fb000 	/System/Library/Frameworks/ExceptionHandling.framework/Versions/A/ExceptionHandling
0x0000000123f0f000 	/System/Library/Components/CoreAudio.component/Contents/MacOS/CoreAudio

VM Arguments:
jvm_args: -Dfile.encoding=UTF-8 
java_command: regioeditor.RegioEditor
java_class_path (initial): /Users/samuelchen/Documents/cse 219 hw/SimpleAppFramework/build/classes:/Users/samuelchen/Documents/cse 219 hw/javax.json-1.0.4.jar:/Users/samuelchen/Documents/cse 219 hw/PropertiesManager/build/classes:/Users/samuelchen/Documents/cse 219 hw/XMLUtilities/build/classes:/Users/samuelchen/NetBeansProjects/RegioEditor/build/classes
Launcher Type: SUN_STANDARD

Environment Variables:
PATH=/usr/bin:/bin:/usr/sbin:/sbin
LD_LIBRARY_PATH=/Library/Java/JavaVirtualMachines/jdk1.8.0_45.jdk/Contents/Home/jre/lib/amd64:/Library/Java/JavaVirtualMachines/jdk1.8.0_45.jdk/Contents/Home/jre/lib/i386:
SHELL=/bin/bash

Signal Handlers:
SIGSEGV: [libjvm.dylib+0x58ef95], sa_mask[0]=11111111011111110111111111111111, sa_flags=SA_ONSTACK|SA_RESTART|SA_SIGINFO
SIGBUS: [libjvm.dylib+0x58ef95], sa_mask[0]=11111111011111110111111111111111, sa_flags=SA_RESTART|SA_SIGINFO
SIGFPE: [libjvm.dylib+0x46c108], sa_mask[0]=11111111011111110111111111111111, sa_flags=SA_RESTART|SA_SIGINFO
SIGPIPE: [libjvm.dylib+0x46c108], sa_mask[0]=11111111011111110111111111111111, sa_flags=SA_RESTART|SA_SIGINFO
SIGXFSZ: [libjvm.dylib+0x46c108], sa_mask[0]=11111111011111110111111111111111, sa_flags=SA_RESTART|SA_SIGINFO
SIGILL: [libjvm.dylib+0x46c108], sa_mask[0]=11111111011111110111111111111111, sa_flags=SA_RESTART|SA_SIGINFO
SIGUSR1: SIG_DFL, sa_mask[0]=00000000000000000000000000000000, sa_flags=none
SIGUSR2: [libjvm.dylib+0x46bc26], sa_mask[0]=00100000000000000000000000000000, sa_flags=SA_RESTART|SA_SIGINFO
SIGHUP: [libjvm.dylib+0x46a1f9], sa_mask[0]=11111111011111110111111111111111, sa_flags=SA_RESTART|SA_SIGINFO
SIGINT: SIG_IGN, sa_mask[0]=00000000000000000000000000000000, sa_flags=none
SIGTERM: [libjvm.dylib+0x46a1f9], sa_mask[0]=11111111011111110111111111111111, sa_flags=SA_RESTART|SA_SIGINFO
SIGQUIT: [libjvm.dylib+0x46a1f9], sa_mask[0]=11111111011111110111111111111111, sa_flags=SA_RESTART|SA_SIGINFO


---------------  S Y S T E M  ---------------

OS:Bsduname:Darwin 15.5.0 Darwin Kernel Version 15.5.0: Tue Apr 19 18:36:36 PDT 2016; root:xnu-3248.50.21~8/RELEASE_X86_64 x86_64
rlimit: STACK 8192k, CORE 0k, NPROC 709, NOFILE 10240, AS infinity
load average:1.75 1.77 1.58

CPU:total 4 (2 cores per cpu, 2 threads per core) family 6 model 69 stepping 1, cmov, cx8, fxsr, mmx, sse, sse2, sse3, ssse3, sse4.1, sse4.2, popcnt, avx, avx2, aes, clmul, erms, lzcnt, ht, tsc, tscinvbit, bmi1, bmi2

Memory: 4k page, physical 4194304k(32252k free)

/proc/meminfo:


vm_info: Java HotSpot(TM) 64-Bit Server VM (25.45-b02) for bsd-amd64 JRE (1.8.0_45-b14), built on Apr 10 2015 10:46:38 by "java_re" with gcc 4.2.1 (Based on Apple Inc. build 5658) (LLVM build 2336.11.00)

time: Tue Jul 12 20:36:40 2016
elapsed time: 311 seconds (0d 0h 5m 11s)

